
                            < M A T L A B (R) >
                  Copyright 1984-2022 The MathWorks, Inc.
             R2022a Update 5 (9.12.0.2039608) 64-bit (glnxa64)
                              August 12, 2022

 
To get started, type doc.
For product information, visit www.mathworks.com.
 
>> >> >> >> >> >> >> >> >> >> >> >> >> >> >> >> >> >> >> >> >> >> >> >> >> >> >> >> >> >> >> >> >> >> This is Threenonlinear network , ini learningRate = 1.000000e-02 , min batch size = 400 , DropPeriod = 8 , DropFactor = 0.100000 
>> Hidden Units = 60 , v1 
>> >> >> >> >> >> >> >> >> >> >>  1 training times , amp = 0.161300 , bias = 5.700000e-01 
 1 training times , amp = 0.161300 , bias = 2.900000e-01 
 1 training times , amp = 0.161300 , bias = 1.700000e-01 
 1 training times , amp = 0.161300 , bias = 7.700000e-01 
 1 training times , amp = 0.161300 , bias = 3.300000e-01 
 1 training times , amp = 0.161300 , bias = 7.300000e-01 
 1 training times , amp = 0.161300 , bias = 8.500000e-01 
 1 training times , amp = 0.161300 , bias = 8.100000e-01 
 1 training times , amp = 0.161300 , bias = 4.100000e-01 
 1 training times , amp = 0.161300 , bias = 6.900000e-01 
 1 training times , amp = 1.000000 , bias = 5.000000e-02 
 1 training times , amp = 1.000000 , bias = 9.000000e-02 
 1 training times , amp = 1.000000 , bias = 1.300000e-01 
 1 training times , amp = 1.000000 , bias = 2.100000e-01 
 1 training times , amp = 1.000000 , bias = 2.500000e-01 
 1 training times , amp = 1.000000 , bias = 3.700000e-01 
 1 training times , amp = 1.000000 , bias = 4.500000e-01 
 1 training times , amp = 1.000000 , bias = 4.900000e-01 
 1 training times , amp = 1.000000 , bias = 5.300000e-01 
 1 training times , amp = 1.000000 , bias = 6.100000e-01 
 1 training times , amp = 1.000000 , bias = 6.500000e-01 
Training on single GPU.
|======================================================================================================================|
|  Epoch  |  Iteration  |  Time Elapsed  |  Mini-batch  |  Validation  |  Mini-batch  |  Validation  |  Base Learning  |
|         |             |   (hh:mm:ss)   |     RMSE     |     RMSE     |     Loss     |     Loss     |      Rate       |
|======================================================================================================================|
|       1 |           1 |       00:00:04 |         1.87 |         0.64 |       1.7452 |       0.2067 |          0.0100 |
|       1 |          19 |       00:00:09 |         0.25 |         0.11 |       0.0318 |       0.0056 |          0.0100 |
|       1 |          38 |       00:00:15 |         0.16 |         0.05 |       0.0127 |       0.0012 |          0.0100 |
|       2 |          50 |       00:00:18 |         0.16 |              |       0.0132 |              |          0.0100 |
|       2 |          57 |       00:00:20 |         0.17 |         0.04 |       0.0149 |       0.0010 |          0.0100 |
|       2 |          76 |       00:00:26 |         0.14 |         0.06 |       0.0100 |       0.0020 |          0.0100 |
|       3 |          95 |       00:00:31 |         0.14 |         0.05 |       0.0097 |       0.0015 |          0.0100 |
|       3 |         100 |       00:00:32 |         0.15 |              |       0.0110 |              |          0.0100 |
|       3 |         114 |       00:00:36 |         0.14 |         0.05 |       0.0097 |       0.0013 |          0.0100 |
|       4 |         133 |       00:00:40 |         0.14 |         0.06 |       0.0095 |       0.0020 |          0.0100 |
|       4 |         150 |       00:00:45 |         0.13 |              |       0.0081 |              |          0.0100 |
|       4 |         152 |       00:00:45 |         0.14 |         0.06 |       0.0095 |       0.0019 |          0.0100 |
|       5 |         171 |       00:00:50 |         0.12 |         0.06 |       0.0078 |       0.0018 |          0.0100 |
|       5 |         190 |       00:00:55 |         0.13 |         0.06 |       0.0080 |       0.0017 |          0.0100 |
|       6 |         200 |       00:00:57 |         0.11 |              |       0.0064 |              |          0.0100 |
|       6 |         209 |       00:01:00 |         0.13 |         0.07 |       0.0087 |       0.0024 |          0.0100 |
|       6 |         228 |       00:01:05 |         0.11 |         0.07 |       0.0065 |       0.0026 |          0.0100 |
|       7 |         247 |       00:01:10 |         0.12 |         0.05 |       0.0071 |       0.0013 |          0.0100 |
|       7 |         250 |       00:01:10 |         0.13 |              |       0.0078 |              |          0.0100 |
|       7 |         266 |       00:01:14 |         0.13 |         0.06 |       0.0080 |       0.0018 |          0.0100 |
|       8 |         285 |       00:01:19 |         0.13 |         0.06 |       0.0079 |       0.0019 |          0.0100 |
|       8 |         300 |       00:01:23 |         0.11 |              |       0.0062 |              |          0.0100 |
|       8 |         304 |       00:01:24 |         0.11 |         0.06 |       0.0062 |       0.0017 |          0.0100 |
|       9 |         323 |       00:01:29 |         0.10 |         0.03 |       0.0054 |       0.0005 |          0.0010 |
|       9 |         342 |       00:01:33 |         0.10 |         0.03 |       0.0052 |       0.0005 |          0.0010 |
|       9 |         350 |       00:01:36 |         0.10 |              |       0.0049 |              |          0.0010 |
|      10 |         361 |       00:01:38 |         0.10 |         0.03 |       0.0054 |       0.0004 |          0.0010 |
|      10 |         380 |       00:01:43 |         0.10 |         0.03 |       0.0047 |       0.0004 |          0.0010 |
|      11 |         399 |       00:01:48 |         0.09 |         0.03 |       0.0044 |       0.0004 |          0.0010 |
|      11 |         400 |       00:01:48 |         0.09 |              |       0.0044 |              |          0.0010 |
|      11 |         418 |       00:01:53 |         0.10 |         0.03 |       0.0050 |       0.0004 |          0.0010 |
|      12 |         437 |       00:01:57 |         0.10 |         0.03 |       0.0046 |       0.0004 |          0.0010 |
|      12 |         450 |       00:02:01 |         0.09 |              |       0.0040 |              |          0.0010 |
|      12 |         456 |       00:02:02 |         0.09 |         0.03 |       0.0044 |       0.0004 |          0.0010 |
|      13 |         475 |       00:02:07 |         0.09 |         0.03 |       0.0045 |       0.0004 |          0.0010 |
|      13 |         494 |       00:02:12 |         0.10 |         0.03 |       0.0051 |       0.0003 |          0.0010 |
|      13 |         500 |       00:02:13 |         0.10 |              |       0.0046 |              |          0.0010 |
|      14 |         513 |       00:02:16 |         0.10 |         0.03 |       0.0046 |       0.0004 |          0.0010 |
|      14 |         532 |       00:02:21 |         0.09 |         0.03 |       0.0042 |       0.0004 |          0.0010 |
|      15 |         550 |       00:02:26 |         0.09 |              |       0.0043 |              |          0.0010 |
|      15 |         551 |       00:02:26 |         0.09 |         0.03 |       0.0043 |       0.0004 |          0.0010 |
|      15 |         570 |       00:02:31 |         0.10 |         0.03 |       0.0046 |       0.0005 |          0.0010 |
|      16 |         589 |       00:02:36 |         0.09 |         0.03 |       0.0041 |       0.0004 |          0.0010 |
|      16 |         600 |       00:02:38 |         0.10 |              |       0.0046 |              |          0.0010 |
|      16 |         608 |       00:02:40 |         0.09 |         0.03 |       0.0043 |       0.0004 |          0.0010 |
|      17 |         627 |       00:02:45 |         0.09 |         0.03 |       0.0042 |       0.0004 |      1.0000e-04 |
|      17 |         646 |       00:02:50 |         0.10 |         0.03 |       0.0048 |       0.0004 |      1.0000e-04 |
|      17 |         650 |       00:02:51 |         0.10 |              |       0.0050 |              |      1.0000e-04 |
|      18 |         665 |       00:02:55 |         0.09 |         0.03 |       0.0041 |       0.0004 |      1.0000e-04 |
|      18 |         684 |       00:03:00 |         0.09 |         0.03 |       0.0037 |       0.0004 |      1.0000e-04 |
|      18 |         700 |       00:03:04 |         0.09 |              |       0.0041 |              |      1.0000e-04 |
|      19 |         703 |       00:03:04 |         0.09 |         0.03 |       0.0040 |       0.0004 |      1.0000e-04 |
|      19 |         722 |       00:03:09 |         0.10 |         0.03 |       0.0046 |       0.0004 |      1.0000e-04 |
|      19 |         741 |       00:03:14 |         0.09 |         0.03 |       0.0045 |       0.0004 |      1.0000e-04 |
|      20 |         750 |       00:03:16 |         0.09 |              |       0.0040 |              |      1.0000e-04 |
|      20 |         760 |       00:03:19 |         0.10 |         0.03 |       0.0046 |       0.0004 |      1.0000e-04 |
|      20 |         779 |       00:03:24 |         0.09 |         0.03 |       0.0044 |       0.0004 |      1.0000e-04 |
|      21 |         798 |       00:03:29 |         0.10 |         0.03 |       0.0046 |       0.0004 |      1.0000e-04 |
|      21 |         800 |       00:03:29 |         0.09 |              |       0.0043 |              |      1.0000e-04 |
|      21 |         817 |       00:03:33 |         0.09 |         0.03 |       0.0041 |       0.0004 |      1.0000e-04 |
|      22 |         836 |       00:03:38 |         0.09 |         0.03 |       0.0044 |       0.0004 |      1.0000e-04 |
|      22 |         850 |       00:03:42 |         0.10 |              |       0.0049 |              |      1.0000e-04 |
|      22 |         855 |       00:03:43 |         0.10 |         0.03 |       0.0048 |       0.0004 |      1.0000e-04 |
|      23 |         874 |       00:03:48 |         0.10 |         0.03 |       0.0047 |       0.0004 |      1.0000e-04 |
|      23 |         893 |       00:03:53 |         0.09 |         0.03 |       0.0043 |       0.0004 |      1.0000e-04 |
|      24 |         900 |       00:03:54 |         0.09 |              |       0.0045 |              |      1.0000e-04 |
|      24 |         912 |       00:03:57 |         0.10 |         0.03 |       0.0046 |       0.0004 |      1.0000e-04 |
|      24 |         931 |       00:04:02 |         0.09 |         0.03 |       0.0045 |       0.0004 |      1.0000e-04 |
|      25 |         950 |       00:04:07 |         0.10 |         0.03 |       0.0046 |       0.0004 |      1.0000e-05 |
|      25 |         969 |       00:04:12 |         0.09 |         0.03 |       0.0040 |       0.0004 |      1.0000e-05 |
|      26 |         988 |       00:04:17 |         0.09 |         0.03 |       0.0038 |       0.0004 |      1.0000e-05 |
|      26 |        1000 |       00:04:20 |         0.09 |              |       0.0041 |              |      1.0000e-05 |
|      26 |        1007 |       00:04:22 |         0.09 |         0.03 |       0.0042 |       0.0004 |      1.0000e-05 |
|      27 |        1026 |       00:04:27 |         0.09 |         0.03 |       0.0037 |       0.0004 |      1.0000e-05 |
|      27 |        1045 |       00:04:31 |         0.09 |         0.03 |       0.0041 |       0.0004 |      1.0000e-05 |
|      27 |        1050 |       00:04:33 |         0.09 |              |       0.0045 |              |      1.0000e-05 |
|      28 |        1064 |       00:04:36 |         0.09 |         0.03 |       0.0045 |       0.0004 |      1.0000e-05 |
|======================================================================================================================|
Training finished: Met validation criterion.
already training 1 times 
 2 training times , amp = 0.161300 , bias = 5.000000e-02 
 2 training times , amp = 0.161300 , bias = 9.000000e-02 
 2 training times , amp = 0.161300 , bias = 1.300000e-01 
 2 training times , amp = 0.161300 , bias = 2.100000e-01 
 2 training times , amp = 0.161300 , bias = 2.500000e-01 
 2 training times , amp = 0.161300 , bias = 3.700000e-01 
 2 training times , amp = 0.161300 , bias = 4.500000e-01 
 2 training times , amp = 0.161300 , bias = 4.900000e-01 
 2 training times , amp = 0.161300 , bias = 5.300000e-01 
 2 training times , amp = 0.161300 , bias = 6.100000e-01 
 2 training times , amp = 0.161300 , bias = 6.500000e-01 
 2 training times , amp = 1.000000 , bias = 5.700000e-01 
 2 training times , amp = 1.000000 , bias = 2.900000e-01 
 2 training times , amp = 1.000000 , bias = 1.700000e-01 
 2 training times , amp = 1.000000 , bias = 7.700000e-01 
 2 training times , amp = 1.000000 , bias = 3.300000e-01 
 2 training times , amp = 1.000000 , bias = 7.300000e-01 
 2 training times , amp = 1.000000 , bias = 8.500000e-01 
 2 training times , amp = 1.000000 , bias = 8.100000e-01 
 2 training times , amp = 1.000000 , bias = 4.100000e-01 
 2 training times , amp = 1.000000 , bias = 6.900000e-01 
Training on single GPU.
|======================================================================================================================|
|  Epoch  |  Iteration  |  Time Elapsed  |  Mini-batch  |  Validation  |  Mini-batch  |  Validation  |  Base Learning  |
|         |             |   (hh:mm:ss)   |     RMSE     |     RMSE     |     Loss     |     Loss     |      Rate       |
|======================================================================================================================|
|       1 |           1 |       00:00:00 |         0.09 |         0.66 |       0.0043 |       0.2169 |          0.0100 |
|       1 |          19 |       00:00:04 |         0.14 |         0.10 |       0.0101 |       0.0049 |          0.0100 |
|       1 |          38 |       00:00:09 |         0.10 |         0.07 |       0.0053 |       0.0024 |          0.0100 |
|       2 |          50 |       00:00:12 |         0.11 |              |       0.0059 |              |          0.0100 |
|       2 |          57 |       00:00:14 |         0.10 |         0.07 |       0.0048 |       0.0027 |          0.0100 |
|       2 |          76 |       00:00:19 |         0.10 |         0.06 |       0.0049 |       0.0017 |          0.0100 |
|       3 |          95 |       00:00:23 |         0.10 |         0.06 |       0.0051 |       0.0018 |          0.0100 |
|       3 |         100 |       00:00:25 |         0.10 |              |       0.0050 |              |          0.0100 |
|       3 |         114 |       00:00:28 |         0.10 |         0.06 |       0.0051 |       0.0020 |          0.0100 |
|       4 |         133 |       00:00:33 |         0.09 |         0.06 |       0.0043 |       0.0018 |          0.0100 |
|       4 |         150 |       00:00:37 |         0.10 |              |       0.0050 |              |          0.0100 |
|       4 |         152 |       00:00:38 |         0.10 |         0.06 |       0.0047 |       0.0019 |          0.0100 |
|       5 |         171 |       00:00:42 |         0.09 |         0.06 |       0.0040 |       0.0019 |          0.0100 |
|       5 |         190 |       00:00:47 |         0.10 |         0.05 |       0.0046 |       0.0014 |          0.0100 |
|       6 |         200 |       00:00:50 |         0.09 |              |       0.0043 |              |          0.0100 |
|       6 |         209 |       00:00:52 |         0.09 |         0.06 |       0.0039 |       0.0020 |          0.0100 |
|       6 |         228 |       00:00:57 |         0.11 |         0.07 |       0.0056 |       0.0024 |          0.0100 |
|       7 |         247 |       00:01:02 |         0.13 |         0.07 |       0.0081 |       0.0026 |          0.0100 |
|       7 |         250 |       00:01:02 |         0.13 |              |       0.0089 |              |          0.0100 |
|       7 |         266 |       00:01:06 |         0.09 |         0.08 |       0.0043 |       0.0032 |          0.0100 |
|       8 |         285 |       00:01:11 |         0.12 |         0.07 |       0.0078 |       0.0023 |          0.0100 |
|       8 |         300 |       00:01:15 |         0.12 |              |       0.0078 |              |          0.0100 |
|       8 |         304 |       00:01:16 |         0.13 |         0.07 |       0.0083 |       0.0022 |          0.0100 |
|       9 |         323 |       00:01:21 |         0.08 |         0.04 |       0.0036 |       0.0007 |          0.0010 |
|       9 |         342 |       00:01:25 |         0.08 |         0.04 |       0.0036 |       0.0007 |          0.0010 |
|       9 |         350 |       00:01:27 |         0.08 |              |       0.0032 |              |          0.0010 |
|      10 |         361 |       00:01:30 |         0.08 |         0.03 |       0.0032 |       0.0006 |          0.0010 |
|      10 |         380 |       00:01:35 |         0.08 |         0.03 |       0.0032 |       0.0006 |          0.0010 |
|      11 |         399 |       00:01:40 |         0.08 |         0.03 |       0.0032 |       0.0006 |          0.0010 |
|      11 |         400 |       00:01:40 |         0.08 |              |       0.0035 |              |          0.0010 |
|      11 |         418 |       00:01:45 |         0.08 |         0.03 |       0.0031 |       0.0005 |          0.0010 |
|      12 |         437 |       00:01:49 |         0.08 |         0.03 |       0.0033 |       0.0005 |          0.0010 |
|      12 |         450 |       00:01:53 |         0.08 |              |       0.0031 |              |          0.0010 |
|      12 |         456 |       00:01:54 |         0.08 |         0.03 |       0.0034 |       0.0005 |          0.0010 |
|      13 |         475 |       00:01:59 |         0.08 |         0.04 |       0.0031 |       0.0006 |          0.0010 |
|      13 |         494 |       00:02:04 |         0.08 |         0.03 |       0.0034 |       0.0005 |          0.0010 |
|      13 |         500 |       00:02:05 |         0.08 |              |       0.0034 |              |          0.0010 |
|      14 |         513 |       00:02:08 |         0.08 |         0.03 |       0.0034 |       0.0006 |          0.0010 |
|      14 |         532 |       00:02:13 |         0.08 |         0.03 |       0.0033 |       0.0005 |          0.0010 |
|      15 |         550 |       00:02:18 |         0.08 |              |       0.0031 |              |          0.0010 |
|      15 |         551 |       00:02:18 |         0.08 |         0.03 |       0.0033 |       0.0005 |          0.0010 |
|      15 |         570 |       00:02:23 |         0.08 |         0.03 |       0.0033 |       0.0005 |          0.0010 |
|      16 |         589 |       00:02:28 |         0.08 |         0.03 |       0.0031 |       0.0005 |          0.0010 |
|      16 |         600 |       00:02:30 |         0.08 |              |       0.0029 |              |          0.0010 |
|      16 |         608 |       00:02:32 |         0.08 |         0.03 |       0.0032 |       0.0005 |          0.0010 |
|      17 |         627 |       00:02:37 |         0.08 |         0.03 |       0.0032 |       0.0005 |      1.0000e-04 |
|      17 |         646 |       00:02:42 |         0.08 |         0.03 |       0.0031 |       0.0005 |      1.0000e-04 |
|      17 |         650 |       00:02:43 |         0.08 |              |       0.0032 |              |      1.0000e-04 |
|      18 |         665 |       00:02:47 |         0.08 |         0.03 |       0.0029 |       0.0005 |      1.0000e-04 |
|      18 |         684 |       00:02:51 |         0.08 |         0.03 |       0.0031 |       0.0005 |      1.0000e-04 |
|      18 |         700 |       00:02:55 |         0.08 |              |       0.0030 |              |      1.0000e-04 |
|      19 |         703 |       00:02:56 |         0.08 |         0.03 |       0.0030 |       0.0005 |      1.0000e-04 |
|      19 |         722 |       00:03:01 |         0.08 |         0.03 |       0.0029 |       0.0005 |      1.0000e-04 |
|      19 |         741 |       00:03:06 |         0.08 |         0.03 |       0.0034 |       0.0005 |      1.0000e-04 |
|      20 |         750 |       00:03:08 |         0.08 |              |       0.0033 |              |      1.0000e-04 |
|      20 |         760 |       00:03:10 |         0.08 |         0.03 |       0.0032 |       0.0005 |      1.0000e-04 |
|      20 |         779 |       00:03:15 |         0.08 |         0.03 |       0.0033 |       0.0005 |      1.0000e-04 |
|      21 |         798 |       00:03:20 |         0.08 |         0.03 |       0.0031 |       0.0004 |      1.0000e-04 |
|      21 |         800 |       00:03:20 |         0.08 |              |       0.0029 |              |      1.0000e-04 |
|      21 |         817 |       00:03:25 |         0.08 |         0.03 |       0.0031 |       0.0005 |      1.0000e-04 |
|      22 |         836 |       00:03:29 |         0.08 |         0.03 |       0.0033 |       0.0005 |      1.0000e-04 |
|      22 |         850 |       00:03:33 |         0.07 |              |       0.0027 |              |      1.0000e-04 |
|      22 |         855 |       00:03:34 |         0.08 |         0.03 |       0.0032 |       0.0005 |      1.0000e-04 |
|      23 |         874 |       00:03:39 |         0.08 |         0.03 |       0.0031 |       0.0005 |      1.0000e-04 |
|      23 |         893 |       00:03:44 |         0.08 |         0.03 |       0.0032 |       0.0005 |      1.0000e-04 |
|      24 |         900 |       00:03:45 |         0.08 |              |       0.0030 |              |      1.0000e-04 |
|      24 |         912 |       00:03:48 |         0.08 |         0.03 |       0.0033 |       0.0005 |      1.0000e-04 |
|      24 |         931 |       00:03:53 |         0.08 |         0.03 |       0.0031 |       0.0004 |      1.0000e-04 |
|      25 |         950 |       00:03:58 |         0.08 |         0.03 |       0.0034 |       0.0005 |      1.0000e-05 |
|      25 |         969 |       00:04:03 |         0.08 |         0.03 |       0.0036 |       0.0005 |      1.0000e-05 |
|      26 |         988 |       00:04:08 |         0.08 |         0.03 |       0.0034 |       0.0005 |      1.0000e-05 |
|      26 |        1000 |       00:04:11 |         0.08 |              |       0.0034 |              |      1.0000e-05 |
|      26 |        1007 |       00:04:12 |         0.08 |         0.03 |       0.0032 |       0.0005 |      1.0000e-05 |
|      27 |        1026 |       00:04:17 |         0.08 |         0.03 |       0.0029 |       0.0005 |      1.0000e-05 |
|      27 |        1045 |       00:04:22 |         0.08 |         0.03 |       0.0033 |       0.0005 |      1.0000e-05 |
|      27 |        1050 |       00:04:23 |         0.08 |              |       0.0030 |              |      1.0000e-05 |
|      28 |        1064 |       00:04:27 |         0.08 |         0.03 |       0.0032 |       0.0005 |      1.0000e-05 |
|      28 |        1083 |       00:04:32 |         0.08 |         0.03 |       0.0034 |       0.0005 |      1.0000e-05 |
|      29 |        1100 |       00:04:36 |         0.08 |              |       0.0029 |              |      1.0000e-05 |
|      29 |        1102 |       00:04:36 |         0.08 |         0.03 |       0.0031 |       0.0005 |      1.0000e-05 |
|      29 |        1121 |       00:04:41 |         0.08 |         0.03 |       0.0030 |       0.0005 |      1.0000e-05 |
|      30 |        1140 |       00:04:46 |         0.08 |         0.03 |       0.0031 |       0.0005 |      1.0000e-05 |
|      30 |        1150 |       00:04:49 |         0.08 |              |       0.0032 |              |      1.0000e-05 |
|      30 |        1159 |       00:04:51 |         0.08 |         0.03 |       0.0032 |       0.0005 |      1.0000e-05 |
|      31 |        1178 |       00:04:56 |         0.08 |         0.03 |       0.0034 |       0.0005 |      1.0000e-05 |
|      31 |        1197 |       00:05:00 |         0.07 |         0.03 |       0.0027 |       0.0005 |      1.0000e-05 |
|      31 |        1200 |       00:05:01 |         0.08 |              |       0.0030 |              |      1.0000e-05 |
|      32 |        1216 |       00:05:05 |         0.08 |         0.03 |       0.0033 |       0.0005 |      1.0000e-05 |
|      32 |        1235 |       00:05:10 |         0.08 |         0.03 |       0.0034 |       0.0005 |      1.0000e-05 |
|      33 |        1250 |       00:05:14 |         0.08 |              |       0.0032 |              |      1.0000e-06 |
|      33 |        1254 |       00:05:15 |         0.08 |         0.03 |       0.0031 |       0.0005 |      1.0000e-06 |
|      33 |        1273 |       00:05:20 |         0.08 |         0.03 |       0.0033 |       0.0005 |      1.0000e-06 |
|      34 |        1292 |       00:05:24 |         0.08 |         0.03 |       0.0032 |       0.0005 |      1.0000e-06 |
|      34 |        1300 |       00:05:26 |         0.08 |              |       0.0030 |              |      1.0000e-06 |
|      34 |        1311 |       00:05:29 |         0.08 |         0.03 |       0.0028 |       0.0005 |      1.0000e-06 |
|      35 |        1330 |       00:05:34 |         0.08 |         0.03 |       0.0030 |       0.0005 |      1.0000e-06 |
|      35 |        1349 |       00:05:39 |         0.08 |         0.03 |       0.0033 |       0.0005 |      1.0000e-06 |
|      35 |        1350 |       00:05:39 |         0.08 |              |       0.0030 |              |      1.0000e-06 |
|      36 |        1368 |       00:05:44 |         0.08 |         0.03 |       0.0032 |       0.0005 |      1.0000e-06 |
|      36 |        1387 |       00:05:48 |         0.08 |         0.03 |       0.0031 |       0.0005 |      1.0000e-06 |
|      36 |        1400 |       00:05:52 |         0.08 |              |       0.0031 |              |      1.0000e-06 |
|      37 |        1406 |       00:05:53 |         0.08 |         0.03 |       0.0029 |       0.0005 |      1.0000e-06 |
|      37 |        1425 |       00:05:58 |         0.08 |         0.03 |       0.0035 |       0.0005 |      1.0000e-06 |
|      38 |        1444 |       00:06:03 |         0.08 |         0.03 |       0.0029 |       0.0005 |      1.0000e-06 |
|      38 |        1450 |       00:06:04 |         0.08 |              |       0.0030 |              |      1.0000e-06 |
|      38 |        1463 |       00:06:08 |         0.08 |         0.03 |       0.0031 |       0.0005 |      1.0000e-06 |
|      38 |        1482 |       00:06:13 |         0.08 |         0.03 |       0.0032 |       0.0005 |      1.0000e-06 |
|      39 |        1500 |       00:06:17 |         0.08 |              |       0.0035 |              |      1.0000e-06 |
|      39 |        1501 |       00:06:17 |         0.08 |         0.03 |       0.0034 |       0.0005 |      1.0000e-06 |
|======================================================================================================================|
Training finished: Met validation criterion.
already training 2 times 
 3 training times , amp = 0.161300 , bias = 5.700000e-01 
 3 training times , amp = 0.161300 , bias = 2.900000e-01 
 3 training times , amp = 0.161300 , bias = 1.700000e-01 
 3 training times , amp = 0.161300 , bias = 7.700000e-01 
 3 training times , amp = 0.161300 , bias = 3.300000e-01 
 3 training times , amp = 0.161300 , bias = 7.300000e-01 
 3 training times , amp = 0.161300 , bias = 8.500000e-01 
 3 training times , amp = 0.161300 , bias = 8.100000e-01 
 3 training times , amp = 0.161300 , bias = 4.100000e-01 
 3 training times , amp = 0.161300 , bias = 6.900000e-01 
 3 training times , amp = 1.000000 , bias = 5.000000e-02 
 3 training times , amp = 1.000000 , bias = 9.000000e-02 
 3 training times , amp = 1.000000 , bias = 1.300000e-01 
 3 training times , amp = 1.000000 , bias = 2.100000e-01 
 3 training times , amp = 1.000000 , bias = 2.500000e-01 
 3 training times , amp = 1.000000 , bias = 3.700000e-01 
 3 training times , amp = 1.000000 , bias = 4.500000e-01 
 3 training times , amp = 1.000000 , bias = 4.900000e-01 
 3 training times , amp = 1.000000 , bias = 5.300000e-01 
 3 training times , amp = 1.000000 , bias = 6.100000e-01 
 3 training times , amp = 1.000000 , bias = 6.500000e-01 
Training on single GPU.
|======================================================================================================================|
|  Epoch  |  Iteration  |  Time Elapsed  |  Mini-batch  |  Validation  |  Mini-batch  |  Validation  |  Base Learning  |
|         |             |   (hh:mm:ss)   |     RMSE     |     RMSE     |     Loss     |     Loss     |      Rate       |
|======================================================================================================================|
|       1 |           1 |       00:00:00 |         0.09 |         0.61 |       0.0045 |       0.1842 |          0.0100 |
|       1 |          19 |       00:00:04 |         0.14 |         0.08 |       0.0104 |       0.0035 |          0.0100 |
|       1 |          38 |       00:00:09 |         0.13 |         0.04 |       0.0083 |       0.0010 |          0.0100 |
|       2 |          50 |       00:00:12 |         0.11 |              |       0.0059 |              |          0.0100 |
|       2 |          57 |       00:00:14 |         0.13 |         0.09 |       0.0082 |       0.0038 |          0.0100 |
|       2 |          76 |       00:00:19 |         0.11 |         0.06 |       0.0059 |       0.0016 |          0.0100 |
|       3 |          95 |       00:00:24 |         0.11 |         0.04 |       0.0057 |       0.0010 |          0.0100 |
|       3 |         100 |       00:00:25 |         0.10 |              |       0.0052 |              |          0.0100 |
|       3 |         114 |       00:00:29 |         0.10 |         0.06 |       0.0054 |       0.0016 |          0.0100 |
|       4 |         133 |       00:00:34 |         0.11 |         0.06 |       0.0055 |       0.0016 |          0.0100 |
|       4 |         150 |       00:00:38 |         0.10 |              |       0.0049 |              |          0.0100 |
|       4 |         152 |       00:00:39 |         0.10 |         0.06 |       0.0053 |       0.0016 |          0.0100 |
|       5 |         171 |       00:00:44 |         0.10 |         0.04 |       0.0047 |       0.0007 |          0.0100 |
|       5 |         190 |       00:00:49 |         0.10 |         0.04 |       0.0049 |       0.0010 |          0.0100 |
|       6 |         200 |       00:00:51 |         0.10 |              |       0.0051 |              |          0.0100 |
|       6 |         209 |       00:00:53 |         0.10 |         0.05 |       0.0052 |       0.0012 |          0.0100 |
|       6 |         228 |       00:00:58 |         0.10 |         0.05 |       0.0052 |       0.0011 |          0.0100 |
|       7 |         247 |       00:01:03 |         0.11 |         0.06 |       0.0057 |       0.0016 |          0.0100 |
|       7 |         250 |       00:01:04 |         0.10 |              |       0.0054 |              |          0.0100 |
|       7 |         266 |       00:01:08 |         0.10 |         0.05 |       0.0052 |       0.0013 |          0.0100 |
|       8 |         285 |       00:01:13 |         0.10 |         0.05 |       0.0049 |       0.0012 |          0.0100 |
|       8 |         300 |       00:01:17 |         0.09 |              |       0.0045 |              |          0.0100 |
|       8 |         304 |       00:01:18 |         0.10 |         0.04 |       0.0047 |       0.0008 |          0.0100 |
|       9 |         323 |       00:01:23 |         0.09 |         0.03 |       0.0043 |       0.0004 |          0.0010 |
|       9 |         342 |       00:01:28 |         0.09 |         0.03 |       0.0042 |       0.0004 |          0.0010 |
|       9 |         350 |       00:01:30 |         0.09 |              |       0.0042 |              |          0.0010 |
|      10 |         361 |       00:01:33 |         0.09 |         0.03 |       0.0040 |       0.0004 |          0.0010 |
|      10 |         380 |       00:01:38 |         0.09 |         0.03 |       0.0039 |       0.0004 |          0.0010 |
|      11 |         399 |       00:01:43 |         0.09 |         0.03 |       0.0039 |       0.0004 |          0.0010 |
|      11 |         400 |       00:01:43 |         0.09 |              |       0.0044 |              |          0.0010 |
|      11 |         418 |       00:01:48 |         0.09 |         0.03 |       0.0042 |       0.0005 |          0.0010 |
|      12 |         437 |       00:01:52 |         0.09 |         0.03 |       0.0040 |       0.0005 |          0.0010 |
|      12 |         450 |       00:01:56 |         0.09 |              |       0.0041 |              |          0.0010 |
|      12 |         456 |       00:01:57 |         0.09 |         0.03 |       0.0041 |       0.0004 |          0.0010 |
|      13 |         475 |       00:02:02 |         0.09 |         0.03 |       0.0038 |       0.0004 |          0.0010 |
|      13 |         494 |       00:02:07 |         0.09 |         0.03 |       0.0037 |       0.0004 |          0.0010 |
|      13 |         500 |       00:02:09 |         0.10 |              |       0.0045 |              |          0.0010 |
|      14 |         513 |       00:02:12 |         0.09 |         0.03 |       0.0042 |       0.0004 |          0.0010 |
|      14 |         532 |       00:02:17 |         0.09 |         0.03 |       0.0039 |       0.0005 |          0.0010 |
|      15 |         550 |       00:02:22 |         0.09 |              |       0.0040 |              |          0.0010 |
|      15 |         551 |       00:02:22 |         0.09 |         0.03 |       0.0040 |       0.0005 |          0.0010 |
|      15 |         570 |       00:02:27 |         0.09 |         0.03 |       0.0041 |       0.0005 |          0.0010 |
|      16 |         589 |       00:02:32 |         0.09 |         0.03 |       0.0040 |       0.0005 |          0.0010 |
|      16 |         600 |       00:02:34 |         0.09 |              |       0.0042 |              |          0.0010 |
|      16 |         608 |       00:02:37 |         0.09 |         0.03 |       0.0036 |       0.0004 |          0.0010 |
|      17 |         627 |       00:02:41 |         0.09 |         0.03 |       0.0040 |       0.0004 |      1.0000e-04 |
|      17 |         646 |       00:02:46 |         0.09 |         0.03 |       0.0038 |       0.0004 |      1.0000e-04 |
|      17 |         650 |       00:02:47 |         0.08 |              |       0.0036 |              |      1.0000e-04 |
|      18 |         665 |       00:02:51 |         0.09 |         0.03 |       0.0040 |       0.0004 |      1.0000e-04 |
|      18 |         684 |       00:02:56 |         0.09 |         0.03 |       0.0040 |       0.0004 |      1.0000e-04 |
|      18 |         700 |       00:03:00 |         0.09 |              |       0.0038 |              |      1.0000e-04 |
|      19 |         703 |       00:03:01 |         0.08 |         0.03 |       0.0035 |       0.0004 |      1.0000e-04 |
|      19 |         722 |       00:03:06 |         0.09 |         0.03 |       0.0040 |       0.0004 |      1.0000e-04 |
|      19 |         741 |       00:03:11 |         0.09 |         0.03 |       0.0040 |       0.0004 |      1.0000e-04 |
|      20 |         750 |       00:03:13 |         0.09 |              |       0.0039 |              |      1.0000e-04 |
|      20 |         760 |       00:03:16 |         0.09 |         0.03 |       0.0041 |       0.0004 |      1.0000e-04 |
|      20 |         779 |       00:03:21 |         0.09 |         0.03 |       0.0037 |       0.0004 |      1.0000e-04 |
|      21 |         798 |       00:03:26 |         0.09 |         0.03 |       0.0042 |       0.0004 |      1.0000e-04 |
|      21 |         800 |       00:03:26 |         0.09 |              |       0.0042 |              |      1.0000e-04 |
|      21 |         817 |       00:03:30 |         0.09 |         0.03 |       0.0040 |       0.0004 |      1.0000e-04 |
|      22 |         836 |       00:03:35 |         0.09 |         0.03 |       0.0039 |       0.0004 |      1.0000e-04 |
|      22 |         850 |       00:03:39 |         0.09 |              |       0.0037 |              |      1.0000e-04 |
|      22 |         855 |       00:03:40 |         0.08 |         0.03 |       0.0034 |       0.0004 |      1.0000e-04 |
|      23 |         874 |       00:03:45 |         0.09 |         0.03 |       0.0037 |       0.0004 |      1.0000e-04 |
|      23 |         893 |       00:03:50 |         0.09 |         0.03 |       0.0038 |       0.0004 |      1.0000e-04 |
|      24 |         900 |       00:03:52 |         0.09 |              |       0.0039 |              |      1.0000e-04 |
|      24 |         912 |       00:03:55 |         0.09 |         0.03 |       0.0038 |       0.0004 |      1.0000e-04 |
|      24 |         931 |       00:04:00 |         0.09 |         0.03 |       0.0042 |       0.0004 |      1.0000e-04 |
|      25 |         950 |       00:04:05 |         0.08 |         0.03 |       0.0034 |       0.0004 |      1.0000e-05 |
|      25 |         969 |       00:04:10 |         0.09 |         0.03 |       0.0042 |       0.0004 |      1.0000e-05 |
|      26 |         988 |       00:04:15 |         0.09 |         0.03 |       0.0036 |       0.0004 |      1.0000e-05 |
|      26 |        1000 |       00:04:18 |         0.09 |              |       0.0037 |              |      1.0000e-05 |
|      26 |        1007 |       00:04:19 |         0.09 |         0.03 |       0.0037 |       0.0004 |      1.0000e-05 |
|      27 |        1026 |       00:04:24 |         0.09 |         0.03 |       0.0037 |       0.0004 |      1.0000e-05 |
|      27 |        1045 |       00:04:29 |         0.09 |         0.03 |       0.0037 |       0.0004 |      1.0000e-05 |
|      27 |        1050 |       00:04:30 |         0.09 |              |       0.0038 |              |      1.0000e-05 |
|      28 |        1064 |       00:04:34 |         0.09 |         0.03 |       0.0038 |       0.0004 |      1.0000e-05 |
|      28 |        1083 |       00:04:39 |         0.09 |         0.03 |       0.0039 |       0.0004 |      1.0000e-05 |
|      29 |        1100 |       00:04:43 |         0.10 |              |       0.0046 |              |      1.0000e-05 |
|      29 |        1102 |       00:04:44 |         0.09 |         0.03 |       0.0039 |       0.0004 |      1.0000e-05 |
|      29 |        1121 |       00:04:49 |         0.09 |         0.03 |       0.0036 |       0.0004 |      1.0000e-05 |
|      30 |        1140 |       00:04:53 |         0.09 |         0.03 |       0.0040 |       0.0004 |      1.0000e-05 |
|      30 |        1150 |       00:04:56 |         0.08 |              |       0.0035 |              |      1.0000e-05 |
|      30 |        1159 |       00:04:58 |         0.09 |         0.03 |       0.0040 |       0.0004 |      1.0000e-05 |
|      31 |        1178 |       00:05:03 |         0.09 |         0.03 |       0.0039 |       0.0004 |      1.0000e-05 |
|======================================================================================================================|
Training finished: Met validation criterion.
already training 3 times 
 4 training times , amp = 0.161300 , bias = 5.000000e-02 
 4 training times , amp = 0.161300 , bias = 9.000000e-02 
 4 training times , amp = 0.161300 , bias = 1.300000e-01 
 4 training times , amp = 0.161300 , bias = 2.100000e-01 
 4 training times , amp = 0.161300 , bias = 2.500000e-01 
 4 training times , amp = 0.161300 , bias = 3.700000e-01 
 4 training times , amp = 0.161300 , bias = 4.500000e-01 
 4 training times , amp = 0.161300 , bias = 4.900000e-01 
 4 training times , amp = 0.161300 , bias = 5.300000e-01 
 4 training times , amp = 0.161300 , bias = 6.100000e-01 
 4 training times , amp = 0.161300 , bias = 6.500000e-01 
 4 training times , amp = 1.000000 , bias = 5.700000e-01 
 4 training times , amp = 1.000000 , bias = 2.900000e-01 
 4 training times , amp = 1.000000 , bias = 1.700000e-01 
 4 training times , amp = 1.000000 , bias = 7.700000e-01 
 4 training times , amp = 1.000000 , bias = 3.300000e-01 
 4 training times , amp = 1.000000 , bias = 7.300000e-01 
 4 training times , amp = 1.000000 , bias = 8.500000e-01 
 4 training times , amp = 1.000000 , bias = 8.100000e-01 
 4 training times , amp = 1.000000 , bias = 4.100000e-01 
 4 training times , amp = 1.000000 , bias = 6.900000e-01 
Training on single GPU.
|======================================================================================================================|
|  Epoch  |  Iteration  |  Time Elapsed  |  Mini-batch  |  Validation  |  Mini-batch  |  Validation  |  Base Learning  |
|         |             |   (hh:mm:ss)   |     RMSE     |     RMSE     |     Loss     |     Loss     |      Rate       |
|======================================================================================================================|
|       1 |           1 |       00:00:00 |         0.09 |         0.37 |       0.0037 |       0.0696 |          0.0100 |
|       1 |          19 |       00:00:04 |         0.14 |         0.11 |       0.0092 |       0.0062 |          0.0100 |
|       1 |          38 |       00:00:09 |         0.09 |         0.09 |       0.0041 |       0.0044 |          0.0100 |
|       2 |          50 |       00:00:12 |         0.11 |              |       0.0056 |              |          0.0100 |
|       2 |          57 |       00:00:14 |         0.09 |         0.07 |       0.0039 |       0.0026 |          0.0100 |
|       2 |          76 |       00:00:19 |         0.09 |         0.05 |       0.0038 |       0.0011 |          0.0100 |
|       3 |          95 |       00:00:24 |         0.09 |         0.05 |       0.0043 |       0.0013 |          0.0100 |
|       3 |         100 |       00:00:25 |         0.09 |              |       0.0044 |              |          0.0100 |
|       3 |         114 |       00:00:29 |         0.08 |         0.07 |       0.0035 |       0.0022 |          0.0100 |
|       4 |         133 |       00:00:34 |         0.09 |         0.05 |       0.0038 |       0.0012 |          0.0100 |
|       4 |         150 |       00:00:38 |         0.09 |              |       0.0041 |              |          0.0100 |
|       4 |         152 |       00:00:39 |         0.08 |         0.06 |       0.0033 |       0.0017 |          0.0100 |
|       5 |         171 |       00:00:44 |         0.09 |         0.05 |       0.0038 |       0.0013 |          0.0100 |
|       5 |         190 |       00:00:49 |         0.09 |         0.05 |       0.0042 |       0.0010 |          0.0100 |
|       6 |         200 |       00:00:51 |         0.08 |              |       0.0034 |              |          0.0100 |
|       6 |         209 |       00:00:54 |         0.08 |         0.04 |       0.0035 |       0.0009 |          0.0100 |
|       6 |         228 |       00:00:58 |         0.09 |         0.05 |       0.0036 |       0.0010 |          0.0100 |
|       7 |         247 |       00:01:03 |         0.09 |         0.04 |       0.0036 |       0.0009 |          0.0100 |
|       7 |         250 |       00:01:04 |         0.08 |              |       0.0033 |              |          0.0100 |
|       7 |         266 |       00:01:08 |         0.09 |         0.04 |       0.0037 |       0.0009 |          0.0100 |
|       8 |         285 |       00:01:13 |         0.09 |         0.04 |       0.0044 |       0.0008 |          0.0100 |
|       8 |         300 |       00:01:17 |         0.09 |              |       0.0039 |              |          0.0100 |
|       8 |         304 |       00:01:18 |         0.10 |         0.05 |       0.0047 |       0.0014 |          0.0100 |
|       9 |         323 |       00:01:23 |         0.08 |         0.04 |       0.0031 |       0.0007 |          0.0010 |
|       9 |         342 |       00:01:28 |         0.08 |         0.03 |       0.0029 |       0.0006 |          0.0010 |
|       9 |         350 |       00:01:30 |         0.08 |              |       0.0031 |              |          0.0010 |
|      10 |         361 |       00:01:33 |         0.08 |         0.03 |       0.0033 |       0.0005 |          0.0010 |
|      10 |         380 |       00:01:38 |         0.08 |         0.03 |       0.0028 |       0.0005 |          0.0010 |
|      11 |         399 |       00:01:43 |         0.08 |         0.03 |       0.0029 |       0.0005 |          0.0010 |
|      11 |         400 |       00:01:43 |         0.08 |              |       0.0032 |              |          0.0010 |
|      11 |         418 |       00:01:48 |         0.08 |         0.03 |       0.0032 |       0.0006 |          0.0010 |
|      12 |         437 |       00:01:52 |         0.07 |         0.03 |       0.0028 |       0.0005 |          0.0010 |
|      12 |         450 |       00:01:56 |         0.08 |              |       0.0029 |              |          0.0010 |
|      12 |         456 |       00:01:57 |         0.08 |         0.03 |       0.0031 |       0.0005 |          0.0010 |
|      13 |         475 |       00:02:02 |         0.08 |         0.03 |       0.0032 |       0.0005 |          0.0010 |
|      13 |         494 |       00:02:07 |         0.08 |         0.03 |       0.0031 |       0.0005 |          0.0010 |
|      13 |         500 |       00:02:09 |         0.07 |              |       0.0026 |              |          0.0010 |
|      14 |         513 |       00:02:12 |         0.08 |         0.03 |       0.0028 |       0.0005 |          0.0010 |
|      14 |         532 |       00:02:17 |         0.08 |         0.03 |       0.0033 |       0.0005 |          0.0010 |
|      15 |         550 |       00:02:22 |         0.08 |              |       0.0028 |              |          0.0010 |
|      15 |         551 |       00:02:22 |         0.08 |         0.03 |       0.0029 |       0.0005 |          0.0010 |
|      15 |         570 |       00:02:27 |         0.08 |         0.03 |       0.0030 |       0.0005 |          0.0010 |
|      16 |         589 |       00:02:32 |         0.08 |         0.03 |       0.0029 |       0.0005 |          0.0010 |
|      16 |         600 |       00:02:35 |         0.08 |              |       0.0033 |              |          0.0010 |
|      16 |         608 |       00:02:37 |         0.08 |         0.03 |       0.0031 |       0.0005 |          0.0010 |
|      17 |         627 |       00:02:41 |         0.08 |         0.03 |       0.0029 |       0.0005 |      1.0000e-04 |
|      17 |         646 |       00:02:46 |         0.08 |         0.03 |       0.0029 |       0.0005 |      1.0000e-04 |
|      17 |         650 |       00:02:47 |         0.07 |              |       0.0026 |              |      1.0000e-04 |
|      18 |         665 |       00:02:51 |         0.08 |         0.03 |       0.0031 |       0.0005 |      1.0000e-04 |
|      18 |         684 |       00:02:56 |         0.07 |         0.03 |       0.0028 |       0.0005 |      1.0000e-04 |
|      18 |         700 |       00:03:00 |         0.08 |              |       0.0029 |              |      1.0000e-04 |
|      19 |         703 |       00:03:01 |         0.08 |         0.03 |       0.0030 |       0.0005 |      1.0000e-04 |
|      19 |         722 |       00:03:06 |         0.08 |         0.03 |       0.0031 |       0.0005 |      1.0000e-04 |
|      19 |         741 |       00:03:11 |         0.08 |         0.03 |       0.0031 |       0.0005 |      1.0000e-04 |
|      20 |         750 |       00:03:13 |         0.07 |              |       0.0028 |              |      1.0000e-04 |
|      20 |         760 |       00:03:16 |         0.07 |         0.03 |       0.0027 |       0.0005 |      1.0000e-04 |
|      20 |         779 |       00:03:21 |         0.08 |         0.03 |       0.0029 |       0.0005 |      1.0000e-04 |
|      21 |         798 |       00:03:25 |         0.08 |         0.03 |       0.0029 |       0.0005 |      1.0000e-04 |
|      21 |         800 |       00:03:26 |         0.07 |              |       0.0026 |              |      1.0000e-04 |
|      21 |         817 |       00:03:30 |         0.08 |         0.03 |       0.0031 |       0.0005 |      1.0000e-04 |
|      22 |         836 |       00:03:35 |         0.07 |         0.03 |       0.0026 |       0.0005 |      1.0000e-04 |
|      22 |         850 |       00:03:39 |         0.07 |              |       0.0027 |              |      1.0000e-04 |
|      22 |         855 |       00:03:40 |         0.08 |         0.03 |       0.0028 |       0.0005 |      1.0000e-04 |
|      23 |         874 |       00:03:45 |         0.08 |         0.03 |       0.0028 |       0.0005 |      1.0000e-04 |
|      23 |         893 |       00:03:50 |         0.08 |         0.03 |       0.0029 |       0.0005 |      1.0000e-04 |
|      24 |         900 |       00:03:52 |         0.08 |              |       0.0033 |              |      1.0000e-04 |
|      24 |         912 |       00:03:55 |         0.07 |         0.03 |       0.0028 |       0.0005 |      1.0000e-04 |
|      24 |         931 |       00:04:00 |         0.08 |         0.03 |       0.0032 |       0.0005 |      1.0000e-04 |
|      25 |         950 |       00:04:05 |         0.08 |         0.03 |       0.0032 |       0.0005 |      1.0000e-05 |
|      25 |         969 |       00:04:10 |         0.08 |         0.03 |       0.0028 |       0.0005 |      1.0000e-05 |
|      26 |         988 |       00:04:14 |         0.08 |         0.03 |       0.0028 |       0.0005 |      1.0000e-05 |
|      26 |        1000 |       00:04:18 |         0.08 |              |       0.0032 |              |      1.0000e-05 |
|      26 |        1007 |       00:04:19 |         0.07 |         0.03 |       0.0028 |       0.0005 |      1.0000e-05 |
|      27 |        1026 |       00:04:24 |         0.07 |         0.03 |       0.0027 |       0.0005 |      1.0000e-05 |
|      27 |        1045 |       00:04:29 |         0.08 |         0.03 |       0.0031 |       0.0005 |      1.0000e-05 |
|      27 |        1050 |       00:04:30 |         0.08 |              |       0.0028 |              |      1.0000e-05 |
|      28 |        1064 |       00:04:34 |         0.08 |         0.03 |       0.0029 |       0.0005 |      1.0000e-05 |
|      28 |        1083 |       00:04:39 |         0.08 |         0.03 |       0.0030 |       0.0005 |      1.0000e-05 |
|      29 |        1100 |       00:04:43 |         0.08 |              |       0.0031 |              |      1.0000e-05 |
|      29 |        1102 |       00:04:44 |         0.08 |         0.03 |       0.0030 |       0.0005 |      1.0000e-05 |
|      29 |        1121 |       00:04:49 |         0.08 |         0.03 |       0.0031 |       0.0005 |      1.0000e-05 |
|      30 |        1140 |       00:04:54 |         0.08 |         0.03 |       0.0030 |       0.0005 |      1.0000e-05 |
|      30 |        1150 |       00:04:56 |         0.08 |              |       0.0030 |              |      1.0000e-05 |
|      30 |        1159 |       00:04:59 |         0.07 |         0.03 |       0.0028 |       0.0005 |      1.0000e-05 |
|      31 |        1178 |       00:05:03 |         0.07 |         0.03 |       0.0028 |       0.0005 |      1.0000e-05 |
|      31 |        1197 |       00:05:08 |         0.08 |         0.03 |       0.0028 |       0.0005 |      1.0000e-05 |
|      31 |        1200 |       00:05:09 |         0.07 |              |       0.0026 |              |      1.0000e-05 |
|      32 |        1216 |       00:05:13 |         0.08 |         0.03 |       0.0030 |       0.0005 |      1.0000e-05 |
|      32 |        1235 |       00:05:18 |         0.07 |         0.03 |       0.0028 |       0.0005 |      1.0000e-05 |
|      33 |        1250 |       00:05:22 |         0.08 |              |       0.0028 |              |      1.0000e-06 |
|      33 |        1254 |       00:05:23 |         0.08 |         0.03 |       0.0032 |       0.0005 |      1.0000e-06 |
|      33 |        1273 |       00:05:28 |         0.07 |         0.03 |       0.0026 |       0.0005 |      1.0000e-06 |
|      34 |        1292 |       00:05:33 |         0.08 |         0.03 |       0.0030 |       0.0005 |      1.0000e-06 |
|      34 |        1300 |       00:05:35 |         0.08 |              |       0.0029 |              |      1.0000e-06 |
|      34 |        1311 |       00:05:38 |         0.07 |         0.03 |       0.0028 |       0.0005 |      1.0000e-06 |
|      35 |        1330 |       00:05:42 |         0.08 |         0.03 |       0.0029 |       0.0005 |      1.0000e-06 |
|      35 |        1349 |       00:05:47 |         0.08 |         0.03 |       0.0030 |       0.0005 |      1.0000e-06 |
|      35 |        1350 |       00:05:48 |         0.08 |              |       0.0028 |              |      1.0000e-06 |
|      36 |        1368 |       00:05:52 |         0.08 |         0.03 |       0.0029 |       0.0005 |      1.0000e-06 |
|      36 |        1387 |       00:05:57 |         0.08 |         0.03 |       0.0029 |       0.0005 |      1.0000e-06 |
|      36 |        1400 |       00:06:00 |         0.08 |              |       0.0031 |              |      1.0000e-06 |
|      37 |        1406 |       00:06:02 |         0.08 |         0.03 |       0.0029 |       0.0005 |      1.0000e-06 |
|      37 |        1425 |       00:06:07 |         0.08 |         0.03 |       0.0030 |       0.0005 |      1.0000e-06 |
|      38 |        1444 |       00:06:12 |         0.07 |         0.03 |       0.0028 |       0.0005 |      1.0000e-06 |
|      38 |        1450 |       00:06:13 |         0.08 |              |       0.0030 |              |      1.0000e-06 |
|      38 |        1463 |       00:06:17 |         0.08 |         0.03 |       0.0031 |       0.0005 |      1.0000e-06 |
|      38 |        1482 |       00:06:22 |         0.08 |         0.03 |       0.0028 |       0.0005 |      1.0000e-06 |
|======================================================================================================================|
Training finished: Met validation criterion.
already training 4 times 
 5 training times , amp = 0.161300 , bias = 5.700000e-01 
 5 training times , amp = 0.161300 , bias = 2.900000e-01 
 5 training times , amp = 0.161300 , bias = 1.700000e-01 
 5 training times , amp = 0.161300 , bias = 7.700000e-01 
 5 training times , amp = 0.161300 , bias = 3.300000e-01 
 5 training times , amp = 0.161300 , bias = 7.300000e-01 
 5 training times , amp = 0.161300 , bias = 8.500000e-01 
 5 training times , amp = 0.161300 , bias = 8.100000e-01 
 5 training times , amp = 0.161300 , bias = 4.100000e-01 
 5 training times , amp = 0.161300 , bias = 6.900000e-01 
 5 training times , amp = 1.000000 , bias = 5.000000e-02 
 5 training times , amp = 1.000000 , bias = 9.000000e-02 
 5 training times , amp = 1.000000 , bias = 1.300000e-01 
 5 training times , amp = 1.000000 , bias = 2.100000e-01 
 5 training times , amp = 1.000000 , bias = 2.500000e-01 
 5 training times , amp = 1.000000 , bias = 3.700000e-01 
 5 training times , amp = 1.000000 , bias = 4.500000e-01 
 5 training times , amp = 1.000000 , bias = 4.900000e-01 
 5 training times , amp = 1.000000 , bias = 5.300000e-01 
 5 training times , amp = 1.000000 , bias = 6.100000e-01 
 5 training times , amp = 1.000000 , bias = 6.500000e-01 
Training on single GPU.
|======================================================================================================================|
|  Epoch  |  Iteration  |  Time Elapsed  |  Mini-batch  |  Validation  |  Mini-batch  |  Validation  |  Base Learning  |
|         |             |   (hh:mm:ss)   |     RMSE     |     RMSE     |     Loss     |     Loss     |      Rate       |
|======================================================================================================================|
|       1 |           1 |       00:00:00 |         0.09 |         0.39 |       0.0040 |       0.0765 |          0.0100 |
|       1 |           9 |       00:00:02 |         0.19 |         0.08 |       0.0178 |       0.0034 |          0.0100 |
|       1 |          18 |       00:00:04 |         0.12 |         0.06 |       0.0076 |       0.0016 |          0.0100 |
|       2 |          27 |       00:00:07 |         0.10 |         0.05 |       0.0054 |       0.0014 |          0.0100 |
|       2 |          36 |       00:00:09 |         0.10 |         0.04 |       0.0046 |       0.0007 |          0.0100 |
|       3 |          45 |       00:00:11 |         0.10 |         0.03 |       0.0045 |       0.0006 |          0.0100 |
|       3 |          50 |       00:00:12 |         0.09 |              |       0.0045 |              |          0.0100 |
|       3 |          54 |       00:00:14 |         0.09 |         0.05 |       0.0044 |       0.0011 |          0.0100 |
|       4 |          63 |       00:00:16 |         0.10 |         0.04 |       0.0047 |       0.0009 |          0.0100 |
|       4 |          72 |       00:00:18 |         0.10 |         0.04 |       0.0054 |       0.0006 |          0.0100 |
|       5 |          81 |       00:00:21 |         0.10 |         0.04 |       0.0046 |       0.0009 |          0.0100 |
|       5 |          90 |       00:00:23 |         0.10 |         0.04 |       0.0048 |       0.0008 |          0.0100 |
|       6 |          99 |       00:00:25 |         0.10 |         0.05 |       0.0048 |       0.0012 |          0.0100 |
|       6 |         100 |       00:00:25 |         0.10 |              |       0.0047 |              |          0.0100 |
|       6 |         108 |       00:00:28 |         0.10 |         0.04 |       0.0046 |       0.0009 |          0.0100 |
|       7 |         117 |       00:00:30 |         0.09 |         0.04 |       0.0039 |       0.0008 |          0.0100 |
|       7 |         126 |       00:00:32 |         0.10 |         0.04 |       0.0048 |       0.0006 |          0.0100 |
|       8 |         135 |       00:00:35 |         0.10 |         0.04 |       0.0046 |       0.0008 |          0.0100 |
|       8 |         144 |       00:00:37 |         0.10 |         0.04 |       0.0045 |       0.0008 |          0.0100 |
|       8 |         150 |       00:00:38 |         0.09 |              |       0.0039 |              |          0.0100 |
|       9 |         153 |       00:00:39 |         0.10 |         0.05 |       0.0051 |       0.0010 |          0.0010 |
|       9 |         162 |       00:00:41 |         0.09 |         0.03 |       0.0037 |       0.0004 |          0.0010 |
|       9 |         171 |       00:00:44 |         0.09 |         0.03 |       0.0040 |       0.0004 |          0.0010 |
|      10 |         180 |       00:00:46 |         0.08 |         0.03 |       0.0036 |       0.0005 |          0.0010 |
|      10 |         189 |       00:00:48 |         0.09 |         0.03 |       0.0038 |       0.0004 |          0.0010 |
|      11 |         198 |       00:00:51 |         0.08 |         0.03 |       0.0036 |       0.0004 |          0.0010 |
|      11 |         200 |       00:00:51 |         0.09 |              |       0.0037 |              |          0.0010 |
|      11 |         207 |       00:00:53 |         0.09 |         0.03 |       0.0036 |       0.0005 |          0.0010 |
|      12 |         216 |       00:00:55 |         0.08 |         0.03 |       0.0035 |       0.0004 |          0.0010 |
|      12 |         225 |       00:00:58 |         0.08 |         0.03 |       0.0035 |       0.0004 |          0.0010 |
|      13 |         234 |       00:01:00 |         0.09 |         0.03 |       0.0037 |       0.0004 |          0.0010 |
|      13 |         243 |       00:01:02 |         0.09 |         0.03 |       0.0037 |       0.0004 |          0.0010 |
|      14 |         250 |       00:01:04 |         0.08 |              |       0.0036 |              |          0.0010 |
|      14 |         252 |       00:01:05 |         0.09 |         0.03 |       0.0043 |       0.0004 |          0.0010 |
|      14 |         261 |       00:01:07 |         0.08 |         0.03 |       0.0036 |       0.0004 |          0.0010 |
|      15 |         270 |       00:01:09 |         0.08 |         0.03 |       0.0036 |       0.0004 |          0.0010 |
|      15 |         279 |       00:01:12 |         0.09 |         0.03 |       0.0039 |       0.0004 |          0.0010 |
|      16 |         288 |       00:01:14 |         0.09 |         0.03 |       0.0040 |       0.0004 |          0.0010 |
|      16 |         297 |       00:01:16 |         0.09 |         0.03 |       0.0036 |       0.0005 |          0.0010 |
|      16 |         300 |       00:01:17 |         0.08 |              |       0.0035 |              |          0.0010 |
|      17 |         306 |       00:01:19 |         0.08 |         0.03 |       0.0034 |       0.0004 |      1.0000e-04 |
|      17 |         315 |       00:01:21 |         0.08 |         0.03 |       0.0036 |       0.0004 |      1.0000e-04 |
|      18 |         324 |       00:01:23 |         0.09 |         0.03 |       0.0038 |       0.0004 |      1.0000e-04 |
|      18 |         333 |       00:01:26 |         0.09 |         0.03 |       0.0037 |       0.0004 |      1.0000e-04 |
|      18 |         342 |       00:01:28 |         0.09 |         0.03 |       0.0041 |       0.0004 |      1.0000e-04 |
|      19 |         350 |       00:01:30 |         0.08 |              |       0.0035 |              |      1.0000e-04 |
|      19 |         351 |       00:01:30 |         0.09 |         0.03 |       0.0040 |       0.0004 |      1.0000e-04 |
|      19 |         360 |       00:01:33 |         0.09 |         0.03 |       0.0037 |       0.0004 |      1.0000e-04 |
|      20 |         369 |       00:01:35 |         0.09 |         0.03 |       0.0037 |       0.0004 |      1.0000e-04 |
|      20 |         378 |       00:01:37 |         0.09 |         0.03 |       0.0039 |       0.0004 |      1.0000e-04 |
|      21 |         387 |       00:01:40 |         0.08 |         0.03 |       0.0034 |       0.0004 |      1.0000e-04 |
|      21 |         396 |       00:01:42 |         0.09 |         0.03 |       0.0037 |       0.0004 |      1.0000e-04 |
|      22 |         400 |       00:01:43 |         0.08 |              |       0.0033 |              |      1.0000e-04 |
|      22 |         405 |       00:01:44 |         0.09 |         0.03 |       0.0039 |       0.0004 |      1.0000e-04 |
|      22 |         414 |       00:01:46 |         0.09 |         0.03 |       0.0038 |       0.0004 |      1.0000e-04 |
|      23 |         423 |       00:01:49 |         0.08 |         0.03 |       0.0034 |       0.0004 |      1.0000e-04 |
|      23 |         432 |       00:01:51 |         0.08 |         0.03 |       0.0035 |       0.0004 |      1.0000e-04 |
|      24 |         441 |       00:01:53 |         0.09 |         0.03 |       0.0038 |       0.0004 |      1.0000e-04 |
|      24 |         450 |       00:01:56 |         0.08 |         0.03 |       0.0031 |       0.0004 |      1.0000e-04 |
|      25 |         459 |       00:01:58 |         0.09 |         0.03 |       0.0040 |       0.0004 |      1.0000e-05 |
|      25 |         468 |       00:02:00 |         0.08 |         0.03 |       0.0035 |       0.0004 |      1.0000e-05 |
|      26 |         477 |       00:02:03 |         0.09 |         0.03 |       0.0039 |       0.0004 |      1.0000e-05 |
|      26 |         486 |       00:02:05 |         0.08 |         0.03 |       0.0035 |       0.0004 |      1.0000e-05 |
|      27 |         495 |       00:02:07 |         0.09 |         0.03 |       0.0039 |       0.0004 |      1.0000e-05 |
|      27 |         500 |       00:02:09 |         0.08 |              |       0.0034 |              |      1.0000e-05 |
|      27 |         504 |       00:02:10 |         0.09 |         0.03 |       0.0038 |       0.0004 |      1.0000e-05 |
|      27 |         513 |       00:02:12 |         0.08 |         0.03 |       0.0036 |       0.0004 |      1.0000e-05 |
|      28 |         522 |       00:02:14 |         0.09 |         0.03 |       0.0038 |       0.0004 |      1.0000e-05 |
|      28 |         531 |       00:02:17 |         0.09 |         0.03 |       0.0040 |       0.0004 |      1.0000e-05 |
|      29 |         540 |       00:02:19 |         0.08 |         0.03 |       0.0036 |       0.0004 |      1.0000e-05 |
|      29 |         549 |       00:02:21 |         0.08 |         0.03 |       0.0035 |       0.0004 |      1.0000e-05 |
|      29 |         550 |       00:02:22 |         0.09 |              |       0.0038 |              |      1.0000e-05 |
|      30 |         558 |       00:02:24 |         0.09 |         0.03 |       0.0038 |       0.0004 |      1.0000e-05 |
|      30 |         567 |       00:02:26 |         0.08 |         0.03 |       0.0033 |       0.0004 |      1.0000e-05 |
|      31 |         576 |       00:02:28 |         0.08 |         0.03 |       0.0036 |       0.0004 |      1.0000e-05 |
|      31 |         585 |       00:02:31 |         0.08 |         0.03 |       0.0033 |       0.0004 |      1.0000e-05 |
|      32 |         594 |       00:02:33 |         0.08 |         0.03 |       0.0034 |       0.0004 |      1.0000e-05 |
|      32 |         600 |       00:02:35 |         0.09 |              |       0.0039 |              |      1.0000e-05 |
|      32 |         603 |       00:02:35 |         0.09 |         0.03 |       0.0038 |       0.0004 |      1.0000e-05 |
|      33 |         612 |       00:02:38 |         0.08 |         0.03 |       0.0035 |       0.0004 |      1.0000e-06 |
|      33 |         621 |       00:02:40 |         0.08 |         0.03 |       0.0034 |       0.0004 |      1.0000e-06 |
|      34 |         630 |       00:02:42 |         0.08 |         0.03 |       0.0031 |       0.0004 |      1.0000e-06 |
|      34 |         639 |       00:02:45 |         0.08 |         0.03 |       0.0033 |       0.0004 |      1.0000e-06 |
|      35 |         648 |       00:02:47 |         0.08 |         0.03 |       0.0036 |       0.0004 |      1.0000e-06 |
|      35 |         650 |       00:02:47 |         0.08 |              |       0.0036 |              |      1.0000e-06 |
|      35 |         657 |       00:02:49 |         0.08 |         0.03 |       0.0035 |       0.0004 |      1.0000e-06 |
|      36 |         666 |       00:02:52 |         0.08 |         0.03 |       0.0036 |       0.0004 |      1.0000e-06 |
|      36 |         675 |       00:02:54 |         0.09 |         0.03 |       0.0036 |       0.0004 |      1.0000e-06 |
|      36 |         684 |       00:02:56 |         0.09 |         0.03 |       0.0037 |       0.0004 |      1.0000e-06 |
|      37 |         693 |       00:02:59 |         0.08 |         0.03 |       0.0036 |       0.0004 |      1.0000e-06 |
|      37 |         700 |       00:03:00 |         0.08 |              |       0.0034 |              |      1.0000e-06 |
|      37 |         702 |       00:03:01 |         0.08 |         0.03 |       0.0035 |       0.0004 |      1.0000e-06 |
|      38 |         711 |       00:03:03 |         0.08 |         0.03 |       0.0035 |       0.0004 |      1.0000e-06 |
|      38 |         720 |       00:03:05 |         0.08 |         0.03 |       0.0035 |       0.0004 |      1.0000e-06 |
|======================================================================================================================|
Training finished: Met validation criterion.
already training 5 times 
 6 training times , amp = 0.161300 , bias = 5.000000e-02 
 6 training times , amp = 0.161300 , bias = 9.000000e-02 
 6 training times , amp = 0.161300 , bias = 1.300000e-01 
 6 training times , amp = 0.161300 , bias = 2.100000e-01 
 6 training times , amp = 0.161300 , bias = 2.500000e-01 
 6 training times , amp = 0.161300 , bias = 3.700000e-01 
 6 training times , amp = 0.161300 , bias = 4.500000e-01 
 6 training times , amp = 0.161300 , bias = 4.900000e-01 
 6 training times , amp = 0.161300 , bias = 5.300000e-01 
 6 training times , amp = 0.161300 , bias = 6.100000e-01 
 6 training times , amp = 0.161300 , bias = 6.500000e-01 
 6 training times , amp = 1.000000 , bias = 5.700000e-01 
 6 training times , amp = 1.000000 , bias = 2.900000e-01 
 6 training times , amp = 1.000000 , bias = 1.700000e-01 
 6 training times , amp = 1.000000 , bias = 7.700000e-01 
 6 training times , amp = 1.000000 , bias = 3.300000e-01 
 6 training times , amp = 1.000000 , bias = 7.300000e-01 
 6 training times , amp = 1.000000 , bias = 8.500000e-01 
 6 training times , amp = 1.000000 , bias = 8.100000e-01 
 6 training times , amp = 1.000000 , bias = 4.100000e-01 
 6 training times , amp = 1.000000 , bias = 6.900000e-01 
Training on single GPU.
|======================================================================================================================|
|  Epoch  |  Iteration  |  Time Elapsed  |  Mini-batch  |  Validation  |  Mini-batch  |  Validation  |  Base Learning  |
|         |             |   (hh:mm:ss)   |     RMSE     |     RMSE     |     Loss     |     Loss     |      Rate       |
|======================================================================================================================|
|       1 |           1 |       00:00:00 |         0.08 |         0.12 |       0.0036 |       0.0068 |          0.0100 |
|       1 |           9 |       00:00:02 |         0.15 |         0.08 |       0.0109 |       0.0028 |          0.0100 |
|       1 |          18 |       00:00:04 |         0.10 |         0.06 |       0.0047 |       0.0017 |          0.0100 |
|       2 |          27 |       00:00:07 |         0.09 |         0.05 |       0.0044 |       0.0011 |          0.0100 |
|       2 |          36 |       00:00:09 |         0.09 |         0.05 |       0.0039 |       0.0011 |          0.0100 |
|       3 |          45 |       00:00:11 |         0.09 |         0.04 |       0.0041 |       0.0008 |          0.0100 |
|       3 |          50 |       00:00:13 |         0.09 |              |       0.0037 |              |          0.0100 |
|       3 |          54 |       00:00:14 |         0.09 |         0.04 |       0.0038 |       0.0009 |          0.0100 |
|       4 |          63 |       00:00:16 |         0.08 |         0.04 |       0.0035 |       0.0007 |          0.0100 |
|       4 |          72 |       00:00:18 |         0.09 |         0.03 |       0.0040 |       0.0005 |          0.0100 |
|       5 |          81 |       00:00:21 |         0.08 |         0.04 |       0.0035 |       0.0006 |          0.0100 |
|       5 |          90 |       00:00:23 |         0.08 |         0.04 |       0.0035 |       0.0008 |          0.0100 |
|       6 |          99 |       00:00:25 |         0.08 |         0.04 |       0.0034 |       0.0009 |          0.0100 |
|       6 |         100 |       00:00:26 |         0.09 |              |       0.0040 |              |          0.0100 |
|       6 |         108 |       00:00:28 |         0.08 |         0.04 |       0.0036 |       0.0010 |          0.0100 |
|       7 |         117 |       00:00:30 |         0.09 |         0.03 |       0.0036 |       0.0005 |          0.0100 |
|       7 |         126 |       00:00:32 |         0.08 |         0.04 |       0.0029 |       0.0009 |          0.0100 |
|       8 |         135 |       00:00:35 |         0.09 |         0.04 |       0.0041 |       0.0009 |          0.0100 |
|       8 |         144 |       00:00:37 |         0.08 |         0.04 |       0.0030 |       0.0008 |          0.0100 |
|       8 |         150 |       00:00:39 |         0.08 |              |       0.0034 |              |          0.0100 |
|       9 |         153 |       00:00:40 |         0.08 |         0.04 |       0.0033 |       0.0006 |          0.0010 |
|       9 |         162 |       00:00:42 |         0.08 |         0.03 |       0.0032 |       0.0005 |          0.0010 |
|       9 |         171 |       00:00:44 |         0.08 |         0.03 |       0.0032 |       0.0004 |          0.0010 |
|      10 |         180 |       00:00:47 |         0.08 |         0.03 |       0.0032 |       0.0003 |          0.0010 |
|      10 |         189 |       00:00:49 |         0.08 |         0.03 |       0.0033 |       0.0003 |          0.0010 |
|      11 |         198 |       00:00:51 |         0.08 |         0.03 |       0.0030 |       0.0003 |          0.0010 |
|      11 |         200 |       00:00:52 |         0.08 |              |       0.0033 |              |          0.0010 |
|      11 |         207 |       00:00:54 |         0.08 |         0.03 |       0.0029 |       0.0003 |          0.0010 |
|      12 |         216 |       00:00:56 |         0.08 |         0.03 |       0.0030 |       0.0003 |          0.0010 |
|      12 |         225 |       00:00:58 |         0.08 |         0.03 |       0.0030 |       0.0003 |          0.0010 |
|      13 |         234 |       00:01:01 |         0.08 |         0.03 |       0.0031 |       0.0003 |          0.0010 |
|      13 |         243 |       00:01:03 |         0.08 |         0.03 |       0.0028 |       0.0003 |          0.0010 |
|      14 |         250 |       00:01:05 |         0.08 |              |       0.0030 |              |          0.0010 |
|      14 |         252 |       00:01:05 |         0.08 |         0.02 |       0.0035 |       0.0003 |          0.0010 |
|      14 |         261 |       00:01:08 |         0.08 |         0.02 |       0.0033 |       0.0003 |          0.0010 |
|      15 |         270 |       00:01:10 |         0.08 |         0.02 |       0.0030 |       0.0003 |          0.0010 |
|      15 |         279 |       00:01:12 |         0.08 |         0.03 |       0.0033 |       0.0003 |          0.0010 |
|      16 |         288 |       00:01:15 |         0.08 |         0.02 |       0.0030 |       0.0003 |          0.0010 |
|      16 |         297 |       00:01:17 |         0.08 |         0.02 |       0.0033 |       0.0003 |          0.0010 |
|      16 |         300 |       00:01:18 |         0.08 |              |       0.0031 |              |          0.0010 |
|      17 |         306 |       00:01:19 |         0.08 |         0.02 |       0.0032 |       0.0003 |      1.0000e-04 |
|      17 |         315 |       00:01:22 |         0.08 |         0.02 |       0.0030 |       0.0003 |      1.0000e-04 |
|      18 |         324 |       00:01:24 |         0.08 |         0.02 |       0.0031 |       0.0003 |      1.0000e-04 |
|      18 |         333 |       00:01:26 |         0.08 |         0.02 |       0.0032 |       0.0003 |      1.0000e-04 |
|      18 |         342 |       00:01:29 |         0.08 |         0.02 |       0.0028 |       0.0003 |      1.0000e-04 |
|      19 |         350 |       00:01:31 |         0.08 |              |       0.0031 |              |      1.0000e-04 |
|      19 |         351 |       00:01:31 |         0.08 |         0.02 |       0.0028 |       0.0003 |      1.0000e-04 |
|      19 |         360 |       00:01:33 |         0.08 |         0.02 |       0.0031 |       0.0003 |      1.0000e-04 |
|      20 |         369 |       00:01:36 |         0.08 |         0.02 |       0.0030 |       0.0003 |      1.0000e-04 |
|      20 |         378 |       00:01:38 |         0.08 |         0.02 |       0.0030 |       0.0003 |      1.0000e-04 |
|      21 |         387 |       00:01:41 |         0.08 |         0.02 |       0.0034 |       0.0003 |      1.0000e-04 |
|      21 |         396 |       00:01:43 |         0.08 |         0.02 |       0.0030 |       0.0003 |      1.0000e-04 |
|      22 |         400 |       00:01:44 |         0.08 |              |       0.0029 |              |      1.0000e-04 |
|      22 |         405 |       00:01:45 |         0.08 |         0.02 |       0.0029 |       0.0003 |      1.0000e-04 |
|      22 |         414 |       00:01:48 |         0.08 |         0.02 |       0.0030 |       0.0003 |      1.0000e-04 |
|      23 |         423 |       00:01:50 |         0.07 |         0.02 |       0.0027 |       0.0003 |      1.0000e-04 |
|      23 |         432 |       00:01:52 |         0.08 |         0.02 |       0.0029 |       0.0003 |      1.0000e-04 |
|      24 |         441 |       00:01:55 |         0.08 |         0.02 |       0.0028 |       0.0003 |      1.0000e-04 |
|      24 |         450 |       00:01:57 |         0.08 |         0.02 |       0.0030 |       0.0003 |      1.0000e-04 |
|      25 |         459 |       00:01:59 |         0.08 |         0.02 |       0.0030 |       0.0003 |      1.0000e-05 |
|      25 |         468 |       00:02:02 |         0.08 |         0.02 |       0.0030 |       0.0003 |      1.0000e-05 |
|      26 |         477 |       00:02:04 |         0.08 |         0.02 |       0.0028 |       0.0003 |      1.0000e-05 |
|      26 |         486 |       00:02:06 |         0.08 |         0.02 |       0.0031 |       0.0003 |      1.0000e-05 |
|      27 |         495 |       00:02:09 |         0.08 |         0.02 |       0.0031 |       0.0003 |      1.0000e-05 |
|      27 |         500 |       00:02:10 |         0.08 |              |       0.0032 |              |      1.0000e-05 |
|      27 |         504 |       00:02:11 |         0.08 |         0.02 |       0.0030 |       0.0003 |      1.0000e-05 |
|      27 |         513 |       00:02:13 |         0.08 |         0.02 |       0.0029 |       0.0003 |      1.0000e-05 |
|      28 |         522 |       00:02:16 |         0.08 |         0.02 |       0.0031 |       0.0003 |      1.0000e-05 |
|      28 |         531 |       00:02:18 |         0.08 |         0.02 |       0.0033 |       0.0003 |      1.0000e-05 |
|      29 |         540 |       00:02:20 |         0.08 |         0.02 |       0.0030 |       0.0003 |      1.0000e-05 |
|      29 |         549 |       00:02:23 |         0.07 |         0.02 |       0.0027 |       0.0003 |      1.0000e-05 |
|      29 |         550 |       00:02:23 |         0.07 |              |       0.0028 |              |      1.0000e-05 |
|      30 |         558 |       00:02:25 |         0.08 |         0.02 |       0.0031 |       0.0003 |      1.0000e-05 |
|      30 |         567 |       00:02:27 |         0.08 |         0.02 |       0.0031 |       0.0003 |      1.0000e-05 |
|      31 |         576 |       00:02:30 |         0.08 |         0.02 |       0.0031 |       0.0003 |      1.0000e-05 |
|      31 |         585 |       00:02:32 |         0.08 |         0.02 |       0.0029 |       0.0003 |      1.0000e-05 |
|      32 |         594 |       00:02:34 |         0.07 |         0.02 |       0.0028 |       0.0003 |      1.0000e-05 |
|      32 |         600 |       00:02:36 |         0.08 |              |       0.0031 |              |      1.0000e-05 |
|      32 |         603 |       00:02:37 |         0.08 |         0.02 |       0.0030 |       0.0003 |      1.0000e-05 |
|      33 |         612 |       00:02:39 |         0.08 |         0.02 |       0.0031 |       0.0003 |      1.0000e-06 |
|      33 |         621 |       00:02:41 |         0.08 |         0.02 |       0.0033 |       0.0003 |      1.0000e-06 |
|======================================================================================================================|
Training finished: Met validation criterion.
already training 6 times 
>> >> >> >> >> >> >> >> >> >> >> >> >> >> >> >> >> >> >> >> >> >> >>  
 Threenonlinear , ini learningRate = 1.000000e-02 , min batch size = 400 , DropPeriod = 8 , DropFactor = 0.100000 , data_num = 40 
>> >> >> >> 