
                            < M A T L A B (R) >
                  Copyright 1984-2022 The MathWorks, Inc.
             R2022a Update 5 (9.12.0.2039608) 64-bit (glnxa64)
                              August 12, 2022

 
To get started, type doc.
For product information, visit www.mathworks.com.
 
>> >> >> >> >> >> >> >> >> >> >> >> >> >> >> >> >> >> >> >> >> >> >> >> >> >> >> >> >> >> >> >> >> >> This is Threenonlinear network , ini learningRate = 1.000000e-02 , min batch size = 400 , DropPeriod = 8 , DropFactor = 0.100000 
>> Hidden Units = 60 , v2 
>> >> >> >> >> >> >> >> >> >> >> >> >>  1 training times , amp = 0.161300 , bias = 5.700000e-01 
 1 training times , amp = 0.161300 , bias = 2.900000e-01 
 1 training times , amp = 0.161300 , bias = 1.700000e-01 
 1 training times , amp = 0.161300 , bias = 7.700000e-01 
 1 training times , amp = 0.161300 , bias = 3.300000e-01 
 1 training times , amp = 0.161300 , bias = 7.300000e-01 
 1 training times , amp = 0.161300 , bias = 8.500000e-01 
 1 training times , amp = 0.161300 , bias = 8.100000e-01 
 1 training times , amp = 0.161300 , bias = 4.100000e-01 
 1 training times , amp = 0.161300 , bias = 6.900000e-01 
 1 training times , amp = 0.161300 , bias = 5.000000e-02 
 1 training times , amp = 0.161300 , bias = 9.000000e-02 
 1 training times , amp = 0.161300 , bias = 1.300000e-01 
 1 training times , amp = 0.161300 , bias = 2.100000e-01 
 1 training times , amp = 0.161300 , bias = 2.500000e-01 
 1 training times , amp = 0.161300 , bias = 3.700000e-01 
 1 training times , amp = 0.161300 , bias = 4.500000e-01 
 1 training times , amp = 0.161300 , bias = 4.900000e-01 
 1 training times , amp = 0.161300 , bias = 5.300000e-01 
 1 training times , amp = 0.161300 , bias = 6.100000e-01 
 1 training times , amp = 0.161300 , bias = 6.500000e-01 
Training on single GPU.
|======================================================================================================================|
|  Epoch  |  Iteration  |  Time Elapsed  |  Mini-batch  |  Validation  |  Mini-batch  |  Validation  |  Base Learning  |
|         |             |   (hh:mm:ss)   |     RMSE     |     RMSE     |     Loss     |     Loss     |      Rate       |
|======================================================================================================================|
|       1 |           1 |       00:00:03 |         1.43 |         0.63 |       1.0191 |       0.2011 |          0.0100 |
|       1 |          19 |       00:00:08 |         0.12 |         0.14 |       0.0069 |       0.0092 |          0.0100 |
|       1 |          38 |       00:00:13 |         0.06 |         0.09 |       0.0016 |       0.0044 |          0.0100 |
|       2 |          50 |       00:00:16 |         0.13 |              |       0.0081 |              |          0.0100 |
|       2 |          57 |       00:00:18 |         0.06 |         0.06 |       0.0018 |       0.0016 |          0.0100 |
|       2 |          76 |       00:00:23 |         0.04 |         0.05 |       0.0009 |       0.0014 |          0.0100 |
|       3 |          95 |       00:00:27 |         0.07 |         0.08 |       0.0027 |       0.0031 |          0.0100 |
|       3 |         100 |       00:00:29 |         0.05 |              |       0.0015 |              |          0.0100 |
|       3 |         114 |       00:00:32 |         0.06 |         0.05 |       0.0016 |       0.0012 |          0.0100 |
|       4 |         133 |       00:00:37 |         0.06 |         0.05 |       0.0016 |       0.0012 |          0.0100 |
|       4 |         150 |       00:00:41 |         0.04 |              |       0.0010 |              |          0.0100 |
|       4 |         152 |       00:00:42 |         0.04 |         0.05 |       0.0009 |       0.0012 |          0.0100 |
|       5 |         171 |       00:00:46 |         0.06 |         0.06 |       0.0017 |       0.0016 |          0.0100 |
|       5 |         190 |       00:00:51 |         0.06 |         0.04 |       0.0016 |       0.0008 |          0.0100 |
|       6 |         200 |       00:00:54 |         0.07 |              |       0.0025 |              |          0.0100 |
|       6 |         209 |       00:00:56 |         0.05 |         0.04 |       0.0012 |       0.0008 |          0.0100 |
|       6 |         228 |       00:01:01 |         0.05 |         0.05 |       0.0014 |       0.0014 |          0.0100 |
|       7 |         247 |       00:01:05 |         0.04 |         0.04 |       0.0009 |       0.0007 |          0.0100 |
|       7 |         250 |       00:01:06 |         0.06 |              |       0.0017 |              |          0.0100 |
|       7 |         266 |       00:01:10 |         0.07 |         0.08 |       0.0028 |       0.0031 |          0.0100 |
|       8 |         285 |       00:01:15 |         0.05 |         0.06 |       0.0010 |       0.0017 |          0.0100 |
|       8 |         300 |       00:01:19 |         0.04 |              |       0.0008 |              |          0.0100 |
|       8 |         304 |       00:01:20 |         0.05 |         0.06 |       0.0013 |       0.0016 |          0.0100 |
|       9 |         323 |       00:01:25 |         0.02 |         0.03 |       0.0003 |       0.0004 |          0.0010 |
|       9 |         342 |       00:01:29 |         0.03 |         0.03 |       0.0003 |       0.0004 |          0.0010 |
|       9 |         350 |       00:01:31 |         0.03 |              |       0.0004 |              |          0.0010 |
|      10 |         361 |       00:01:34 |         0.02 |         0.02 |       0.0003 |       0.0003 |          0.0010 |
|      10 |         380 |       00:01:39 |         0.02 |         0.02 |       0.0003 |       0.0003 |          0.0010 |
|      11 |         399 |       00:01:44 |         0.02 |         0.02 |       0.0003 |       0.0003 |          0.0010 |
|      11 |         400 |       00:01:44 |         0.02 |              |       0.0003 |              |          0.0010 |
|      11 |         418 |       00:01:48 |         0.02 |         0.02 |       0.0003 |       0.0003 |          0.0010 |
|      12 |         437 |       00:01:53 |         0.02 |         0.02 |       0.0003 |       0.0003 |          0.0010 |
|      12 |         450 |       00:01:56 |         0.02 |              |       0.0003 |              |          0.0010 |
|      12 |         456 |       00:01:58 |         0.02 |         0.02 |       0.0003 |       0.0003 |          0.0010 |
|      13 |         475 |       00:02:03 |         0.02 |         0.02 |       0.0003 |       0.0003 |          0.0010 |
|      13 |         494 |       00:02:08 |         0.02 |         0.02 |       0.0003 |       0.0003 |          0.0010 |
|      13 |         500 |       00:02:09 |         0.02 |              |       0.0003 |              |          0.0010 |
|      14 |         513 |       00:02:12 |         0.02 |         0.02 |       0.0003 |       0.0003 |          0.0010 |
|      14 |         532 |       00:02:17 |         0.02 |         0.02 |       0.0003 |       0.0003 |          0.0010 |
|      15 |         550 |       00:02:22 |         0.02 |              |       0.0003 |              |          0.0010 |
|      15 |         551 |       00:02:22 |         0.02 |         0.02 |       0.0003 |       0.0003 |          0.0010 |
|      15 |         570 |       00:02:27 |         0.02 |         0.02 |       0.0003 |       0.0003 |          0.0010 |
|      16 |         589 |       00:02:32 |         0.02 |         0.02 |       0.0003 |       0.0003 |          0.0010 |
|      16 |         600 |       00:02:34 |         0.02 |              |       0.0003 |              |          0.0010 |
|      16 |         608 |       00:02:36 |         0.02 |         0.02 |       0.0003 |       0.0002 |          0.0010 |
|      17 |         627 |       00:02:41 |         0.02 |         0.02 |       0.0003 |       0.0003 |      1.0000e-04 |
|      17 |         646 |       00:02:46 |         0.02 |         0.02 |       0.0003 |       0.0003 |      1.0000e-04 |
|      17 |         650 |       00:02:47 |         0.02 |              |       0.0003 |              |      1.0000e-04 |
|      18 |         665 |       00:02:51 |         0.02 |         0.02 |       0.0003 |       0.0003 |      1.0000e-04 |
|      18 |         684 |       00:02:56 |         0.02 |         0.02 |       0.0003 |       0.0003 |      1.0000e-04 |
|      18 |         700 |       00:03:00 |         0.02 |              |       0.0003 |              |      1.0000e-04 |
|      19 |         703 |       00:03:01 |         0.02 |         0.02 |       0.0003 |       0.0003 |      1.0000e-04 |
|      19 |         722 |       00:03:05 |         0.02 |         0.02 |       0.0003 |       0.0003 |      1.0000e-04 |
|      19 |         741 |       00:03:10 |         0.02 |         0.02 |       0.0003 |       0.0003 |      1.0000e-04 |
|      20 |         750 |       00:03:12 |         0.02 |              |       0.0003 |              |      1.0000e-04 |
|      20 |         760 |       00:03:15 |         0.02 |         0.02 |       0.0003 |       0.0003 |      1.0000e-04 |
|      20 |         779 |       00:03:20 |         0.02 |         0.02 |       0.0003 |       0.0003 |      1.0000e-04 |
|      21 |         798 |       00:03:25 |         0.02 |         0.02 |       0.0003 |       0.0003 |      1.0000e-04 |
|      21 |         800 |       00:03:25 |         0.02 |              |       0.0003 |              |      1.0000e-04 |
|      21 |         817 |       00:03:29 |         0.02 |         0.02 |       0.0002 |       0.0003 |      1.0000e-04 |
|      22 |         836 |       00:03:34 |         0.02 |         0.02 |       0.0003 |       0.0003 |      1.0000e-04 |
|      22 |         850 |       00:03:38 |         0.02 |              |       0.0003 |              |      1.0000e-04 |
|      22 |         855 |       00:03:39 |         0.02 |         0.02 |       0.0003 |       0.0003 |      1.0000e-04 |
|      23 |         874 |       00:03:44 |         0.02 |         0.02 |       0.0003 |       0.0003 |      1.0000e-04 |
|      23 |         893 |       00:03:49 |         0.02 |         0.02 |       0.0003 |       0.0003 |      1.0000e-04 |
|      24 |         900 |       00:03:50 |         0.02 |              |       0.0003 |              |      1.0000e-04 |
|      24 |         912 |       00:03:53 |         0.02 |         0.02 |       0.0003 |       0.0003 |      1.0000e-04 |
|      24 |         931 |       00:03:58 |         0.02 |         0.02 |       0.0003 |       0.0003 |      1.0000e-04 |
|      25 |         950 |       00:04:03 |         0.02 |         0.02 |       0.0003 |       0.0003 |      1.0000e-05 |
|      25 |         969 |       00:04:08 |         0.02 |         0.02 |       0.0003 |       0.0003 |      1.0000e-05 |
|      26 |         988 |       00:04:13 |         0.02 |         0.02 |       0.0003 |       0.0003 |      1.0000e-05 |
|      26 |        1000 |       00:04:16 |         0.02 |              |       0.0003 |              |      1.0000e-05 |
|      26 |        1007 |       00:04:18 |         0.02 |         0.02 |       0.0003 |       0.0003 |      1.0000e-05 |
|      27 |        1026 |       00:04:22 |         0.02 |         0.02 |       0.0003 |       0.0003 |      1.0000e-05 |
|      27 |        1045 |       00:04:27 |         0.02 |         0.02 |       0.0003 |       0.0003 |      1.0000e-05 |
|      27 |        1050 |       00:04:28 |         0.02 |              |       0.0003 |              |      1.0000e-05 |
|      28 |        1064 |       00:04:32 |         0.02 |         0.02 |       0.0003 |       0.0003 |      1.0000e-05 |
|      28 |        1083 |       00:04:37 |         0.02 |         0.02 |       0.0003 |       0.0003 |      1.0000e-05 |
|      29 |        1100 |       00:04:41 |         0.02 |              |       0.0003 |              |      1.0000e-05 |
|      29 |        1102 |       00:04:42 |         0.02 |         0.02 |       0.0003 |       0.0003 |      1.0000e-05 |
|      29 |        1121 |       00:04:46 |         0.02 |         0.02 |       0.0003 |       0.0003 |      1.0000e-05 |
|      30 |        1140 |       00:04:51 |         0.02 |         0.02 |       0.0003 |       0.0003 |      1.0000e-05 |
|      30 |        1150 |       00:04:54 |         0.02 |              |       0.0003 |              |      1.0000e-05 |
|      30 |        1159 |       00:04:56 |         0.02 |         0.02 |       0.0003 |       0.0003 |      1.0000e-05 |
|      31 |        1178 |       00:05:01 |         0.02 |         0.02 |       0.0003 |       0.0003 |      1.0000e-05 |
|======================================================================================================================|
Training finished: Met validation criterion.
already training 1 times 
 2 training times , amp = 0.161300 , bias = 5.000000e-02 
 2 training times , amp = 0.161300 , bias = 9.000000e-02 
 2 training times , amp = 0.161300 , bias = 1.300000e-01 
 2 training times , amp = 0.161300 , bias = 2.100000e-01 
 2 training times , amp = 0.161300 , bias = 2.500000e-01 
 2 training times , amp = 0.161300 , bias = 3.700000e-01 
 2 training times , amp = 0.161300 , bias = 4.500000e-01 
 2 training times , amp = 0.161300 , bias = 4.900000e-01 
 2 training times , amp = 0.161300 , bias = 5.300000e-01 
 2 training times , amp = 0.161300 , bias = 6.100000e-01 
 2 training times , amp = 0.161300 , bias = 6.500000e-01 
 2 training times , amp = 0.161300 , bias = 5.700000e-01 
 2 training times , amp = 0.161300 , bias = 2.900000e-01 
 2 training times , amp = 0.161300 , bias = 1.700000e-01 
 2 training times , amp = 0.161300 , bias = 7.700000e-01 
 2 training times , amp = 0.161300 , bias = 3.300000e-01 
 2 training times , amp = 0.161300 , bias = 7.300000e-01 
 2 training times , amp = 0.161300 , bias = 8.500000e-01 
 2 training times , amp = 0.161300 , bias = 8.100000e-01 
 2 training times , amp = 0.161300 , bias = 4.100000e-01 
 2 training times , amp = 0.161300 , bias = 6.900000e-01 
Training on single GPU.
|======================================================================================================================|
|  Epoch  |  Iteration  |  Time Elapsed  |  Mini-batch  |  Validation  |  Mini-batch  |  Validation  |  Base Learning  |
|         |             |   (hh:mm:ss)   |     RMSE     |     RMSE     |     Loss     |     Loss     |      Rate       |
|======================================================================================================================|
|       1 |           1 |       00:00:00 |         0.02 |         0.66 |       0.0003 |       0.2156 |          0.0100 |
|       1 |          19 |       00:00:04 |         0.18 |         0.16 |       0.0170 |       0.0128 |          0.0100 |
|       1 |          38 |       00:00:09 |         0.08 |         0.10 |       0.0030 |       0.0046 |          0.0100 |
|       2 |          50 |       00:00:12 |         0.08 |              |       0.0033 |              |          0.0100 |
|       2 |          57 |       00:00:14 |         0.12 |         0.08 |       0.0073 |       0.0033 |          0.0100 |
|       2 |          76 |       00:00:19 |         0.05 |         0.06 |       0.0010 |       0.0020 |          0.0100 |
|       3 |          95 |       00:00:24 |         0.06 |         0.06 |       0.0018 |       0.0016 |          0.0100 |
|       3 |         100 |       00:00:25 |         0.07 |              |       0.0022 |              |          0.0100 |
|       3 |         114 |       00:00:29 |         0.05 |         0.08 |       0.0014 |       0.0035 |          0.0100 |
|       4 |         133 |       00:00:34 |         0.04 |         0.05 |       0.0007 |       0.0013 |          0.0100 |
|       4 |         150 |       00:00:38 |         0.05 |              |       0.0014 |              |          0.0100 |
|       4 |         152 |       00:00:39 |         0.06 |         0.04 |       0.0017 |       0.0008 |          0.0100 |
|       5 |         171 |       00:00:44 |         0.04 |         0.06 |       0.0010 |       0.0017 |          0.0100 |
|       5 |         190 |       00:00:49 |         0.05 |         0.05 |       0.0012 |       0.0012 |          0.0100 |
|       6 |         200 |       00:00:51 |         0.05 |              |       0.0011 |              |          0.0100 |
|       6 |         209 |       00:00:54 |         0.04 |         0.05 |       0.0010 |       0.0014 |          0.0100 |
|       6 |         228 |       00:00:59 |         0.05 |         0.05 |       0.0011 |       0.0010 |          0.0100 |
|       7 |         247 |       00:01:04 |         0.04 |         0.05 |       0.0009 |       0.0014 |          0.0100 |
|       7 |         250 |       00:01:04 |         0.05 |              |       0.0011 |              |          0.0100 |
|       7 |         266 |       00:01:09 |         0.04 |         0.04 |       0.0010 |       0.0009 |          0.0100 |
|       8 |         285 |       00:01:13 |         0.04 |         0.05 |       0.0009 |       0.0013 |          0.0100 |
|       8 |         300 |       00:01:17 |         0.05 |              |       0.0011 |              |          0.0100 |
|       8 |         304 |       00:01:18 |         0.04 |         0.04 |       0.0010 |       0.0009 |          0.0100 |
|       9 |         323 |       00:01:23 |         0.03 |         0.03 |       0.0004 |       0.0004 |          0.0010 |
|       9 |         342 |       00:01:28 |         0.03 |         0.03 |       0.0004 |       0.0004 |          0.0010 |
|       9 |         350 |       00:01:30 |         0.03 |              |       0.0003 |              |          0.0010 |
|      10 |         361 |       00:01:33 |         0.02 |         0.03 |       0.0003 |       0.0004 |          0.0010 |
|      10 |         380 |       00:01:38 |         0.02 |         0.03 |       0.0003 |       0.0003 |          0.0010 |
|      11 |         399 |       00:01:43 |         0.02 |         0.03 |       0.0003 |       0.0003 |          0.0010 |
|      11 |         400 |       00:01:43 |         0.02 |              |       0.0003 |              |          0.0010 |
|      11 |         418 |       00:01:48 |         0.03 |         0.03 |       0.0003 |       0.0004 |          0.0010 |
|      12 |         437 |       00:01:53 |         0.02 |         0.03 |       0.0003 |       0.0003 |          0.0010 |
|      12 |         450 |       00:01:56 |         0.02 |              |       0.0003 |              |          0.0010 |
|      12 |         456 |       00:01:57 |         0.02 |         0.03 |       0.0003 |       0.0003 |          0.0010 |
|      13 |         475 |       00:02:02 |         0.02 |         0.02 |       0.0003 |       0.0003 |          0.0010 |
|      13 |         494 |       00:02:07 |         0.02 |         0.03 |       0.0003 |       0.0003 |          0.0010 |
|      13 |         500 |       00:02:09 |         0.02 |              |       0.0003 |              |          0.0010 |
|      14 |         513 |       00:02:12 |         0.02 |         0.03 |       0.0003 |       0.0003 |          0.0010 |
|      14 |         532 |       00:02:17 |         0.02 |         0.03 |       0.0003 |       0.0003 |          0.0010 |
|      15 |         550 |       00:02:22 |         0.02 |              |       0.0003 |              |          0.0010 |
|      15 |         551 |       00:02:22 |         0.02 |         0.03 |       0.0003 |       0.0003 |          0.0010 |
|      15 |         570 |       00:02:27 |         0.02 |         0.02 |       0.0003 |       0.0003 |          0.0010 |
|      16 |         589 |       00:02:32 |         0.02 |         0.02 |       0.0003 |       0.0003 |          0.0010 |
|      16 |         600 |       00:02:34 |         0.02 |              |       0.0003 |              |          0.0010 |
|      16 |         608 |       00:02:37 |         0.02 |         0.02 |       0.0003 |       0.0003 |          0.0010 |
|      17 |         627 |       00:02:41 |         0.02 |         0.02 |       0.0003 |       0.0003 |      1.0000e-04 |
|      17 |         646 |       00:02:46 |         0.02 |         0.02 |       0.0003 |       0.0003 |      1.0000e-04 |
|      17 |         650 |       00:02:47 |         0.02 |              |       0.0003 |              |      1.0000e-04 |
|      18 |         665 |       00:02:51 |         0.02 |         0.02 |       0.0003 |       0.0003 |      1.0000e-04 |
|      18 |         684 |       00:02:56 |         0.02 |         0.02 |       0.0003 |       0.0003 |      1.0000e-04 |
|      18 |         700 |       00:03:00 |         0.02 |              |       0.0003 |              |      1.0000e-04 |
|      19 |         703 |       00:03:01 |         0.02 |         0.02 |       0.0002 |       0.0003 |      1.0000e-04 |
|      19 |         722 |       00:03:06 |         0.02 |         0.02 |       0.0003 |       0.0003 |      1.0000e-04 |
|      19 |         741 |       00:03:11 |         0.02 |         0.02 |       0.0003 |       0.0003 |      1.0000e-04 |
|      20 |         750 |       00:03:13 |         0.02 |              |       0.0003 |              |      1.0000e-04 |
|      20 |         760 |       00:03:16 |         0.02 |         0.02 |       0.0003 |       0.0003 |      1.0000e-04 |
|      20 |         779 |       00:03:21 |         0.02 |         0.02 |       0.0003 |       0.0003 |      1.0000e-04 |
|      21 |         798 |       00:03:26 |         0.02 |         0.02 |       0.0003 |       0.0003 |      1.0000e-04 |
|      21 |         800 |       00:03:26 |         0.02 |              |       0.0002 |              |      1.0000e-04 |
|      21 |         817 |       00:03:31 |         0.02 |         0.02 |       0.0002 |       0.0003 |      1.0000e-04 |
|      22 |         836 |       00:03:35 |         0.02 |         0.02 |       0.0002 |       0.0003 |      1.0000e-04 |
|      22 |         850 |       00:03:39 |         0.02 |              |       0.0003 |              |      1.0000e-04 |
|      22 |         855 |       00:03:40 |         0.02 |         0.02 |       0.0003 |       0.0003 |      1.0000e-04 |
|      23 |         874 |       00:03:45 |         0.02 |         0.02 |       0.0003 |       0.0003 |      1.0000e-04 |
|      23 |         893 |       00:03:50 |         0.02 |         0.02 |       0.0003 |       0.0003 |      1.0000e-04 |
|      24 |         900 |       00:03:52 |         0.02 |              |       0.0003 |              |      1.0000e-04 |
|      24 |         912 |       00:03:55 |         0.02 |         0.02 |       0.0003 |       0.0003 |      1.0000e-04 |
|      24 |         931 |       00:04:00 |         0.02 |         0.02 |       0.0003 |       0.0003 |      1.0000e-04 |
|      25 |         950 |       00:04:05 |         0.02 |         0.02 |       0.0002 |       0.0003 |      1.0000e-05 |
|      25 |         969 |       00:04:10 |         0.02 |         0.02 |       0.0003 |       0.0003 |      1.0000e-05 |
|      26 |         988 |       00:04:15 |         0.02 |         0.02 |       0.0003 |       0.0003 |      1.0000e-05 |
|      26 |        1000 |       00:04:18 |         0.02 |              |       0.0003 |              |      1.0000e-05 |
|      26 |        1007 |       00:04:19 |         0.02 |         0.02 |       0.0003 |       0.0003 |      1.0000e-05 |
|      27 |        1026 |       00:04:24 |         0.02 |         0.02 |       0.0003 |       0.0003 |      1.0000e-05 |
|      27 |        1045 |       00:04:29 |         0.02 |         0.02 |       0.0003 |       0.0003 |      1.0000e-05 |
|      27 |        1050 |       00:04:31 |         0.02 |              |       0.0002 |              |      1.0000e-05 |
|      28 |        1064 |       00:04:34 |         0.02 |         0.02 |       0.0003 |       0.0003 |      1.0000e-05 |
|      28 |        1083 |       00:04:39 |         0.02 |         0.02 |       0.0003 |       0.0003 |      1.0000e-05 |
|      29 |        1100 |       00:04:43 |         0.02 |              |       0.0003 |              |      1.0000e-05 |
|      29 |        1102 |       00:04:44 |         0.02 |         0.02 |       0.0003 |       0.0003 |      1.0000e-05 |
|      29 |        1121 |       00:04:49 |         0.02 |         0.02 |       0.0003 |       0.0003 |      1.0000e-05 |
|      30 |        1140 |       00:04:54 |         0.02 |         0.02 |       0.0003 |       0.0003 |      1.0000e-05 |
|      30 |        1150 |       00:04:56 |         0.02 |              |       0.0003 |              |      1.0000e-05 |
|      30 |        1159 |       00:04:59 |         0.02 |         0.02 |       0.0003 |       0.0003 |      1.0000e-05 |
|      31 |        1178 |       00:05:04 |         0.02 |         0.02 |       0.0002 |       0.0003 |      1.0000e-05 |
|      31 |        1197 |       00:05:09 |         0.02 |         0.02 |       0.0002 |       0.0003 |      1.0000e-05 |
|      31 |        1200 |       00:05:09 |         0.02 |              |       0.0003 |              |      1.0000e-05 |
|      32 |        1216 |       00:05:13 |         0.02 |         0.02 |       0.0003 |       0.0003 |      1.0000e-05 |
|      32 |        1235 |       00:05:18 |         0.02 |         0.02 |       0.0003 |       0.0003 |      1.0000e-05 |
|      33 |        1250 |       00:05:22 |         0.02 |              |       0.0003 |              |      1.0000e-06 |
|      33 |        1254 |       00:05:23 |         0.02 |         0.02 |       0.0002 |       0.0003 |      1.0000e-06 |
|      33 |        1273 |       00:05:28 |         0.02 |         0.02 |       0.0003 |       0.0003 |      1.0000e-06 |
|      34 |        1292 |       00:05:33 |         0.02 |         0.02 |       0.0003 |       0.0003 |      1.0000e-06 |
|      34 |        1300 |       00:05:35 |         0.02 |              |       0.0003 |              |      1.0000e-06 |
|      34 |        1311 |       00:05:38 |         0.02 |         0.02 |       0.0003 |       0.0003 |      1.0000e-06 |
|      35 |        1330 |       00:05:43 |         0.02 |         0.02 |       0.0003 |       0.0003 |      1.0000e-06 |
|      35 |        1349 |       00:05:48 |         0.02 |         0.02 |       0.0002 |       0.0003 |      1.0000e-06 |
|      35 |        1350 |       00:05:48 |         0.02 |              |       0.0003 |              |      1.0000e-06 |
|      36 |        1368 |       00:05:53 |         0.02 |         0.02 |       0.0003 |       0.0003 |      1.0000e-06 |
|      36 |        1387 |       00:05:57 |         0.02 |         0.02 |       0.0003 |       0.0003 |      1.0000e-06 |
|      36 |        1400 |       00:06:01 |         0.02 |              |       0.0003 |              |      1.0000e-06 |
|      37 |        1406 |       00:06:02 |         0.02 |         0.02 |       0.0003 |       0.0003 |      1.0000e-06 |
|      37 |        1425 |       00:06:07 |         0.02 |         0.02 |       0.0003 |       0.0003 |      1.0000e-06 |
|      38 |        1444 |       00:06:12 |         0.02 |         0.02 |       0.0002 |       0.0003 |      1.0000e-06 |
|      38 |        1450 |       00:06:14 |         0.02 |              |       0.0003 |              |      1.0000e-06 |
|      38 |        1463 |       00:06:17 |         0.02 |         0.02 |       0.0003 |       0.0003 |      1.0000e-06 |
|      38 |        1482 |       00:06:22 |         0.02 |         0.02 |       0.0003 |       0.0003 |      1.0000e-06 |
|      39 |        1500 |       00:06:27 |         0.02 |              |       0.0003 |              |      1.0000e-06 |
|      39 |        1501 |       00:06:27 |         0.02 |         0.02 |       0.0003 |       0.0003 |      1.0000e-06 |
|      39 |        1520 |       00:06:32 |         0.02 |         0.02 |       0.0002 |       0.0003 |      1.0000e-06 |
|      40 |        1539 |       00:06:37 |         0.02 |         0.02 |       0.0002 |       0.0003 |      1.0000e-06 |
|      40 |        1550 |       00:06:39 |         0.02 |              |       0.0003 |              |      1.0000e-06 |
|      40 |        1558 |       00:06:41 |         0.02 |         0.02 |       0.0002 |       0.0003 |      1.0000e-06 |
|      41 |        1577 |       00:06:46 |         0.02 |         0.02 |       0.0003 |       0.0003 |      1.0000e-07 |
|      41 |        1596 |       00:06:51 |         0.02 |         0.02 |       0.0003 |       0.0003 |      1.0000e-07 |
|      42 |        1600 |       00:06:52 |         0.02 |              |       0.0003 |              |      1.0000e-07 |
|      42 |        1615 |       00:06:56 |         0.02 |         0.02 |       0.0003 |       0.0003 |      1.0000e-07 |
|      42 |        1634 |       00:07:01 |         0.02 |         0.02 |       0.0003 |       0.0003 |      1.0000e-07 |
|      43 |        1650 |       00:07:05 |         0.02 |              |       0.0003 |              |      1.0000e-07 |
|      43 |        1653 |       00:07:06 |         0.02 |         0.02 |       0.0003 |       0.0003 |      1.0000e-07 |
|      43 |        1672 |       00:07:11 |         0.02 |         0.02 |       0.0002 |       0.0003 |      1.0000e-07 |
|      44 |        1691 |       00:07:16 |         0.02 |         0.02 |       0.0003 |       0.0003 |      1.0000e-07 |
|      44 |        1700 |       00:07:18 |         0.02 |              |       0.0002 |              |      1.0000e-07 |
|      44 |        1710 |       00:07:21 |         0.02 |         0.02 |       0.0003 |       0.0003 |      1.0000e-07 |
|      45 |        1729 |       00:07:26 |         0.02 |         0.02 |       0.0003 |       0.0003 |      1.0000e-07 |
|      45 |        1748 |       00:07:30 |         0.02 |         0.02 |       0.0002 |       0.0003 |      1.0000e-07 |
|      45 |        1750 |       00:07:31 |         0.02 |              |       0.0003 |              |      1.0000e-07 |
|      46 |        1767 |       00:07:35 |         0.02 |         0.02 |       0.0003 |       0.0003 |      1.0000e-07 |
|      46 |        1786 |       00:07:40 |         0.02 |         0.02 |       0.0003 |       0.0003 |      1.0000e-07 |
|      47 |        1800 |       00:07:44 |         0.02 |              |       0.0003 |              |      1.0000e-07 |
|      47 |        1805 |       00:07:45 |         0.02 |         0.02 |       0.0002 |       0.0003 |      1.0000e-07 |
|======================================================================================================================|
Training finished: Met validation criterion.
already training 2 times 
 3 training times , amp = 0.161300 , bias = 5.700000e-01 
 3 training times , amp = 0.161300 , bias = 2.900000e-01 
 3 training times , amp = 0.161300 , bias = 1.700000e-01 
 3 training times , amp = 0.161300 , bias = 7.700000e-01 
 3 training times , amp = 0.161300 , bias = 3.300000e-01 
 3 training times , amp = 0.161300 , bias = 7.300000e-01 
 3 training times , amp = 0.161300 , bias = 8.500000e-01 
 3 training times , amp = 0.161300 , bias = 8.100000e-01 
 3 training times , amp = 0.161300 , bias = 4.100000e-01 
 3 training times , amp = 0.161300 , bias = 6.900000e-01 
 3 training times , amp = 0.161300 , bias = 5.000000e-02 
 3 training times , amp = 0.161300 , bias = 9.000000e-02 
 3 training times , amp = 0.161300 , bias = 1.300000e-01 
 3 training times , amp = 0.161300 , bias = 2.100000e-01 
 3 training times , amp = 0.161300 , bias = 2.500000e-01 
 3 training times , amp = 0.161300 , bias = 3.700000e-01 
 3 training times , amp = 0.161300 , bias = 4.500000e-01 
 3 training times , amp = 0.161300 , bias = 4.900000e-01 
 3 training times , amp = 0.161300 , bias = 5.300000e-01 
 3 training times , amp = 0.161300 , bias = 6.100000e-01 
 3 training times , amp = 0.161300 , bias = 6.500000e-01 
Training on single GPU.
|======================================================================================================================|
|  Epoch  |  Iteration  |  Time Elapsed  |  Mini-batch  |  Validation  |  Mini-batch  |  Validation  |  Base Learning  |
|         |             |   (hh:mm:ss)   |     RMSE     |     RMSE     |     Loss     |     Loss     |      Rate       |
|======================================================================================================================|
|       1 |           1 |       00:00:00 |         0.02 |         0.52 |       0.0003 |       0.1355 |          0.0100 |
|       1 |          19 |       00:00:04 |         0.11 |         0.06 |       0.0058 |       0.0016 |          0.0100 |
|       1 |          38 |       00:00:09 |         0.06 |         0.07 |       0.0020 |       0.0022 |          0.0100 |
|       2 |          50 |       00:00:12 |         0.05 |              |       0.0011 |              |          0.0100 |
|       2 |          57 |       00:00:14 |         0.08 |         0.09 |       0.0030 |       0.0041 |          0.0100 |
|       2 |          76 |       00:00:19 |         0.04 |         0.05 |       0.0008 |       0.0011 |          0.0100 |
|       3 |          95 |       00:00:24 |         0.05 |         0.05 |       0.0014 |       0.0013 |          0.0100 |
|       3 |         100 |       00:00:25 |         0.04 |              |       0.0007 |              |          0.0100 |
|       3 |         114 |       00:00:29 |         0.03 |         0.07 |       0.0005 |       0.0022 |          0.0100 |
|       4 |         133 |       00:00:34 |         0.08 |         0.04 |       0.0029 |       0.0008 |          0.0100 |
|       4 |         150 |       00:00:38 |         0.05 |              |       0.0011 |              |          0.0100 |
|       4 |         152 |       00:00:39 |         0.04 |         0.04 |       0.0009 |       0.0007 |          0.0100 |
|       5 |         171 |       00:00:44 |         0.04 |         0.04 |       0.0007 |       0.0008 |          0.0100 |
|       5 |         190 |       00:00:49 |         0.04 |         0.04 |       0.0008 |       0.0007 |          0.0100 |
|       6 |         200 |       00:00:51 |         0.04 |              |       0.0007 |              |          0.0100 |
|       6 |         209 |       00:00:54 |         0.03 |         0.04 |       0.0006 |       0.0008 |          0.0100 |
|       6 |         228 |       00:00:59 |         0.04 |         0.04 |       0.0007 |       0.0006 |          0.0100 |
|       7 |         247 |       00:01:04 |         0.03 |         0.04 |       0.0005 |       0.0006 |          0.0100 |
|       7 |         250 |       00:01:04 |         0.03 |              |       0.0006 |              |          0.0100 |
|       7 |         266 |       00:01:09 |         0.03 |         0.03 |       0.0005 |       0.0005 |          0.0100 |
|       8 |         285 |       00:01:13 |         0.03 |         0.05 |       0.0004 |       0.0011 |          0.0100 |
|       8 |         300 |       00:01:17 |         0.03 |              |       0.0005 |              |          0.0100 |
|       8 |         304 |       00:01:18 |         0.04 |         0.03 |       0.0008 |       0.0005 |          0.0100 |
|       9 |         323 |       00:01:23 |         0.03 |         0.03 |       0.0003 |       0.0004 |          0.0010 |
|       9 |         342 |       00:01:28 |         0.02 |         0.03 |       0.0003 |       0.0003 |          0.0010 |
|       9 |         350 |       00:01:30 |         0.02 |              |       0.0003 |              |          0.0010 |
|      10 |         361 |       00:01:33 |         0.02 |         0.02 |       0.0003 |       0.0003 |          0.0010 |
|      10 |         380 |       00:01:38 |         0.02 |         0.02 |       0.0003 |       0.0003 |          0.0010 |
|      11 |         399 |       00:01:43 |         0.02 |         0.02 |       0.0003 |       0.0003 |          0.0010 |
|      11 |         400 |       00:01:44 |         0.02 |              |       0.0003 |              |          0.0010 |
|      11 |         418 |       00:01:48 |         0.02 |         0.03 |       0.0003 |       0.0003 |          0.0010 |
|      12 |         437 |       00:01:53 |         0.02 |         0.03 |       0.0003 |       0.0003 |          0.0010 |
|      12 |         450 |       00:01:57 |         0.02 |              |       0.0003 |              |          0.0010 |
|      12 |         456 |       00:01:58 |         0.02 |         0.02 |       0.0003 |       0.0003 |          0.0010 |
|      13 |         475 |       00:02:03 |         0.02 |         0.02 |       0.0003 |       0.0003 |          0.0010 |
|      13 |         494 |       00:02:08 |         0.02 |         0.03 |       0.0003 |       0.0003 |          0.0010 |
|      13 |         500 |       00:02:10 |         0.02 |              |       0.0003 |              |          0.0010 |
|      14 |         513 |       00:02:13 |         0.02 |         0.02 |       0.0003 |       0.0003 |          0.0010 |
|      14 |         532 |       00:02:18 |         0.02 |         0.02 |       0.0003 |       0.0003 |          0.0010 |
|      15 |         550 |       00:02:23 |         0.02 |              |       0.0003 |              |          0.0010 |
|      15 |         551 |       00:02:23 |         0.02 |         0.02 |       0.0003 |       0.0003 |          0.0010 |
|      15 |         570 |       00:02:28 |         0.02 |         0.02 |       0.0003 |       0.0003 |          0.0010 |
|      16 |         589 |       00:02:33 |         0.02 |         0.02 |       0.0003 |       0.0003 |          0.0010 |
|      16 |         600 |       00:02:36 |         0.02 |              |       0.0003 |              |          0.0010 |
|      16 |         608 |       00:02:38 |         0.02 |         0.02 |       0.0003 |       0.0003 |          0.0010 |
|      17 |         627 |       00:02:43 |         0.02 |         0.02 |       0.0003 |       0.0003 |      1.0000e-04 |
|      17 |         646 |       00:02:48 |         0.02 |         0.02 |       0.0003 |       0.0003 |      1.0000e-04 |
|      17 |         650 |       00:02:49 |         0.02 |              |       0.0003 |              |      1.0000e-04 |
|      18 |         665 |       00:02:53 |         0.02 |         0.02 |       0.0003 |       0.0003 |      1.0000e-04 |
|      18 |         684 |       00:02:58 |         0.02 |         0.02 |       0.0003 |       0.0003 |      1.0000e-04 |
|      18 |         700 |       00:03:02 |         0.02 |              |       0.0003 |              |      1.0000e-04 |
|      19 |         703 |       00:03:03 |         0.02 |         0.02 |       0.0003 |       0.0003 |      1.0000e-04 |
|      19 |         722 |       00:03:08 |         0.02 |         0.02 |       0.0003 |       0.0003 |      1.0000e-04 |
|      19 |         741 |       00:03:13 |         0.02 |         0.02 |       0.0003 |       0.0003 |      1.0000e-04 |
|      20 |         750 |       00:03:15 |         0.02 |              |       0.0003 |              |      1.0000e-04 |
|      20 |         760 |       00:03:18 |         0.02 |         0.02 |       0.0003 |       0.0003 |      1.0000e-04 |
|      20 |         779 |       00:03:23 |         0.02 |         0.02 |       0.0002 |       0.0003 |      1.0000e-04 |
|      21 |         798 |       00:03:28 |         0.02 |         0.02 |       0.0003 |       0.0003 |      1.0000e-04 |
|      21 |         800 |       00:03:28 |         0.02 |              |       0.0003 |              |      1.0000e-04 |
|      21 |         817 |       00:03:33 |         0.02 |         0.02 |       0.0002 |       0.0003 |      1.0000e-04 |
|      22 |         836 |       00:03:38 |         0.02 |         0.02 |       0.0003 |       0.0003 |      1.0000e-04 |
|      22 |         850 |       00:03:41 |         0.02 |              |       0.0002 |              |      1.0000e-04 |
|      22 |         855 |       00:03:43 |         0.02 |         0.02 |       0.0003 |       0.0003 |      1.0000e-04 |
|      23 |         874 |       00:03:48 |         0.02 |         0.02 |       0.0003 |       0.0003 |      1.0000e-04 |
|      23 |         893 |       00:03:53 |         0.02 |         0.02 |       0.0003 |       0.0003 |      1.0000e-04 |
|      24 |         900 |       00:03:55 |         0.02 |              |       0.0003 |              |      1.0000e-04 |
|      24 |         912 |       00:03:58 |         0.02 |         0.02 |       0.0003 |       0.0003 |      1.0000e-04 |
|      24 |         931 |       00:04:03 |         0.02 |         0.02 |       0.0003 |       0.0003 |      1.0000e-04 |
|      25 |         950 |       00:04:08 |         0.02 |         0.02 |       0.0003 |       0.0003 |      1.0000e-05 |
|      25 |         969 |       00:04:13 |         0.02 |         0.02 |       0.0003 |       0.0003 |      1.0000e-05 |
|      26 |         988 |       00:04:18 |         0.02 |         0.02 |       0.0003 |       0.0003 |      1.0000e-05 |
|      26 |        1000 |       00:04:21 |         0.02 |              |       0.0003 |              |      1.0000e-05 |
|      26 |        1007 |       00:04:23 |         0.02 |         0.02 |       0.0003 |       0.0003 |      1.0000e-05 |
|      27 |        1026 |       00:04:28 |         0.02 |         0.02 |       0.0003 |       0.0003 |      1.0000e-05 |
|      27 |        1045 |       00:04:33 |         0.02 |         0.02 |       0.0003 |       0.0003 |      1.0000e-05 |
|      27 |        1050 |       00:04:34 |         0.02 |              |       0.0003 |              |      1.0000e-05 |
|      28 |        1064 |       00:04:38 |         0.02 |         0.02 |       0.0003 |       0.0003 |      1.0000e-05 |
|      28 |        1083 |       00:04:42 |         0.02 |         0.02 |       0.0003 |       0.0003 |      1.0000e-05 |
|      29 |        1100 |       00:04:47 |         0.02 |              |       0.0002 |              |      1.0000e-05 |
|      29 |        1102 |       00:04:47 |         0.02 |         0.02 |       0.0003 |       0.0003 |      1.0000e-05 |
|      29 |        1121 |       00:04:52 |         0.02 |         0.02 |       0.0003 |       0.0003 |      1.0000e-05 |
|      30 |        1140 |       00:04:57 |         0.02 |         0.02 |       0.0003 |       0.0003 |      1.0000e-05 |
|      30 |        1150 |       00:05:00 |         0.02 |              |       0.0003 |              |      1.0000e-05 |
|      30 |        1159 |       00:05:02 |         0.02 |         0.02 |       0.0002 |       0.0003 |      1.0000e-05 |
|======================================================================================================================|
Training finished: Met validation criterion.
already training 3 times 
 4 training times , amp = 0.161300 , bias = 5.000000e-02 
 4 training times , amp = 0.161300 , bias = 9.000000e-02 
 4 training times , amp = 0.161300 , bias = 1.300000e-01 
 4 training times , amp = 0.161300 , bias = 2.100000e-01 
 4 training times , amp = 0.161300 , bias = 2.500000e-01 
 4 training times , amp = 0.161300 , bias = 3.700000e-01 
 4 training times , amp = 0.161300 , bias = 4.500000e-01 
 4 training times , amp = 0.161300 , bias = 4.900000e-01 
 4 training times , amp = 0.161300 , bias = 5.300000e-01 
 4 training times , amp = 0.161300 , bias = 6.100000e-01 
 4 training times , amp = 0.161300 , bias = 6.500000e-01 
 4 training times , amp = 0.161300 , bias = 5.700000e-01 
 4 training times , amp = 0.161300 , bias = 2.900000e-01 
 4 training times , amp = 0.161300 , bias = 1.700000e-01 
 4 training times , amp = 0.161300 , bias = 7.700000e-01 
 4 training times , amp = 0.161300 , bias = 3.300000e-01 
 4 training times , amp = 0.161300 , bias = 7.300000e-01 
 4 training times , amp = 0.161300 , bias = 8.500000e-01 
 4 training times , amp = 0.161300 , bias = 8.100000e-01 
 4 training times , amp = 0.161300 , bias = 4.100000e-01 
 4 training times , amp = 0.161300 , bias = 6.900000e-01 
Training on single GPU.
|======================================================================================================================|
|  Epoch  |  Iteration  |  Time Elapsed  |  Mini-batch  |  Validation  |  Mini-batch  |  Validation  |  Base Learning  |
|         |             |   (hh:mm:ss)   |     RMSE     |     RMSE     |     Loss     |     Loss     |      Rate       |
|======================================================================================================================|
|       1 |           1 |       00:00:00 |         0.02 |         0.34 |       0.0003 |       0.0569 |          0.0100 |
|       1 |          19 |       00:00:05 |         0.05 |         0.07 |       0.0012 |       0.0023 |          0.0100 |
|       1 |          38 |       00:00:10 |         0.04 |         0.06 |       0.0009 |       0.0017 |          0.0100 |
|       2 |          50 |       00:00:13 |         0.03 |              |       0.0005 |              |          0.0100 |
|       2 |          57 |       00:00:15 |         0.03 |         0.04 |       0.0005 |       0.0008 |          0.0100 |
|       2 |          76 |       00:00:20 |         0.03 |         0.04 |       0.0005 |       0.0008 |          0.0100 |
|       3 |          95 |       00:00:25 |         0.03 |         0.03 |       0.0004 |       0.0006 |          0.0100 |
|       3 |         100 |       00:00:26 |         0.03 |              |       0.0003 |              |          0.0100 |
|       3 |         114 |       00:00:30 |         0.03 |         0.03 |       0.0004 |       0.0005 |          0.0100 |
|       4 |         133 |       00:00:35 |         0.03 |         0.03 |       0.0004 |       0.0005 |          0.0100 |
|       4 |         150 |       00:00:39 |         0.03 |              |       0.0003 |              |          0.0100 |
|       4 |         152 |       00:00:40 |         0.03 |         0.03 |       0.0003 |       0.0005 |          0.0100 |
|       5 |         171 |       00:00:45 |         0.03 |         0.03 |       0.0004 |       0.0006 |          0.0100 |
|       5 |         190 |       00:00:50 |         0.03 |         0.03 |       0.0003 |       0.0005 |          0.0100 |
|       6 |         200 |       00:00:52 |         0.03 |              |       0.0003 |              |          0.0100 |
|       6 |         209 |       00:00:55 |         0.02 |         0.03 |       0.0003 |       0.0005 |          0.0100 |
|       6 |         228 |       00:01:00 |         0.02 |         0.03 |       0.0003 |       0.0005 |          0.0100 |
|       7 |         247 |       00:01:05 |         0.03 |         0.04 |       0.0005 |       0.0009 |          0.0100 |
|       7 |         250 |       00:01:05 |         0.03 |              |       0.0005 |              |          0.0100 |
|       7 |         266 |       00:01:10 |         0.03 |         0.04 |       0.0005 |       0.0007 |          0.0100 |
|       8 |         285 |       00:01:15 |         0.03 |         0.03 |       0.0004 |       0.0005 |          0.0100 |
|       8 |         300 |       00:01:19 |         0.03 |              |       0.0004 |              |          0.0100 |
|       8 |         304 |       00:01:20 |         0.03 |         0.03 |       0.0004 |       0.0005 |          0.0100 |
|       9 |         323 |       00:01:25 |         0.02 |         0.03 |       0.0003 |       0.0004 |          0.0010 |
|       9 |         342 |       00:01:30 |         0.02 |         0.03 |       0.0003 |       0.0004 |          0.0010 |
|       9 |         350 |       00:01:32 |         0.02 |              |       0.0002 |              |          0.0010 |
|      10 |         361 |       00:01:35 |         0.02 |         0.03 |       0.0002 |       0.0003 |          0.0010 |
|      10 |         380 |       00:01:40 |         0.02 |         0.03 |       0.0003 |       0.0003 |          0.0010 |
|      11 |         399 |       00:01:45 |         0.02 |         0.03 |       0.0003 |       0.0003 |          0.0010 |
|      11 |         400 |       00:01:45 |         0.02 |              |       0.0003 |              |          0.0010 |
|      11 |         418 |       00:01:50 |         0.02 |         0.03 |       0.0002 |       0.0003 |          0.0010 |
|      12 |         437 |       00:01:55 |         0.02 |         0.02 |       0.0002 |       0.0003 |          0.0010 |
|      12 |         450 |       00:01:58 |         0.02 |              |       0.0002 |              |          0.0010 |
|      12 |         456 |       00:02:00 |         0.02 |         0.03 |       0.0002 |       0.0004 |          0.0010 |
|      13 |         475 |       00:02:05 |         0.02 |         0.02 |       0.0003 |       0.0003 |          0.0010 |
|      13 |         494 |       00:02:10 |         0.02 |         0.02 |       0.0003 |       0.0003 |          0.0010 |
|      13 |         500 |       00:02:11 |         0.02 |              |       0.0003 |              |          0.0010 |
|      14 |         513 |       00:02:15 |         0.02 |         0.03 |       0.0002 |       0.0003 |          0.0010 |
|      14 |         532 |       00:02:20 |         0.02 |         0.02 |       0.0003 |       0.0003 |          0.0010 |
|      15 |         550 |       00:02:24 |         0.02 |              |       0.0003 |              |          0.0010 |
|      15 |         551 |       00:02:25 |         0.02 |         0.03 |       0.0003 |       0.0004 |          0.0010 |
|      15 |         570 |       00:02:30 |         0.02 |         0.02 |       0.0002 |       0.0003 |          0.0010 |
|      16 |         589 |       00:02:35 |         0.02 |         0.03 |       0.0003 |       0.0003 |          0.0010 |
|      16 |         600 |       00:02:38 |         0.02 |              |       0.0002 |              |          0.0010 |
|      16 |         608 |       00:02:40 |         0.02 |         0.03 |       0.0002 |       0.0003 |          0.0010 |
|      17 |         627 |       00:02:45 |         0.02 |         0.02 |       0.0003 |       0.0003 |      1.0000e-04 |
|      17 |         646 |       00:02:50 |         0.02 |         0.02 |       0.0002 |       0.0003 |      1.0000e-04 |
|      17 |         650 |       00:02:51 |         0.02 |              |       0.0002 |              |      1.0000e-04 |
|      18 |         665 |       00:02:55 |         0.02 |         0.03 |       0.0002 |       0.0003 |      1.0000e-04 |
|      18 |         684 |       00:03:00 |         0.02 |         0.03 |       0.0002 |       0.0003 |      1.0000e-04 |
|      18 |         700 |       00:03:04 |         0.02 |              |       0.0002 |              |      1.0000e-04 |
|      19 |         703 |       00:03:05 |         0.02 |         0.02 |       0.0002 |       0.0003 |      1.0000e-04 |
|      19 |         722 |       00:03:10 |         0.02 |         0.03 |       0.0003 |       0.0003 |      1.0000e-04 |
|      19 |         741 |       00:03:15 |         0.02 |         0.02 |       0.0002 |       0.0003 |      1.0000e-04 |
|      20 |         750 |       00:03:17 |         0.02 |              |       0.0002 |              |      1.0000e-04 |
|      20 |         760 |       00:03:20 |         0.02 |         0.03 |       0.0002 |       0.0003 |      1.0000e-04 |
|      20 |         779 |       00:03:25 |         0.02 |         0.02 |       0.0002 |       0.0003 |      1.0000e-04 |
|      21 |         798 |       00:03:30 |         0.02 |         0.03 |       0.0002 |       0.0003 |      1.0000e-04 |
|      21 |         800 |       00:03:31 |         0.02 |              |       0.0002 |              |      1.0000e-04 |
|      21 |         817 |       00:03:35 |         0.02 |         0.02 |       0.0002 |       0.0003 |      1.0000e-04 |
|      22 |         836 |       00:03:40 |         0.02 |         0.02 |       0.0002 |       0.0003 |      1.0000e-04 |
|      22 |         850 |       00:03:44 |         0.02 |              |       0.0003 |              |      1.0000e-04 |
|      22 |         855 |       00:03:45 |         0.02 |         0.03 |       0.0003 |       0.0003 |      1.0000e-04 |
|      23 |         874 |       00:03:50 |         0.02 |         0.02 |       0.0002 |       0.0003 |      1.0000e-04 |
|      23 |         893 |       00:03:55 |         0.02 |         0.03 |       0.0002 |       0.0003 |      1.0000e-04 |
|      24 |         900 |       00:03:57 |         0.02 |              |       0.0002 |              |      1.0000e-04 |
|      24 |         912 |       00:04:01 |         0.02 |         0.03 |       0.0002 |       0.0003 |      1.0000e-04 |
|      24 |         931 |       00:04:06 |         0.02 |         0.02 |       0.0003 |       0.0003 |      1.0000e-04 |
|      25 |         950 |       00:04:11 |         0.02 |         0.02 |       0.0003 |       0.0003 |      1.0000e-05 |
|      25 |         969 |       00:04:16 |         0.02 |         0.02 |       0.0002 |       0.0003 |      1.0000e-05 |
|      26 |         988 |       00:04:21 |         0.02 |         0.02 |       0.0002 |       0.0003 |      1.0000e-05 |
|      26 |        1000 |       00:04:24 |         0.02 |              |       0.0003 |              |      1.0000e-05 |
|      26 |        1007 |       00:04:26 |         0.02 |         0.02 |       0.0002 |       0.0003 |      1.0000e-05 |
|      27 |        1026 |       00:04:31 |         0.02 |         0.02 |       0.0003 |       0.0003 |      1.0000e-05 |
|      27 |        1045 |       00:04:36 |         0.02 |         0.02 |       0.0003 |       0.0003 |      1.0000e-05 |
|      27 |        1050 |       00:04:37 |         0.02 |              |       0.0002 |              |      1.0000e-05 |
|      28 |        1064 |       00:04:41 |         0.02 |         0.02 |       0.0002 |       0.0003 |      1.0000e-05 |
|      28 |        1083 |       00:04:46 |         0.02 |         0.02 |       0.0002 |       0.0003 |      1.0000e-05 |
|      29 |        1100 |       00:04:50 |         0.02 |              |       0.0002 |              |      1.0000e-05 |
|      29 |        1102 |       00:04:51 |         0.02 |         0.02 |       0.0002 |       0.0003 |      1.0000e-05 |
|      29 |        1121 |       00:04:56 |         0.02 |         0.02 |       0.0002 |       0.0003 |      1.0000e-05 |
|      30 |        1140 |       00:05:01 |         0.02 |         0.02 |       0.0002 |       0.0003 |      1.0000e-05 |
|======================================================================================================================|
Training finished: Met validation criterion.
already training 4 times 
 5 training times , amp = 0.161300 , bias = 5.700000e-01 
 5 training times , amp = 0.161300 , bias = 2.900000e-01 
 5 training times , amp = 0.161300 , bias = 1.700000e-01 
 5 training times , amp = 0.161300 , bias = 7.700000e-01 
 5 training times , amp = 0.161300 , bias = 3.300000e-01 
 5 training times , amp = 0.161300 , bias = 7.300000e-01 
 5 training times , amp = 0.161300 , bias = 8.500000e-01 
 5 training times , amp = 0.161300 , bias = 8.100000e-01 
 5 training times , amp = 0.161300 , bias = 4.100000e-01 
 5 training times , amp = 0.161300 , bias = 6.900000e-01 
 5 training times , amp = 0.161300 , bias = 5.000000e-02 
 5 training times , amp = 0.161300 , bias = 9.000000e-02 
 5 training times , amp = 0.161300 , bias = 1.300000e-01 
 5 training times , amp = 0.161300 , bias = 2.100000e-01 
 5 training times , amp = 0.161300 , bias = 2.500000e-01 
 5 training times , amp = 0.161300 , bias = 3.700000e-01 
 5 training times , amp = 0.161300 , bias = 4.500000e-01 
 5 training times , amp = 0.161300 , bias = 4.900000e-01 
 5 training times , amp = 0.161300 , bias = 5.300000e-01 
 5 training times , amp = 0.161300 , bias = 6.100000e-01 
 5 training times , amp = 0.161300 , bias = 6.500000e-01 
Training on single GPU.
|======================================================================================================================|
|  Epoch  |  Iteration  |  Time Elapsed  |  Mini-batch  |  Validation  |  Mini-batch  |  Validation  |  Base Learning  |
|         |             |   (hh:mm:ss)   |     RMSE     |     RMSE     |     Loss     |     Loss     |      Rate       |
|======================================================================================================================|
|       1 |           1 |       00:00:00 |         0.02 |         0.07 |       0.0003 |       0.0022 |          0.0100 |
|       1 |           9 |       00:00:02 |         0.04 |         0.03 |       0.0008 |       0.0006 |          0.0100 |
|       1 |          18 |       00:00:04 |         0.03 |         0.04 |       0.0006 |       0.0007 |          0.0100 |
|       2 |          27 |       00:00:07 |         0.03 |         0.03 |       0.0005 |       0.0005 |          0.0100 |
|       2 |          36 |       00:00:09 |         0.03 |         0.03 |       0.0003 |       0.0004 |          0.0100 |
|       3 |          45 |       00:00:11 |         0.02 |         0.03 |       0.0003 |       0.0005 |          0.0100 |
|       3 |          50 |       00:00:13 |         0.03 |              |       0.0004 |              |          0.0100 |
|       3 |          54 |       00:00:14 |         0.03 |         0.03 |       0.0003 |       0.0004 |          0.0100 |
|       4 |          63 |       00:00:16 |         0.03 |         0.02 |       0.0004 |       0.0003 |          0.0100 |
|       4 |          72 |       00:00:18 |         0.03 |         0.03 |       0.0004 |       0.0003 |          0.0100 |
|       5 |          81 |       00:00:21 |         0.03 |         0.03 |       0.0003 |       0.0003 |          0.0100 |
|       5 |          90 |       00:00:23 |         0.03 |         0.03 |       0.0004 |       0.0003 |          0.0100 |
|       6 |          99 |       00:00:26 |         0.03 |         0.03 |       0.0004 |       0.0003 |          0.0100 |
|       6 |         100 |       00:00:26 |         0.02 |              |       0.0003 |              |          0.0100 |
|       6 |         108 |       00:00:28 |         0.03 |         0.03 |       0.0003 |       0.0004 |          0.0100 |
|       7 |         117 |       00:00:30 |         0.03 |         0.03 |       0.0003 |       0.0004 |          0.0100 |
|       7 |         126 |       00:00:33 |         0.03 |         0.03 |       0.0003 |       0.0003 |          0.0100 |
|       8 |         135 |       00:00:35 |         0.03 |         0.03 |       0.0003 |       0.0003 |          0.0100 |
|       8 |         144 |       00:00:37 |         0.03 |         0.03 |       0.0003 |       0.0003 |          0.0100 |
|       8 |         150 |       00:00:39 |         0.03 |              |       0.0003 |              |          0.0100 |
|       9 |         153 |       00:00:40 |         0.03 |         0.02 |       0.0003 |       0.0003 |          0.0010 |
|       9 |         162 |       00:00:42 |         0.02 |         0.02 |       0.0003 |       0.0003 |          0.0010 |
|       9 |         171 |       00:00:44 |         0.02 |         0.02 |       0.0003 |       0.0002 |          0.0010 |
|      10 |         180 |       00:00:47 |         0.02 |         0.02 |       0.0003 |       0.0003 |          0.0010 |
|      10 |         189 |       00:00:49 |         0.02 |         0.02 |       0.0003 |       0.0003 |          0.0010 |
|      11 |         198 |       00:00:52 |         0.02 |         0.02 |       0.0003 |       0.0003 |          0.0010 |
|      11 |         200 |       00:00:52 |         0.02 |              |       0.0003 |              |          0.0010 |
|      11 |         207 |       00:00:54 |         0.02 |         0.02 |       0.0003 |       0.0003 |          0.0010 |
|      12 |         216 |       00:00:56 |         0.02 |         0.02 |       0.0003 |       0.0003 |          0.0010 |
|      12 |         225 |       00:00:59 |         0.02 |         0.02 |       0.0003 |       0.0003 |          0.0010 |
|      13 |         234 |       00:01:01 |         0.02 |         0.02 |       0.0003 |       0.0003 |          0.0010 |
|      13 |         243 |       00:01:03 |         0.02 |         0.02 |       0.0003 |       0.0002 |          0.0010 |
|      14 |         250 |       00:01:05 |         0.02 |              |       0.0003 |              |          0.0010 |
|      14 |         252 |       00:01:06 |         0.02 |         0.02 |       0.0003 |       0.0003 |          0.0010 |
|      14 |         261 |       00:01:08 |         0.02 |         0.02 |       0.0003 |       0.0003 |          0.0010 |
|      15 |         270 |       00:01:10 |         0.02 |         0.02 |       0.0003 |       0.0003 |          0.0010 |
|      15 |         279 |       00:01:13 |         0.02 |         0.02 |       0.0003 |       0.0003 |          0.0010 |
|      16 |         288 |       00:01:15 |         0.02 |         0.02 |       0.0002 |       0.0003 |          0.0010 |
|      16 |         297 |       00:01:18 |         0.02 |         0.02 |       0.0003 |       0.0003 |          0.0010 |
|      16 |         300 |       00:01:18 |         0.02 |              |       0.0003 |              |          0.0010 |
|      17 |         306 |       00:01:20 |         0.02 |         0.02 |       0.0003 |       0.0003 |      1.0000e-04 |
|      17 |         315 |       00:01:22 |         0.02 |         0.02 |       0.0003 |       0.0003 |      1.0000e-04 |
|      18 |         324 |       00:01:25 |         0.02 |         0.02 |       0.0002 |       0.0003 |      1.0000e-04 |
|      18 |         333 |       00:01:27 |         0.02 |         0.02 |       0.0003 |       0.0003 |      1.0000e-04 |
|      18 |         342 |       00:01:29 |         0.02 |         0.02 |       0.0003 |       0.0003 |      1.0000e-04 |
|      19 |         350 |       00:01:31 |         0.02 |              |       0.0003 |              |      1.0000e-04 |
|      19 |         351 |       00:01:32 |         0.02 |         0.02 |       0.0003 |       0.0003 |      1.0000e-04 |
|      19 |         360 |       00:01:34 |         0.02 |         0.02 |       0.0003 |       0.0003 |      1.0000e-04 |
|      20 |         369 |       00:01:36 |         0.02 |         0.02 |       0.0003 |       0.0003 |      1.0000e-04 |
|      20 |         378 |       00:01:39 |         0.02 |         0.02 |       0.0003 |       0.0003 |      1.0000e-04 |
|      21 |         387 |       00:01:41 |         0.02 |         0.02 |       0.0003 |       0.0003 |      1.0000e-04 |
|      21 |         396 |       00:01:43 |         0.02 |         0.02 |       0.0003 |       0.0003 |      1.0000e-04 |
|      22 |         400 |       00:01:45 |         0.02 |              |       0.0003 |              |      1.0000e-04 |
|      22 |         405 |       00:01:46 |         0.02 |         0.02 |       0.0003 |       0.0003 |      1.0000e-04 |
|      22 |         414 |       00:01:48 |         0.02 |         0.02 |       0.0003 |       0.0003 |      1.0000e-04 |
|      23 |         423 |       00:01:51 |         0.02 |         0.02 |       0.0003 |       0.0003 |      1.0000e-04 |
|      23 |         432 |       00:01:53 |         0.02 |         0.02 |       0.0003 |       0.0003 |      1.0000e-04 |
|      24 |         441 |       00:01:55 |         0.02 |         0.02 |       0.0003 |       0.0003 |      1.0000e-04 |
|      24 |         450 |       00:01:58 |         0.02 |         0.02 |       0.0003 |       0.0003 |      1.0000e-04 |
|      25 |         459 |       00:02:00 |         0.02 |         0.02 |       0.0003 |       0.0003 |      1.0000e-05 |
|      25 |         468 |       00:02:02 |         0.02 |         0.02 |       0.0003 |       0.0003 |      1.0000e-05 |
|      26 |         477 |       00:02:05 |         0.02 |         0.02 |       0.0002 |       0.0003 |      1.0000e-05 |
|      26 |         486 |       00:02:07 |         0.02 |         0.02 |       0.0002 |       0.0003 |      1.0000e-05 |
|      27 |         495 |       00:02:10 |         0.02 |         0.02 |       0.0003 |       0.0003 |      1.0000e-05 |
|      27 |         500 |       00:02:11 |         0.02 |              |       0.0003 |              |      1.0000e-05 |
|      27 |         504 |       00:02:12 |         0.02 |         0.02 |       0.0002 |       0.0003 |      1.0000e-05 |
|      27 |         513 |       00:02:14 |         0.02 |         0.02 |       0.0003 |       0.0003 |      1.0000e-05 |
|======================================================================================================================|
Training finished: Met validation criterion.
already training 5 times 
 6 training times , amp = 0.161300 , bias = 5.000000e-02 
 6 training times , amp = 0.161300 , bias = 9.000000e-02 
 6 training times , amp = 0.161300 , bias = 1.300000e-01 
 6 training times , amp = 0.161300 , bias = 2.100000e-01 
 6 training times , amp = 0.161300 , bias = 2.500000e-01 
 6 training times , amp = 0.161300 , bias = 3.700000e-01 
 6 training times , amp = 0.161300 , bias = 4.500000e-01 
 6 training times , amp = 0.161300 , bias = 4.900000e-01 
 6 training times , amp = 0.161300 , bias = 5.300000e-01 
 6 training times , amp = 0.161300 , bias = 6.100000e-01 
 6 training times , amp = 0.161300 , bias = 6.500000e-01 
 6 training times , amp = 0.161300 , bias = 5.700000e-01 
 6 training times , amp = 0.161300 , bias = 2.900000e-01 
 6 training times , amp = 0.161300 , bias = 1.700000e-01 
 6 training times , amp = 0.161300 , bias = 7.700000e-01 
 6 training times , amp = 0.161300 , bias = 3.300000e-01 
 6 training times , amp = 0.161300 , bias = 7.300000e-01 
 6 training times , amp = 0.161300 , bias = 8.500000e-01 
 6 training times , amp = 0.161300 , bias = 8.100000e-01 
 6 training times , amp = 0.161300 , bias = 4.100000e-01 
 6 training times , amp = 0.161300 , bias = 6.900000e-01 
Training on single GPU.
|======================================================================================================================|
|  Epoch  |  Iteration  |  Time Elapsed  |  Mini-batch  |  Validation  |  Mini-batch  |  Validation  |  Base Learning  |
|         |             |   (hh:mm:ss)   |     RMSE     |     RMSE     |     Loss     |     Loss     |      Rate       |
|======================================================================================================================|
|       1 |           1 |       00:00:00 |         0.02 |         0.07 |       0.0003 |       0.0023 |          0.0100 |
|       1 |           9 |       00:00:02 |         0.04 |         0.07 |       0.0008 |       0.0022 |          0.0100 |
|       1 |          18 |       00:00:04 |         0.03 |         0.03 |       0.0004 |       0.0005 |          0.0100 |
|       2 |          27 |       00:00:07 |         0.03 |         0.03 |       0.0003 |       0.0004 |          0.0100 |
|       2 |          36 |       00:00:09 |         0.03 |         0.02 |       0.0003 |       0.0003 |          0.0100 |
|       3 |          45 |       00:00:11 |         0.03 |         0.02 |       0.0003 |       0.0003 |          0.0100 |
|       3 |          50 |       00:00:13 |         0.03 |              |       0.0003 |              |          0.0100 |
|       3 |          54 |       00:00:14 |         0.03 |         0.02 |       0.0003 |       0.0003 |          0.0100 |
|       4 |          63 |       00:00:16 |         0.03 |         0.02 |       0.0003 |       0.0002 |          0.0100 |
|       4 |          72 |       00:00:18 |         0.03 |         0.02 |       0.0003 |       0.0002 |          0.0100 |
|       5 |          81 |       00:00:21 |         0.02 |         0.02 |       0.0003 |       0.0003 |          0.0100 |
|       5 |          90 |       00:00:23 |         0.02 |         0.02 |       0.0003 |       0.0002 |          0.0100 |
|       6 |          99 |       00:00:26 |         0.02 |         0.02 |       0.0003 |       0.0002 |          0.0100 |
|       6 |         100 |       00:00:26 |         0.02 |              |       0.0003 |              |          0.0100 |
|       6 |         108 |       00:00:28 |         0.02 |         0.02 |       0.0003 |       0.0002 |          0.0100 |
|       7 |         117 |       00:00:30 |         0.02 |         0.02 |       0.0003 |       0.0002 |          0.0100 |
|       7 |         126 |       00:00:33 |         0.03 |         0.02 |       0.0003 |       0.0002 |          0.0100 |
|       8 |         135 |       00:00:35 |         0.02 |         0.02 |       0.0003 |       0.0002 |          0.0100 |
|       8 |         144 |       00:00:37 |         0.02 |         0.02 |       0.0003 |       0.0002 |          0.0100 |
|       8 |         150 |       00:00:39 |         0.02 |              |       0.0003 |              |          0.0100 |
|       9 |         153 |       00:00:40 |         0.02 |         0.02 |       0.0003 |       0.0002 |          0.0010 |
|       9 |         162 |       00:00:42 |         0.02 |         0.02 |       0.0003 |       0.0002 |          0.0010 |
|       9 |         171 |       00:00:44 |         0.02 |         0.02 |       0.0003 |       0.0002 |          0.0010 |
|      10 |         180 |       00:00:47 |         0.02 |         0.02 |       0.0003 |       0.0002 |          0.0010 |
|      10 |         189 |       00:00:49 |         0.02 |         0.02 |       0.0003 |       0.0001 |          0.0010 |
|      11 |         198 |       00:00:51 |         0.02 |         0.02 |       0.0003 |       0.0002 |          0.0010 |
|      11 |         200 |       00:00:52 |         0.02 |              |       0.0003 |              |          0.0010 |
|      11 |         207 |       00:00:54 |         0.02 |         0.02 |       0.0003 |       0.0002 |          0.0010 |
|      12 |         216 |       00:00:56 |         0.02 |         0.02 |       0.0003 |       0.0001 |          0.0010 |
|      12 |         225 |       00:00:58 |         0.02 |         0.02 |       0.0003 |       0.0002 |          0.0010 |
|      13 |         234 |       00:01:01 |         0.02 |         0.02 |       0.0003 |       0.0001 |          0.0010 |
|      13 |         243 |       00:01:03 |         0.02 |         0.02 |       0.0003 |       0.0001 |          0.0010 |
|      14 |         250 |       00:01:05 |         0.02 |              |       0.0003 |              |          0.0010 |
|      14 |         252 |       00:01:06 |         0.02 |         0.02 |       0.0002 |       0.0002 |          0.0010 |
|      14 |         261 |       00:01:08 |         0.02 |         0.02 |       0.0003 |       0.0001 |          0.0010 |
|      15 |         270 |       00:01:10 |         0.02 |         0.02 |       0.0003 |       0.0001 |          0.0010 |
|      15 |         279 |       00:01:13 |         0.02 |         0.02 |       0.0002 |       0.0002 |          0.0010 |
|      16 |         288 |       00:01:15 |         0.02 |         0.02 |       0.0002 |       0.0001 |          0.0010 |
|      16 |         297 |       00:01:17 |         0.02 |         0.02 |       0.0003 |       0.0001 |          0.0010 |
|      16 |         300 |       00:01:18 |         0.02 |              |       0.0003 |              |          0.0010 |
|      17 |         306 |       00:01:20 |         0.02 |         0.02 |       0.0003 |       0.0002 |      1.0000e-04 |
|      17 |         315 |       00:01:22 |         0.02 |         0.02 |       0.0003 |       0.0002 |      1.0000e-04 |
|      18 |         324 |       00:01:24 |         0.02 |         0.02 |       0.0003 |       0.0001 |      1.0000e-04 |
|      18 |         333 |       00:01:27 |         0.02 |         0.02 |       0.0003 |       0.0001 |      1.0000e-04 |
|      18 |         342 |       00:01:29 |         0.02 |         0.02 |       0.0003 |       0.0001 |      1.0000e-04 |
|      19 |         350 |       00:01:31 |         0.02 |              |       0.0003 |              |      1.0000e-04 |
|      19 |         351 |       00:01:31 |         0.02 |         0.02 |       0.0003 |       0.0001 |      1.0000e-04 |
|      19 |         360 |       00:01:34 |         0.02 |         0.02 |       0.0003 |       0.0001 |      1.0000e-04 |
|      20 |         369 |       00:01:36 |         0.02 |         0.02 |       0.0003 |       0.0001 |      1.0000e-04 |
|      20 |         378 |       00:01:39 |         0.02 |         0.02 |       0.0002 |       0.0001 |      1.0000e-04 |
|      21 |         387 |       00:01:41 |         0.02 |         0.02 |       0.0002 |       0.0001 |      1.0000e-04 |
|      21 |         396 |       00:01:43 |         0.02 |         0.02 |       0.0003 |       0.0001 |      1.0000e-04 |
|      22 |         400 |       00:01:44 |         0.02 |              |       0.0003 |              |      1.0000e-04 |
|      22 |         405 |       00:01:46 |         0.02 |         0.02 |       0.0003 |       0.0001 |      1.0000e-04 |
|      22 |         414 |       00:01:48 |         0.02 |         0.02 |       0.0003 |       0.0001 |      1.0000e-04 |
|      23 |         423 |       00:01:50 |         0.02 |         0.02 |       0.0003 |       0.0001 |      1.0000e-04 |
|      23 |         432 |       00:01:53 |         0.02 |         0.02 |       0.0003 |       0.0001 |      1.0000e-04 |
|      24 |         441 |       00:01:55 |         0.02 |         0.02 |       0.0002 |       0.0001 |      1.0000e-04 |
|      24 |         450 |       00:01:57 |         0.02 |         0.02 |       0.0002 |       0.0001 |      1.0000e-04 |
|      25 |         459 |       00:02:00 |         0.02 |         0.02 |       0.0002 |       0.0001 |      1.0000e-05 |
|      25 |         468 |       00:02:02 |         0.02 |         0.02 |       0.0003 |       0.0001 |      1.0000e-05 |
|      26 |         477 |       00:02:04 |         0.02 |         0.02 |       0.0003 |       0.0001 |      1.0000e-05 |
|      26 |         486 |       00:02:07 |         0.02 |         0.02 |       0.0002 |       0.0001 |      1.0000e-05 |
|      27 |         495 |       00:02:09 |         0.02 |         0.02 |       0.0003 |       0.0001 |      1.0000e-05 |
|      27 |         500 |       00:02:10 |         0.02 |              |       0.0003 |              |      1.0000e-05 |
|      27 |         504 |       00:02:12 |         0.02 |         0.02 |       0.0003 |       0.0001 |      1.0000e-05 |
|      27 |         513 |       00:02:14 |         0.02 |         0.02 |       0.0003 |       0.0001 |      1.0000e-05 |
|      28 |         522 |       00:02:16 |         0.02 |         0.02 |       0.0003 |       0.0001 |      1.0000e-05 |
|      28 |         531 |       00:02:19 |         0.02 |         0.02 |       0.0003 |       0.0001 |      1.0000e-05 |
|      29 |         540 |       00:02:21 |         0.02 |         0.02 |       0.0003 |       0.0001 |      1.0000e-05 |
|      29 |         549 |       00:02:23 |         0.02 |         0.02 |       0.0003 |       0.0001 |      1.0000e-05 |
|      29 |         550 |       00:02:23 |         0.02 |              |       0.0003 |              |      1.0000e-05 |
|      30 |         558 |       00:02:26 |         0.02 |         0.02 |       0.0003 |       0.0001 |      1.0000e-05 |
|======================================================================================================================|
Training finished: Met validation criterion.
already training 6 times 
>> >> >> >> >> >> >> >> >> >> >> >> >> >> >> >> >> >> >> >> >> >> >> 
 Training end ...
 Threenonlinear , ini learningRate = 1.000000e-02 , min batch size = 400 , DropPeriod = 8 , DropFactor = 0.100000 , data_num = 40 
>> >> >> >> 