
                            < M A T L A B (R) >
                  Copyright 1984-2022 The MathWorks, Inc.
             R2022a Update 5 (9.12.0.2039608) 64-bit (glnxa64)
                              August 12, 2022

 
To get started, type doc.
For product information, visit www.mathworks.com.
 
>> >> >> >> >> >> >> >> >> >> >> >> >> >> >> >> >> >> >> >> >> >> >> >> >> >> >> >> >> >> >> >> >> >> >> >> This is Threenonlinear network , ini learningRate = 1.000000e-02 , min batch size = 400 , DropPeriod = 8 , DropFactor = 0.100000 
>> Hidden Units = 60 , v3 
>> >> >> >> >> >> >> >> >> >> >> >> >>  1 training times , amp = 1.000000 , bias = 5.700000e-01 
 1 training times , amp = 1.000000 , bias = 2.900000e-01 
 1 training times , amp = 1.000000 , bias = 1.700000e-01 
 1 training times , amp = 1.000000 , bias = 7.700000e-01 
 1 training times , amp = 1.000000 , bias = 3.300000e-01 
 1 training times , amp = 1.000000 , bias = 7.300000e-01 
 1 training times , amp = 1.000000 , bias = 8.500000e-01 
 1 training times , amp = 1.000000 , bias = 8.100000e-01 
 1 training times , amp = 1.000000 , bias = 4.100000e-01 
 1 training times , amp = 1.000000 , bias = 6.900000e-01 
 1 training times , amp = 1.000000 , bias = 5.000000e-02 
 1 training times , amp = 1.000000 , bias = 9.000000e-02 
 1 training times , amp = 1.000000 , bias = 1.300000e-01 
 1 training times , amp = 1.000000 , bias = 2.100000e-01 
 1 training times , amp = 1.000000 , bias = 2.500000e-01 
 1 training times , amp = 1.000000 , bias = 3.700000e-01 
 1 training times , amp = 1.000000 , bias = 4.500000e-01 
 1 training times , amp = 1.000000 , bias = 4.900000e-01 
 1 training times , amp = 1.000000 , bias = 5.300000e-01 
 1 training times , amp = 1.000000 , bias = 6.100000e-01 
 1 training times , amp = 1.000000 , bias = 6.500000e-01 
Training on single GPU.
|======================================================================================================================|
|  Epoch  |  Iteration  |  Time Elapsed  |  Mini-batch  |  Validation  |  Mini-batch  |  Validation  |  Base Learning  |
|         |             |   (hh:mm:ss)   |     RMSE     |     RMSE     |     Loss     |     Loss     |      Rate       |
|======================================================================================================================|
|       1 |           1 |       00:00:03 |         2.18 |         1.24 |       2.3824 |       0.7645 |          0.0100 |
|       1 |          19 |       00:00:08 |         0.30 |         0.28 |       0.0451 |       0.0381 |          0.0100 |
|       1 |          38 |       00:00:13 |         0.20 |         0.17 |       0.0202 |       0.0148 |          0.0100 |
|       2 |          50 |       00:00:16 |         0.19 |              |       0.0183 |              |          0.0100 |
|       2 |          57 |       00:00:18 |         0.18 |         0.17 |       0.0168 |       0.0142 |          0.0100 |
|       2 |          76 |       00:00:22 |         0.17 |         0.16 |       0.0142 |       0.0135 |          0.0100 |
|       3 |          95 |       00:00:27 |         0.17 |         0.16 |       0.0145 |       0.0135 |          0.0100 |
|       3 |         100 |       00:00:29 |         0.17 |              |       0.0149 |              |          0.0100 |
|       3 |         114 |       00:00:32 |         0.17 |         0.16 |       0.0140 |       0.0126 |          0.0100 |
|       4 |         133 |       00:00:37 |         0.16 |         0.16 |       0.0134 |       0.0127 |          0.0100 |
|       4 |         150 |       00:00:41 |         0.15 |              |       0.0119 |              |          0.0100 |
|       4 |         152 |       00:00:42 |         0.16 |         0.16 |       0.0122 |       0.0126 |          0.0100 |
|       5 |         171 |       00:00:46 |         0.16 |         0.16 |       0.0128 |       0.0132 |          0.0100 |
|       5 |         190 |       00:00:51 |         0.16 |         0.16 |       0.0135 |       0.0125 |          0.0100 |
|       6 |         200 |       00:00:54 |         0.14 |              |       0.0097 |              |          0.0100 |
|       6 |         209 |       00:00:56 |         0.14 |         0.17 |       0.0096 |       0.0137 |          0.0100 |
|       6 |         228 |       00:01:01 |         0.15 |         0.14 |       0.0110 |       0.0105 |          0.0100 |
|       7 |         247 |       00:01:05 |         0.16 |         0.17 |       0.0130 |       0.0142 |          0.0100 |
|       7 |         250 |       00:01:06 |         0.15 |              |       0.0113 |              |          0.0100 |
|       7 |         266 |       00:01:10 |         0.16 |         0.14 |       0.0121 |       0.0094 |          0.0100 |
|       8 |         285 |       00:01:15 |         0.15 |         0.15 |       0.0108 |       0.0109 |          0.0100 |
|       8 |         300 |       00:01:19 |         0.14 |              |       0.0098 |              |          0.0100 |
|       8 |         304 |       00:01:20 |         0.14 |         0.15 |       0.0101 |       0.0108 |          0.0100 |
|       9 |         323 |       00:01:25 |         0.13 |         0.14 |       0.0083 |       0.0093 |          0.0010 |
|       9 |         342 |       00:01:29 |         0.12 |         0.13 |       0.0075 |       0.0082 |          0.0010 |
|       9 |         350 |       00:01:31 |         0.13 |              |       0.0079 |              |          0.0010 |
|      10 |         361 |       00:01:34 |         0.13 |         0.13 |       0.0080 |       0.0085 |          0.0010 |
|      10 |         380 |       00:01:39 |         0.13 |         0.13 |       0.0080 |       0.0080 |          0.0010 |
|      11 |         399 |       00:01:44 |         0.12 |         0.13 |       0.0075 |       0.0079 |          0.0010 |
|      11 |         400 |       00:01:44 |         0.12 |              |       0.0072 |              |          0.0010 |
|      11 |         418 |       00:01:49 |         0.12 |         0.12 |       0.0077 |       0.0078 |          0.0010 |
|      12 |         437 |       00:01:53 |         0.12 |         0.13 |       0.0077 |       0.0080 |          0.0010 |
|      12 |         450 |       00:01:57 |         0.12 |              |       0.0072 |              |          0.0010 |
|      12 |         456 |       00:01:58 |         0.12 |         0.13 |       0.0074 |       0.0081 |          0.0010 |
|      13 |         475 |       00:02:03 |         0.12 |         0.13 |       0.0075 |       0.0080 |          0.0010 |
|      13 |         494 |       00:02:08 |         0.12 |         0.12 |       0.0078 |       0.0069 |          0.0010 |
|      13 |         500 |       00:02:09 |         0.12 |              |       0.0076 |              |          0.0010 |
|      14 |         513 |       00:02:12 |         0.12 |         0.13 |       0.0076 |       0.0083 |          0.0010 |
|      14 |         532 |       00:02:17 |         0.12 |         0.13 |       0.0070 |       0.0079 |          0.0010 |
|      15 |         550 |       00:02:22 |         0.12 |              |       0.0072 |              |          0.0010 |
|      15 |         551 |       00:02:22 |         0.12 |         0.13 |       0.0074 |       0.0081 |          0.0010 |
|      15 |         570 |       00:02:27 |         0.12 |         0.12 |       0.0074 |       0.0077 |          0.0010 |
|      16 |         589 |       00:02:31 |         0.12 |         0.12 |       0.0073 |       0.0075 |          0.0010 |
|      16 |         600 |       00:02:34 |         0.12 |              |       0.0076 |              |          0.0010 |
|      16 |         608 |       00:02:36 |         0.12 |         0.13 |       0.0074 |       0.0082 |          0.0010 |
|      17 |         627 |       00:02:41 |         0.12 |         0.12 |       0.0072 |       0.0074 |      1.0000e-04 |
|      17 |         646 |       00:02:46 |         0.12 |         0.13 |       0.0072 |       0.0079 |      1.0000e-04 |
|      17 |         650 |       00:02:47 |         0.12 |              |       0.0076 |              |      1.0000e-04 |
|      18 |         665 |       00:02:50 |         0.12 |         0.12 |       0.0070 |       0.0075 |      1.0000e-04 |
|      18 |         684 |       00:02:55 |         0.12 |         0.12 |       0.0069 |       0.0074 |      1.0000e-04 |
|      18 |         700 |       00:02:59 |         0.12 |              |       0.0073 |              |      1.0000e-04 |
|      19 |         703 |       00:03:00 |         0.12 |         0.12 |       0.0074 |       0.0077 |      1.0000e-04 |
|      19 |         722 |       00:03:05 |         0.12 |         0.12 |       0.0073 |       0.0075 |      1.0000e-04 |
|      19 |         741 |       00:03:10 |         0.12 |         0.12 |       0.0074 |       0.0075 |      1.0000e-04 |
|      20 |         750 |       00:03:12 |         0.12 |              |       0.0075 |              |      1.0000e-04 |
|      20 |         760 |       00:03:14 |         0.12 |         0.12 |       0.0075 |       0.0075 |      1.0000e-04 |
|      20 |         779 |       00:03:19 |         0.12 |         0.12 |       0.0070 |       0.0075 |      1.0000e-04 |
|      21 |         798 |       00:03:24 |         0.12 |         0.12 |       0.0075 |       0.0074 |      1.0000e-04 |
|      21 |         800 |       00:03:24 |         0.12 |              |       0.0072 |              |      1.0000e-04 |
|      21 |         817 |       00:03:29 |         0.12 |         0.12 |       0.0073 |       0.0073 |      1.0000e-04 |
|      22 |         836 |       00:03:33 |         0.12 |         0.12 |       0.0076 |       0.0075 |      1.0000e-04 |
|      22 |         850 |       00:03:37 |         0.12 |              |       0.0074 |              |      1.0000e-04 |
|      22 |         855 |       00:03:38 |         0.12 |         0.12 |       0.0074 |       0.0073 |      1.0000e-04 |
|      23 |         874 |       00:03:43 |         0.12 |         0.12 |       0.0075 |       0.0074 |      1.0000e-04 |
|      23 |         893 |       00:03:48 |         0.12 |         0.12 |       0.0072 |       0.0073 |      1.0000e-04 |
|      24 |         900 |       00:03:49 |         0.12 |              |       0.0073 |              |      1.0000e-04 |
|      24 |         912 |       00:03:53 |         0.12 |         0.12 |       0.0074 |       0.0074 |      1.0000e-04 |
|      24 |         931 |       00:03:57 |         0.12 |         0.12 |       0.0076 |       0.0072 |      1.0000e-04 |
|      25 |         950 |       00:04:02 |         0.12 |         0.12 |       0.0071 |       0.0075 |      1.0000e-05 |
|      25 |         969 |       00:04:07 |         0.12 |         0.12 |       0.0072 |       0.0073 |      1.0000e-05 |
|      26 |         988 |       00:04:12 |         0.12 |         0.12 |       0.0069 |       0.0073 |      1.0000e-05 |
|      26 |        1000 |       00:04:15 |         0.12 |              |       0.0070 |              |      1.0000e-05 |
|      26 |        1007 |       00:04:16 |         0.12 |         0.12 |       0.0071 |       0.0072 |      1.0000e-05 |
|      27 |        1026 |       00:04:21 |         0.12 |         0.12 |       0.0073 |       0.0074 |      1.0000e-05 |
|      27 |        1045 |       00:04:26 |         0.12 |         0.12 |       0.0072 |       0.0073 |      1.0000e-05 |
|      27 |        1050 |       00:04:27 |         0.12 |              |       0.0073 |              |      1.0000e-05 |
|      28 |        1064 |       00:04:31 |         0.12 |         0.12 |       0.0075 |       0.0075 |      1.0000e-05 |
|======================================================================================================================|
Training finished: Met validation criterion.
already training 1 times 
 2 training times , amp = 1.000000 , bias = 5.000000e-02 
 2 training times , amp = 1.000000 , bias = 9.000000e-02 
 2 training times , amp = 1.000000 , bias = 1.300000e-01 
 2 training times , amp = 1.000000 , bias = 2.100000e-01 
 2 training times , amp = 1.000000 , bias = 2.500000e-01 
 2 training times , amp = 1.000000 , bias = 3.700000e-01 
 2 training times , amp = 1.000000 , bias = 4.500000e-01 
 2 training times , amp = 1.000000 , bias = 4.900000e-01 
 2 training times , amp = 1.000000 , bias = 5.300000e-01 
 2 training times , amp = 1.000000 , bias = 6.100000e-01 
 2 training times , amp = 1.000000 , bias = 6.500000e-01 
 2 training times , amp = 1.000000 , bias = 5.700000e-01 
 2 training times , amp = 1.000000 , bias = 2.900000e-01 
 2 training times , amp = 1.000000 , bias = 1.700000e-01 
 2 training times , amp = 1.000000 , bias = 7.700000e-01 
 2 training times , amp = 1.000000 , bias = 3.300000e-01 
 2 training times , amp = 1.000000 , bias = 7.300000e-01 
 2 training times , amp = 1.000000 , bias = 8.500000e-01 
 2 training times , amp = 1.000000 , bias = 8.100000e-01 
 2 training times , amp = 1.000000 , bias = 4.100000e-01 
 2 training times , amp = 1.000000 , bias = 6.900000e-01 
Training on single GPU.
|======================================================================================================================|
|  Epoch  |  Iteration  |  Time Elapsed  |  Mini-batch  |  Validation  |  Mini-batch  |  Validation  |  Base Learning  |
|         |             |   (hh:mm:ss)   |     RMSE     |     RMSE     |     Loss     |     Loss     |      Rate       |
|======================================================================================================================|
|       1 |           1 |       00:00:00 |         0.12 |         0.95 |       0.0074 |       0.4556 |          0.0100 |
|       1 |          19 |       00:00:04 |         0.21 |         0.23 |       0.0231 |       0.0275 |          0.0100 |
|       1 |          38 |       00:00:09 |         0.17 |         0.17 |       0.0152 |       0.0139 |          0.0100 |
|       2 |          50 |       00:00:12 |         0.18 |              |       0.0157 |              |          0.0100 |
|       2 |          57 |       00:00:14 |         0.16 |         0.15 |       0.0131 |       0.0118 |          0.0100 |
|       2 |          76 |       00:00:19 |         0.15 |         0.14 |       0.0109 |       0.0094 |          0.0100 |
|       3 |          95 |       00:00:24 |         0.14 |         0.14 |       0.0099 |       0.0091 |          0.0100 |
|       3 |         100 |       00:00:25 |         0.13 |              |       0.0089 |              |          0.0100 |
|       3 |         114 |       00:00:28 |         0.13 |         0.13 |       0.0091 |       0.0079 |          0.0100 |
|       4 |         133 |       00:00:33 |         0.13 |         0.12 |       0.0087 |       0.0075 |          0.0100 |
|       4 |         150 |       00:00:38 |         0.13 |              |       0.0083 |              |          0.0100 |
|       4 |         152 |       00:00:38 |         0.14 |         0.13 |       0.0091 |       0.0082 |          0.0100 |
|       5 |         171 |       00:00:43 |         0.14 |         0.13 |       0.0093 |       0.0085 |          0.0100 |
|       5 |         190 |       00:00:48 |         0.13 |         0.12 |       0.0085 |       0.0076 |          0.0100 |
|       6 |         200 |       00:00:50 |         0.13 |              |       0.0088 |              |          0.0100 |
|       6 |         209 |       00:00:52 |         0.13 |         0.12 |       0.0088 |       0.0073 |          0.0100 |
|       6 |         228 |       00:00:57 |         0.14 |         0.12 |       0.0096 |       0.0068 |          0.0100 |
|       7 |         247 |       00:01:02 |         0.13 |         0.14 |       0.0087 |       0.0102 |          0.0100 |
|       7 |         250 |       00:01:03 |         0.13 |              |       0.0085 |              |          0.0100 |
|       7 |         266 |       00:01:07 |         0.14 |         0.12 |       0.0102 |       0.0076 |          0.0100 |
|       8 |         285 |       00:01:12 |         0.14 |         0.12 |       0.0093 |       0.0075 |          0.0100 |
|       8 |         300 |       00:01:16 |         0.13 |              |       0.0088 |              |          0.0100 |
|       8 |         304 |       00:01:17 |         0.13 |         0.12 |       0.0089 |       0.0070 |          0.0100 |
|       9 |         323 |       00:01:21 |         0.12 |         0.11 |       0.0073 |       0.0061 |          0.0010 |
|       9 |         342 |       00:01:26 |         0.12 |         0.11 |       0.0072 |       0.0060 |          0.0010 |
|       9 |         350 |       00:01:28 |         0.12 |              |       0.0070 |              |          0.0010 |
|      10 |         361 |       00:01:31 |         0.12 |         0.11 |       0.0069 |       0.0060 |          0.0010 |
|      10 |         380 |       00:01:36 |         0.12 |         0.11 |       0.0072 |       0.0059 |          0.0010 |
|      11 |         399 |       00:01:41 |         0.12 |         0.11 |       0.0069 |       0.0060 |          0.0010 |
|      11 |         400 |       00:01:41 |         0.12 |              |       0.0072 |              |          0.0010 |
|      11 |         418 |       00:01:45 |         0.12 |         0.11 |       0.0067 |       0.0058 |          0.0010 |
|      12 |         437 |       00:01:50 |         0.12 |         0.11 |       0.0069 |       0.0059 |          0.0010 |
|      12 |         450 |       00:01:54 |         0.12 |              |       0.0069 |              |          0.0010 |
|      12 |         456 |       00:01:55 |         0.12 |         0.11 |       0.0068 |       0.0059 |          0.0010 |
|      13 |         475 |       00:02:00 |         0.12 |         0.11 |       0.0068 |       0.0058 |          0.0010 |
|      13 |         494 |       00:02:05 |         0.12 |         0.11 |       0.0068 |       0.0058 |          0.0010 |
|      13 |         500 |       00:02:06 |         0.12 |              |       0.0068 |              |          0.0010 |
|      14 |         513 |       00:02:10 |         0.12 |         0.11 |       0.0073 |       0.0057 |          0.0010 |
|      14 |         532 |       00:02:14 |         0.11 |         0.11 |       0.0064 |       0.0057 |          0.0010 |
|      15 |         550 |       00:02:19 |         0.12 |              |       0.0069 |              |          0.0010 |
|      15 |         551 |       00:02:19 |         0.11 |         0.11 |       0.0064 |       0.0056 |          0.0010 |
|      15 |         570 |       00:02:24 |         0.12 |         0.11 |       0.0070 |       0.0057 |          0.0010 |
|      16 |         589 |       00:02:29 |         0.12 |         0.11 |       0.0069 |       0.0056 |          0.0010 |
|      16 |         600 |       00:02:32 |         0.11 |              |       0.0066 |              |          0.0010 |
|      16 |         608 |       00:02:34 |         0.12 |         0.11 |       0.0068 |       0.0056 |          0.0010 |
|      17 |         627 |       00:02:39 |         0.12 |         0.11 |       0.0069 |       0.0056 |      1.0000e-04 |
|      17 |         646 |       00:02:43 |         0.12 |         0.11 |       0.0068 |       0.0056 |      1.0000e-04 |
|      17 |         650 |       00:02:44 |         0.12 |              |       0.0068 |              |      1.0000e-04 |
|      18 |         665 |       00:02:48 |         0.11 |         0.11 |       0.0065 |       0.0056 |      1.0000e-04 |
|      18 |         684 |       00:02:53 |         0.11 |         0.11 |       0.0064 |       0.0056 |      1.0000e-04 |
|      18 |         700 |       00:02:57 |         0.11 |              |       0.0065 |              |      1.0000e-04 |
|      19 |         703 |       00:02:58 |         0.12 |         0.11 |       0.0066 |       0.0056 |      1.0000e-04 |
|      19 |         722 |       00:03:03 |         0.11 |         0.11 |       0.0065 |       0.0056 |      1.0000e-04 |
|      19 |         741 |       00:03:07 |         0.12 |         0.11 |       0.0069 |       0.0056 |      1.0000e-04 |
|      20 |         750 |       00:03:10 |         0.11 |              |       0.0065 |              |      1.0000e-04 |
|      20 |         760 |       00:03:12 |         0.12 |         0.11 |       0.0070 |       0.0056 |      1.0000e-04 |
|      20 |         779 |       00:03:17 |         0.12 |         0.11 |       0.0071 |       0.0056 |      1.0000e-04 |
|      21 |         798 |       00:03:22 |         0.11 |         0.11 |       0.0065 |       0.0056 |      1.0000e-04 |
|      21 |         800 |       00:03:22 |         0.11 |              |       0.0064 |              |      1.0000e-04 |
|      21 |         817 |       00:03:27 |         0.12 |         0.11 |       0.0066 |       0.0056 |      1.0000e-04 |
|      22 |         836 |       00:03:31 |         0.12 |         0.11 |       0.0069 |       0.0056 |      1.0000e-04 |
|      22 |         850 |       00:03:35 |         0.12 |              |       0.0067 |              |      1.0000e-04 |
|      22 |         855 |       00:03:36 |         0.12 |         0.11 |       0.0067 |       0.0056 |      1.0000e-04 |
|      23 |         874 |       00:03:41 |         0.12 |         0.11 |       0.0067 |       0.0056 |      1.0000e-04 |
|      23 |         893 |       00:03:46 |         0.12 |         0.11 |       0.0066 |       0.0056 |      1.0000e-04 |
|      24 |         900 |       00:03:48 |         0.12 |              |       0.0067 |              |      1.0000e-04 |
|      24 |         912 |       00:03:51 |         0.12 |         0.11 |       0.0066 |       0.0056 |      1.0000e-04 |
|      24 |         931 |       00:03:56 |         0.12 |         0.11 |       0.0070 |       0.0055 |      1.0000e-04 |
|      25 |         950 |       00:04:00 |         0.12 |         0.11 |       0.0067 |       0.0055 |      1.0000e-05 |
|      25 |         969 |       00:04:05 |         0.12 |         0.11 |       0.0067 |       0.0055 |      1.0000e-05 |
|      26 |         988 |       00:04:10 |         0.12 |         0.11 |       0.0068 |       0.0055 |      1.0000e-05 |
|      26 |        1000 |       00:04:13 |         0.12 |              |       0.0069 |              |      1.0000e-05 |
|      26 |        1007 |       00:04:15 |         0.12 |         0.11 |       0.0066 |       0.0055 |      1.0000e-05 |
|      27 |        1026 |       00:04:20 |         0.11 |         0.11 |       0.0064 |       0.0055 |      1.0000e-05 |
|      27 |        1045 |       00:04:24 |         0.12 |         0.11 |       0.0069 |       0.0055 |      1.0000e-05 |
|      27 |        1050 |       00:04:26 |         0.12 |              |       0.0068 |              |      1.0000e-05 |
|      28 |        1064 |       00:04:29 |         0.11 |         0.11 |       0.0065 |       0.0055 |      1.0000e-05 |
|      28 |        1083 |       00:04:34 |         0.12 |         0.11 |       0.0067 |       0.0055 |      1.0000e-05 |
|      29 |        1100 |       00:04:38 |         0.11 |              |       0.0065 |              |      1.0000e-05 |
|      29 |        1102 |       00:04:39 |         0.11 |         0.11 |       0.0066 |       0.0055 |      1.0000e-05 |
|      29 |        1121 |       00:04:44 |         0.11 |         0.11 |       0.0063 |       0.0055 |      1.0000e-05 |
|      30 |        1140 |       00:04:48 |         0.12 |         0.11 |       0.0066 |       0.0055 |      1.0000e-05 |
|      30 |        1150 |       00:04:51 |         0.11 |              |       0.0065 |              |      1.0000e-05 |
|      30 |        1159 |       00:04:53 |         0.12 |         0.11 |       0.0067 |       0.0056 |      1.0000e-05 |
|      31 |        1178 |       00:04:58 |         0.12 |         0.11 |       0.0070 |       0.0055 |      1.0000e-05 |
|      31 |        1197 |       00:05:03 |         0.11 |         0.11 |       0.0065 |       0.0055 |      1.0000e-05 |
|      31 |        1200 |       00:05:04 |         0.11 |              |       0.0065 |              |      1.0000e-05 |
|      32 |        1216 |       00:05:08 |         0.12 |         0.11 |       0.0068 |       0.0056 |      1.0000e-05 |
|      32 |        1235 |       00:05:13 |         0.12 |         0.11 |       0.0067 |       0.0055 |      1.0000e-05 |
|      33 |        1250 |       00:05:16 |         0.12 |              |       0.0067 |              |      1.0000e-06 |
|      33 |        1254 |       00:05:17 |         0.12 |         0.11 |       0.0069 |       0.0056 |      1.0000e-06 |
|      33 |        1273 |       00:05:22 |         0.12 |         0.11 |       0.0067 |       0.0056 |      1.0000e-06 |
|      34 |        1292 |       00:05:27 |         0.11 |         0.11 |       0.0066 |       0.0056 |      1.0000e-06 |
|      34 |        1300 |       00:05:29 |         0.12 |              |       0.0068 |              |      1.0000e-06 |
|      34 |        1311 |       00:05:32 |         0.11 |         0.11 |       0.0064 |       0.0056 |      1.0000e-06 |
|      35 |        1330 |       00:05:37 |         0.12 |         0.11 |       0.0068 |       0.0056 |      1.0000e-06 |
|      35 |        1349 |       00:05:41 |         0.12 |         0.11 |       0.0070 |       0.0056 |      1.0000e-06 |
|      35 |        1350 |       00:05:42 |         0.12 |              |       0.0067 |              |      1.0000e-06 |
|      36 |        1368 |       00:05:46 |         0.12 |         0.11 |       0.0067 |       0.0056 |      1.0000e-06 |
|      36 |        1387 |       00:05:51 |         0.12 |         0.11 |       0.0068 |       0.0056 |      1.0000e-06 |
|      36 |        1400 |       00:05:54 |         0.11 |              |       0.0065 |              |      1.0000e-06 |
|      37 |        1406 |       00:05:56 |         0.11 |         0.11 |       0.0066 |       0.0056 |      1.0000e-06 |
|      37 |        1425 |       00:06:01 |         0.12 |         0.11 |       0.0069 |       0.0056 |      1.0000e-06 |
|      38 |        1444 |       00:06:06 |         0.11 |         0.11 |       0.0066 |       0.0056 |      1.0000e-06 |
|      38 |        1450 |       00:06:07 |         0.11 |              |       0.0066 |              |      1.0000e-06 |
|      38 |        1463 |       00:06:10 |         0.12 |         0.11 |       0.0066 |       0.0056 |      1.0000e-06 |
|      38 |        1482 |       00:06:15 |         0.12 |         0.11 |       0.0067 |       0.0056 |      1.0000e-06 |
|      39 |        1500 |       00:06:20 |         0.12 |              |       0.0069 |              |      1.0000e-06 |
|      39 |        1501 |       00:06:20 |         0.12 |         0.11 |       0.0070 |       0.0056 |      1.0000e-06 |
|======================================================================================================================|
Training finished: Met validation criterion.
already training 2 times 
 3 training times , amp = 1.000000 , bias = 5.700000e-01 
 3 training times , amp = 1.000000 , bias = 2.900000e-01 
 3 training times , amp = 1.000000 , bias = 1.700000e-01 
 3 training times , amp = 1.000000 , bias = 7.700000e-01 
 3 training times , amp = 1.000000 , bias = 3.300000e-01 
 3 training times , amp = 1.000000 , bias = 7.300000e-01 
 3 training times , amp = 1.000000 , bias = 8.500000e-01 
 3 training times , amp = 1.000000 , bias = 8.100000e-01 
 3 training times , amp = 1.000000 , bias = 4.100000e-01 
 3 training times , amp = 1.000000 , bias = 6.900000e-01 
 3 training times , amp = 1.000000 , bias = 5.000000e-02 
 3 training times , amp = 1.000000 , bias = 9.000000e-02 
 3 training times , amp = 1.000000 , bias = 1.300000e-01 
 3 training times , amp = 1.000000 , bias = 2.100000e-01 
 3 training times , amp = 1.000000 , bias = 2.500000e-01 
 3 training times , amp = 1.000000 , bias = 3.700000e-01 
 3 training times , amp = 1.000000 , bias = 4.500000e-01 
 3 training times , amp = 1.000000 , bias = 4.900000e-01 
 3 training times , amp = 1.000000 , bias = 5.300000e-01 
 3 training times , amp = 1.000000 , bias = 6.100000e-01 
 3 training times , amp = 1.000000 , bias = 6.500000e-01 
Training on single GPU.
|======================================================================================================================|
|  Epoch  |  Iteration  |  Time Elapsed  |  Mini-batch  |  Validation  |  Mini-batch  |  Validation  |  Base Learning  |
|         |             |   (hh:mm:ss)   |     RMSE     |     RMSE     |     Loss     |     Loss     |      Rate       |
|======================================================================================================================|
|       1 |           1 |       00:00:00 |         0.11 |         0.59 |       0.0066 |       0.1712 |          0.0100 |
|       1 |          19 |       00:00:05 |         0.16 |         0.15 |       0.0127 |       0.0114 |          0.0100 |
|       1 |          38 |       00:00:09 |         0.13 |         0.13 |       0.0088 |       0.0081 |          0.0100 |
|       2 |          50 |       00:00:13 |         0.13 |              |       0.0089 |              |          0.0100 |
|       2 |          57 |       00:00:14 |         0.12 |         0.14 |       0.0075 |       0.0094 |          0.0100 |
|       2 |          76 |       00:00:19 |         0.14 |         0.13 |       0.0099 |       0.0090 |          0.0100 |
|       3 |          95 |       00:00:24 |         0.13 |         0.12 |       0.0081 |       0.0075 |          0.0100 |
|       3 |         100 |       00:00:26 |         0.14 |              |       0.0099 |              |          0.0100 |
|       3 |         114 |       00:00:29 |         0.13 |         0.12 |       0.0086 |       0.0072 |          0.0100 |
|       4 |         133 |       00:00:34 |         0.13 |         0.13 |       0.0087 |       0.0082 |          0.0100 |
|       4 |         150 |       00:00:39 |         0.13 |              |       0.0087 |              |          0.0100 |
|       4 |         152 |       00:00:39 |         0.13 |         0.13 |       0.0083 |       0.0080 |          0.0100 |
|       5 |         171 |       00:00:44 |         0.13 |         0.12 |       0.0081 |       0.0074 |          0.0100 |
|       5 |         190 |       00:00:49 |         0.12 |         0.12 |       0.0078 |       0.0074 |          0.0100 |
|       6 |         200 |       00:00:52 |         0.13 |              |       0.0079 |              |          0.0100 |
|       6 |         209 |       00:00:54 |         0.13 |         0.12 |       0.0080 |       0.0075 |          0.0100 |
|       6 |         228 |       00:00:59 |         0.13 |         0.13 |       0.0084 |       0.0078 |          0.0100 |
|       7 |         247 |       00:01:04 |         0.12 |         0.13 |       0.0076 |       0.0078 |          0.0100 |
|       7 |         250 |       00:01:05 |         0.13 |              |       0.0082 |              |          0.0100 |
|       7 |         266 |       00:01:09 |         0.13 |         0.12 |       0.0082 |       0.0074 |          0.0100 |
|       8 |         285 |       00:01:14 |         0.13 |         0.12 |       0.0084 |       0.0070 |          0.0100 |
|       8 |         300 |       00:01:18 |         0.13 |              |       0.0080 |              |          0.0100 |
|       8 |         304 |       00:01:19 |         0.12 |         0.12 |       0.0077 |       0.0075 |          0.0100 |
|       9 |         323 |       00:01:24 |         0.12 |         0.11 |       0.0071 |       0.0063 |          0.0010 |
|       9 |         342 |       00:01:29 |         0.12 |         0.11 |       0.0069 |       0.0062 |          0.0010 |
|       9 |         350 |       00:01:31 |         0.12 |              |       0.0067 |              |          0.0010 |
|      10 |         361 |       00:01:34 |         0.11 |         0.11 |       0.0066 |       0.0065 |          0.0010 |
|      10 |         380 |       00:01:39 |         0.11 |         0.11 |       0.0066 |       0.0063 |          0.0010 |
|      11 |         399 |       00:01:44 |         0.11 |         0.11 |       0.0064 |       0.0065 |          0.0010 |
|      11 |         400 |       00:01:44 |         0.11 |              |       0.0066 |              |          0.0010 |
|      11 |         418 |       00:01:49 |         0.12 |         0.11 |       0.0066 |       0.0062 |          0.0010 |
|      12 |         437 |       00:01:54 |         0.12 |         0.11 |       0.0068 |       0.0062 |          0.0010 |
|      12 |         450 |       00:01:57 |         0.11 |              |       0.0064 |              |          0.0010 |
|      12 |         456 |       00:01:59 |         0.12 |         0.11 |       0.0068 |       0.0061 |          0.0010 |
|      13 |         475 |       00:02:04 |         0.11 |         0.11 |       0.0063 |       0.0066 |          0.0010 |
|      13 |         494 |       00:02:09 |         0.11 |         0.11 |       0.0065 |       0.0061 |          0.0010 |
|      13 |         500 |       00:02:10 |         0.12 |              |       0.0070 |              |          0.0010 |
|      14 |         513 |       00:02:14 |         0.12 |         0.11 |       0.0070 |       0.0065 |          0.0010 |
|      14 |         532 |       00:02:19 |         0.11 |         0.11 |       0.0062 |       0.0063 |          0.0010 |
|      15 |         550 |       00:02:23 |         0.12 |              |       0.0067 |              |          0.0010 |
|      15 |         551 |       00:02:23 |         0.12 |         0.11 |       0.0067 |       0.0060 |          0.0010 |
|      15 |         570 |       00:02:28 |         0.12 |         0.11 |       0.0067 |       0.0061 |          0.0010 |
|      16 |         589 |       00:02:33 |         0.12 |         0.12 |       0.0067 |       0.0066 |          0.0010 |
|      16 |         600 |       00:02:36 |         0.11 |              |       0.0066 |              |          0.0010 |
|      16 |         608 |       00:02:38 |         0.11 |         0.11 |       0.0065 |       0.0061 |          0.0010 |
|      17 |         627 |       00:02:43 |         0.11 |         0.11 |       0.0064 |       0.0061 |      1.0000e-04 |
|      17 |         646 |       00:02:48 |         0.11 |         0.11 |       0.0064 |       0.0060 |      1.0000e-04 |
|      17 |         650 |       00:02:49 |         0.11 |              |       0.0064 |              |      1.0000e-04 |
|      18 |         665 |       00:02:53 |         0.11 |         0.11 |       0.0065 |       0.0061 |      1.0000e-04 |
|      18 |         684 |       00:02:58 |         0.11 |         0.11 |       0.0063 |       0.0061 |      1.0000e-04 |
|      18 |         700 |       00:03:02 |         0.11 |              |       0.0065 |              |      1.0000e-04 |
|      19 |         703 |       00:03:03 |         0.11 |         0.11 |       0.0062 |       0.0062 |      1.0000e-04 |
|      19 |         722 |       00:03:08 |         0.11 |         0.11 |       0.0063 |       0.0061 |      1.0000e-04 |
|      19 |         741 |       00:03:13 |         0.11 |         0.11 |       0.0064 |       0.0061 |      1.0000e-04 |
|      20 |         750 |       00:03:15 |         0.11 |              |       0.0064 |              |      1.0000e-04 |
|      20 |         760 |       00:03:18 |         0.12 |         0.11 |       0.0068 |       0.0061 |      1.0000e-04 |
|      20 |         779 |       00:03:23 |         0.11 |         0.11 |       0.0063 |       0.0061 |      1.0000e-04 |
|      21 |         798 |       00:03:28 |         0.12 |         0.11 |       0.0068 |       0.0061 |      1.0000e-04 |
|      21 |         800 |       00:03:28 |         0.12 |              |       0.0066 |              |      1.0000e-04 |
|      21 |         817 |       00:03:33 |         0.11 |         0.11 |       0.0065 |       0.0062 |      1.0000e-04 |
|      22 |         836 |       00:03:38 |         0.11 |         0.11 |       0.0066 |       0.0061 |      1.0000e-04 |
|      22 |         850 |       00:03:42 |         0.11 |              |       0.0062 |              |      1.0000e-04 |
|      22 |         855 |       00:03:43 |         0.11 |         0.11 |       0.0064 |       0.0061 |      1.0000e-04 |
|      23 |         874 |       00:03:48 |         0.11 |         0.11 |       0.0065 |       0.0062 |      1.0000e-04 |
|      23 |         893 |       00:03:53 |         0.12 |         0.11 |       0.0067 |       0.0061 |      1.0000e-04 |
|      24 |         900 |       00:03:55 |         0.11 |              |       0.0064 |              |      1.0000e-04 |
|      24 |         912 |       00:03:58 |         0.11 |         0.11 |       0.0063 |       0.0061 |      1.0000e-04 |
|      24 |         931 |       00:04:03 |         0.12 |         0.11 |       0.0067 |       0.0061 |      1.0000e-04 |
|      25 |         950 |       00:04:08 |         0.11 |         0.11 |       0.0062 |       0.0061 |      1.0000e-05 |
|      25 |         969 |       00:04:13 |         0.11 |         0.11 |       0.0066 |       0.0061 |      1.0000e-05 |
|      26 |         988 |       00:04:18 |         0.11 |         0.11 |       0.0063 |       0.0061 |      1.0000e-05 |
|      26 |        1000 |       00:04:21 |         0.11 |              |       0.0065 |              |      1.0000e-05 |
|      26 |        1007 |       00:04:22 |         0.11 |         0.11 |       0.0064 |       0.0061 |      1.0000e-05 |
|      27 |        1026 |       00:04:27 |         0.12 |         0.11 |       0.0066 |       0.0061 |      1.0000e-05 |
|      27 |        1045 |       00:04:32 |         0.11 |         0.11 |       0.0064 |       0.0061 |      1.0000e-05 |
|      27 |        1050 |       00:04:34 |         0.11 |              |       0.0064 |              |      1.0000e-05 |
|      28 |        1064 |       00:04:37 |         0.11 |         0.11 |       0.0065 |       0.0061 |      1.0000e-05 |
|      28 |        1083 |       00:04:42 |         0.11 |         0.11 |       0.0066 |       0.0061 |      1.0000e-05 |
|      29 |        1100 |       00:04:47 |         0.12 |              |       0.0069 |              |      1.0000e-05 |
|      29 |        1102 |       00:04:47 |         0.11 |         0.11 |       0.0066 |       0.0061 |      1.0000e-05 |
|      29 |        1121 |       00:04:52 |         0.11 |         0.11 |       0.0062 |       0.0061 |      1.0000e-05 |
|      30 |        1140 |       00:04:57 |         0.11 |         0.11 |       0.0064 |       0.0061 |      1.0000e-05 |
|      30 |        1150 |       00:05:00 |         0.11 |              |       0.0065 |              |      1.0000e-05 |
|      30 |        1159 |       00:05:02 |         0.11 |         0.11 |       0.0065 |       0.0061 |      1.0000e-05 |
|      31 |        1178 |       00:05:07 |         0.11 |         0.11 |       0.0064 |       0.0061 |      1.0000e-05 |
|      31 |        1197 |       00:05:12 |         0.11 |         0.11 |       0.0065 |       0.0061 |      1.0000e-05 |
|      31 |        1200 |       00:05:13 |         0.11 |              |       0.0063 |              |      1.0000e-05 |
|      32 |        1216 |       00:05:17 |         0.11 |         0.11 |       0.0062 |       0.0061 |      1.0000e-05 |
|======================================================================================================================|
Training finished: Met validation criterion.
already training 3 times 
 4 training times , amp = 1.000000 , bias = 5.000000e-02 
 4 training times , amp = 1.000000 , bias = 9.000000e-02 
 4 training times , amp = 1.000000 , bias = 1.300000e-01 
 4 training times , amp = 1.000000 , bias = 2.100000e-01 
 4 training times , amp = 1.000000 , bias = 2.500000e-01 
 4 training times , amp = 1.000000 , bias = 3.700000e-01 
 4 training times , amp = 1.000000 , bias = 4.500000e-01 
 4 training times , amp = 1.000000 , bias = 4.900000e-01 
 4 training times , amp = 1.000000 , bias = 5.300000e-01 
 4 training times , amp = 1.000000 , bias = 6.100000e-01 
 4 training times , amp = 1.000000 , bias = 6.500000e-01 
 4 training times , amp = 1.000000 , bias = 5.700000e-01 
 4 training times , amp = 1.000000 , bias = 2.900000e-01 
 4 training times , amp = 1.000000 , bias = 1.700000e-01 
 4 training times , amp = 1.000000 , bias = 7.700000e-01 
 4 training times , amp = 1.000000 , bias = 3.300000e-01 
 4 training times , amp = 1.000000 , bias = 7.300000e-01 
 4 training times , amp = 1.000000 , bias = 8.500000e-01 
 4 training times , amp = 1.000000 , bias = 8.100000e-01 
 4 training times , amp = 1.000000 , bias = 4.100000e-01 
 4 training times , amp = 1.000000 , bias = 6.900000e-01 
Training on single GPU.
|======================================================================================================================|
|  Epoch  |  Iteration  |  Time Elapsed  |  Mini-batch  |  Validation  |  Mini-batch  |  Validation  |  Base Learning  |
|         |             |   (hh:mm:ss)   |     RMSE     |     RMSE     |     Loss     |     Loss     |      Rate       |
|======================================================================================================================|
|       1 |           1 |       00:00:00 |         0.11 |         0.56 |       0.0066 |       0.1594 |          0.0100 |
|       1 |          19 |       00:00:04 |         0.16 |         0.16 |       0.0123 |       0.0130 |          0.0100 |
|       1 |          38 |       00:00:09 |         0.13 |         0.14 |       0.0086 |       0.0099 |          0.0100 |
|       2 |          50 |       00:00:12 |         0.13 |              |       0.0079 |              |          0.0100 |
|       2 |          57 |       00:00:14 |         0.13 |         0.13 |       0.0080 |       0.0081 |          0.0100 |
|       2 |          76 |       00:00:19 |         0.12 |         0.14 |       0.0075 |       0.0104 |          0.0100 |
|       3 |          95 |       00:00:24 |         0.13 |         0.12 |       0.0079 |       0.0075 |          0.0100 |
|       3 |         100 |       00:00:25 |         0.13 |              |       0.0085 |              |          0.0100 |
|       3 |         114 |       00:00:29 |         0.13 |         0.12 |       0.0089 |       0.0072 |          0.0100 |
|       4 |         133 |       00:00:34 |         0.12 |         0.12 |       0.0073 |       0.0071 |          0.0100 |
|       4 |         150 |       00:00:38 |         0.13 |              |       0.0081 |              |          0.0100 |
|       4 |         152 |       00:00:39 |         0.12 |         0.12 |       0.0074 |       0.0072 |          0.0100 |
|       5 |         171 |       00:00:44 |         0.12 |         0.12 |       0.0076 |       0.0077 |          0.0100 |
|       5 |         190 |       00:00:49 |         0.13 |         0.14 |       0.0088 |       0.0092 |          0.0100 |
|       6 |         200 |       00:00:51 |         0.13 |              |       0.0084 |              |          0.0100 |
|       6 |         209 |       00:00:54 |         0.13 |         0.13 |       0.0085 |       0.0086 |          0.0100 |
|       6 |         228 |       00:00:59 |         0.12 |         0.12 |       0.0078 |       0.0076 |          0.0100 |
|       7 |         247 |       00:01:04 |         0.12 |         0.13 |       0.0077 |       0.0084 |          0.0100 |
|       7 |         250 |       00:01:04 |         0.13 |              |       0.0078 |              |          0.0100 |
|       7 |         266 |       00:01:09 |         0.13 |         0.13 |       0.0082 |       0.0083 |          0.0100 |
|       8 |         285 |       00:01:13 |         0.13 |         0.12 |       0.0078 |       0.0076 |          0.0100 |
|       8 |         300 |       00:01:17 |         0.12 |              |       0.0072 |              |          0.0100 |
|       8 |         304 |       00:01:18 |         0.13 |         0.13 |       0.0079 |       0.0088 |          0.0100 |
|       9 |         323 |       00:01:23 |         0.12 |         0.12 |       0.0070 |       0.0073 |          0.0010 |
|       9 |         342 |       00:01:28 |         0.12 |         0.12 |       0.0068 |       0.0071 |          0.0010 |
|       9 |         350 |       00:01:30 |         0.11 |              |       0.0061 |              |          0.0010 |
|      10 |         361 |       00:01:33 |         0.12 |         0.11 |       0.0069 |       0.0065 |          0.0010 |
|      10 |         380 |       00:01:38 |         0.12 |         0.11 |       0.0067 |       0.0065 |          0.0010 |
|      11 |         399 |       00:01:43 |         0.12 |         0.12 |       0.0069 |       0.0067 |          0.0010 |
|      11 |         400 |       00:01:44 |         0.12 |              |       0.0066 |              |          0.0010 |
|      11 |         418 |       00:01:48 |         0.11 |         0.12 |       0.0063 |       0.0067 |          0.0010 |
|      12 |         437 |       00:01:53 |         0.12 |         0.12 |       0.0067 |       0.0067 |          0.0010 |
|      12 |         450 |       00:01:57 |         0.11 |              |       0.0064 |              |          0.0010 |
|      12 |         456 |       00:01:58 |         0.11 |         0.11 |       0.0066 |       0.0063 |          0.0010 |
|      13 |         475 |       00:02:03 |         0.11 |         0.11 |       0.0062 |       0.0065 |          0.0010 |
|      13 |         494 |       00:02:08 |         0.12 |         0.11 |       0.0070 |       0.0059 |          0.0010 |
|      13 |         500 |       00:02:10 |         0.11 |              |       0.0065 |              |          0.0010 |
|      14 |         513 |       00:02:13 |         0.11 |         0.12 |       0.0062 |       0.0068 |          0.0010 |
|      14 |         532 |       00:02:18 |         0.12 |         0.11 |       0.0068 |       0.0066 |          0.0010 |
|      15 |         550 |       00:02:23 |         0.11 |              |       0.0064 |              |          0.0010 |
|      15 |         551 |       00:02:23 |         0.12 |         0.11 |       0.0068 |       0.0065 |          0.0010 |
|      15 |         570 |       00:02:28 |         0.11 |         0.11 |       0.0065 |       0.0064 |          0.0010 |
|      16 |         589 |       00:02:33 |         0.11 |         0.12 |       0.0066 |       0.0076 |          0.0010 |
|      16 |         600 |       00:02:36 |         0.11 |              |       0.0061 |              |          0.0010 |
|      16 |         608 |       00:02:38 |         0.11 |         0.11 |       0.0065 |       0.0064 |          0.0010 |
|      17 |         627 |       00:02:43 |         0.11 |         0.11 |       0.0064 |       0.0062 |      1.0000e-04 |
|      17 |         646 |       00:02:48 |         0.11 |         0.11 |       0.0065 |       0.0065 |      1.0000e-04 |
|      17 |         650 |       00:02:49 |         0.11 |              |       0.0066 |              |      1.0000e-04 |
|      18 |         665 |       00:02:53 |         0.11 |         0.11 |       0.0062 |       0.0065 |      1.0000e-04 |
|      18 |         684 |       00:02:58 |         0.11 |         0.11 |       0.0064 |       0.0063 |      1.0000e-04 |
|      18 |         700 |       00:03:02 |         0.11 |              |       0.0065 |              |      1.0000e-04 |
|      19 |         703 |       00:03:02 |         0.11 |         0.11 |       0.0065 |       0.0065 |      1.0000e-04 |
|      19 |         722 |       00:03:07 |         0.11 |         0.11 |       0.0063 |       0.0063 |      1.0000e-04 |
|      19 |         741 |       00:03:12 |         0.11 |         0.12 |       0.0063 |       0.0067 |      1.0000e-04 |
|      20 |         750 |       00:03:15 |         0.11 |              |       0.0064 |              |      1.0000e-04 |
|      20 |         760 |       00:03:17 |         0.11 |         0.12 |       0.0065 |       0.0068 |      1.0000e-04 |
|      20 |         779 |       00:03:22 |         0.12 |         0.12 |       0.0066 |       0.0067 |      1.0000e-04 |
|      21 |         798 |       00:03:27 |         0.11 |         0.11 |       0.0063 |       0.0066 |      1.0000e-04 |
|      21 |         800 |       00:03:28 |         0.11 |              |       0.0064 |              |      1.0000e-04 |
|      21 |         817 |       00:03:32 |         0.11 |         0.11 |       0.0064 |       0.0064 |      1.0000e-04 |
|      22 |         836 |       00:03:37 |         0.11 |         0.11 |       0.0060 |       0.0065 |      1.0000e-04 |
|      22 |         850 |       00:03:41 |         0.11 |              |       0.0064 |              |      1.0000e-04 |
|      22 |         855 |       00:03:42 |         0.11 |         0.11 |       0.0063 |       0.0065 |      1.0000e-04 |
|      23 |         874 |       00:03:47 |         0.11 |         0.11 |       0.0064 |       0.0064 |      1.0000e-04 |
|      23 |         893 |       00:03:52 |         0.11 |         0.11 |       0.0062 |       0.0065 |      1.0000e-04 |
|      24 |         900 |       00:03:54 |         0.12 |              |       0.0067 |              |      1.0000e-04 |
|      24 |         912 |       00:03:57 |         0.12 |         0.11 |       0.0069 |       0.0064 |      1.0000e-04 |
|      24 |         931 |       00:04:02 |         0.12 |         0.12 |       0.0066 |       0.0068 |      1.0000e-04 |
|      25 |         950 |       00:04:07 |         0.11 |         0.11 |       0.0065 |       0.0065 |      1.0000e-05 |
|      25 |         969 |       00:04:12 |         0.11 |         0.11 |       0.0062 |       0.0065 |      1.0000e-05 |
|      26 |         988 |       00:04:17 |         0.11 |         0.11 |       0.0060 |       0.0066 |      1.0000e-05 |
|      26 |        1000 |       00:04:20 |         0.11 |              |       0.0065 |              |      1.0000e-05 |
|      26 |        1007 |       00:04:22 |         0.11 |         0.11 |       0.0062 |       0.0065 |      1.0000e-05 |
|      27 |        1026 |       00:04:26 |         0.11 |         0.11 |       0.0064 |       0.0065 |      1.0000e-05 |
|      27 |        1045 |       00:04:31 |         0.11 |         0.11 |       0.0063 |       0.0065 |      1.0000e-05 |
|      27 |        1050 |       00:04:33 |         0.11 |              |       0.0065 |              |      1.0000e-05 |
|      28 |        1064 |       00:04:36 |         0.11 |         0.11 |       0.0066 |       0.0065 |      1.0000e-05 |
|======================================================================================================================|
Training finished: Met validation criterion.
already training 4 times 
 5 training times , amp = 1.000000 , bias = 5.700000e-01 
 5 training times , amp = 1.000000 , bias = 2.900000e-01 
 5 training times , amp = 1.000000 , bias = 1.700000e-01 
 5 training times , amp = 1.000000 , bias = 7.700000e-01 
 5 training times , amp = 1.000000 , bias = 3.300000e-01 
 5 training times , amp = 1.000000 , bias = 7.300000e-01 
 5 training times , amp = 1.000000 , bias = 8.500000e-01 
 5 training times , amp = 1.000000 , bias = 8.100000e-01 
 5 training times , amp = 1.000000 , bias = 4.100000e-01 
 5 training times , amp = 1.000000 , bias = 6.900000e-01 
 5 training times , amp = 1.000000 , bias = 5.000000e-02 
 5 training times , amp = 1.000000 , bias = 9.000000e-02 
 5 training times , amp = 1.000000 , bias = 1.300000e-01 
 5 training times , amp = 1.000000 , bias = 2.100000e-01 
 5 training times , amp = 1.000000 , bias = 2.500000e-01 
 5 training times , amp = 1.000000 , bias = 3.700000e-01 
 5 training times , amp = 1.000000 , bias = 4.500000e-01 
 5 training times , amp = 1.000000 , bias = 4.900000e-01 
 5 training times , amp = 1.000000 , bias = 5.300000e-01 
 5 training times , amp = 1.000000 , bias = 6.100000e-01 
 5 training times , amp = 1.000000 , bias = 6.500000e-01 
Training on single GPU.
|======================================================================================================================|
|  Epoch  |  Iteration  |  Time Elapsed  |  Mini-batch  |  Validation  |  Mini-batch  |  Validation  |  Base Learning  |
|         |             |   (hh:mm:ss)   |     RMSE     |     RMSE     |     Loss     |     Loss     |      Rate       |
|======================================================================================================================|
|       1 |           1 |       00:00:00 |         0.11 |         0.53 |       0.0064 |       0.1380 |          0.0100 |
|       1 |           9 |       00:00:02 |         0.22 |         0.23 |       0.0250 |       0.0257 |          0.0100 |
|       1 |          18 |       00:00:04 |         0.15 |         0.15 |       0.0113 |       0.0118 |          0.0100 |
|       2 |          27 |       00:00:07 |         0.14 |         0.18 |       0.0097 |       0.0158 |          0.0100 |
|       2 |          36 |       00:00:09 |         0.13 |         0.14 |       0.0085 |       0.0103 |          0.0100 |
|       3 |          45 |       00:00:11 |         0.12 |         0.16 |       0.0077 |       0.0120 |          0.0100 |
|       3 |          50 |       00:00:12 |         0.12 |              |       0.0073 |              |          0.0100 |
|       3 |          54 |       00:00:14 |         0.13 |         0.13 |       0.0078 |       0.0089 |          0.0100 |
|       4 |          63 |       00:00:16 |         0.13 |         0.12 |       0.0086 |       0.0075 |          0.0100 |
|       4 |          72 |       00:00:18 |         0.13 |         0.17 |       0.0079 |       0.0148 |          0.0100 |
|       5 |          81 |       00:00:21 |         0.12 |         0.13 |       0.0074 |       0.0084 |          0.0100 |
|       5 |          90 |       00:00:23 |         0.12 |         0.16 |       0.0071 |       0.0126 |          0.0100 |
|       6 |          99 |       00:00:25 |         0.12 |         0.15 |       0.0076 |       0.0112 |          0.0100 |
|       6 |         100 |       00:00:25 |         0.12 |              |       0.0070 |              |          0.0100 |
|       6 |         108 |       00:00:28 |         0.14 |         0.15 |       0.0093 |       0.0107 |          0.0100 |
|       7 |         117 |       00:00:30 |         0.13 |         0.15 |       0.0079 |       0.0112 |          0.0100 |
|       7 |         126 |       00:00:32 |         0.13 |         0.14 |       0.0080 |       0.0102 |          0.0100 |
|       8 |         135 |       00:00:35 |         0.12 |         0.15 |       0.0076 |       0.0114 |          0.0100 |
|       8 |         144 |       00:00:37 |         0.13 |         0.14 |       0.0081 |       0.0092 |          0.0100 |
|       8 |         150 |       00:00:38 |         0.13 |              |       0.0081 |              |          0.0100 |
|       9 |         153 |       00:00:39 |         0.12 |         0.15 |       0.0077 |       0.0111 |          0.0010 |
|       9 |         162 |       00:00:42 |         0.12 |         0.14 |       0.0066 |       0.0095 |          0.0010 |
|       9 |         171 |       00:00:44 |         0.12 |         0.12 |       0.0068 |       0.0077 |          0.0010 |
|      10 |         180 |       00:00:46 |         0.12 |         0.14 |       0.0071 |       0.0093 |          0.0010 |
|      10 |         189 |       00:00:49 |         0.12 |         0.13 |       0.0070 |       0.0083 |          0.0010 |
|      11 |         198 |       00:00:51 |         0.11 |         0.13 |       0.0064 |       0.0084 |          0.0010 |
|      11 |         200 |       00:00:51 |         0.11 |              |       0.0065 |              |          0.0010 |
|      11 |         207 |       00:00:53 |         0.12 |         0.12 |       0.0066 |       0.0078 |          0.0010 |
|      12 |         216 |       00:00:56 |         0.11 |         0.13 |       0.0065 |       0.0086 |          0.0010 |
|      12 |         225 |       00:00:58 |         0.12 |         0.13 |       0.0067 |       0.0082 |          0.0010 |
|      13 |         234 |       00:01:00 |         0.12 |         0.12 |       0.0066 |       0.0076 |          0.0010 |
|      13 |         243 |       00:01:03 |         0.11 |         0.13 |       0.0066 |       0.0082 |          0.0010 |
|      14 |         250 |       00:01:04 |         0.12 |              |       0.0069 |              |          0.0010 |
|      14 |         252 |       00:01:05 |         0.12 |         0.12 |       0.0067 |       0.0071 |          0.0010 |
|      14 |         261 |       00:01:07 |         0.11 |         0.12 |       0.0063 |       0.0077 |          0.0010 |
|      15 |         270 |       00:01:10 |         0.11 |         0.13 |       0.0060 |       0.0081 |          0.0010 |
|      15 |         279 |       00:01:12 |         0.12 |         0.13 |       0.0070 |       0.0083 |          0.0010 |
|      16 |         288 |       00:01:14 |         0.11 |         0.13 |       0.0065 |       0.0089 |          0.0010 |
|      16 |         297 |       00:01:17 |         0.11 |         0.14 |       0.0064 |       0.0092 |          0.0010 |
|      16 |         300 |       00:01:17 |         0.12 |              |       0.0067 |              |          0.0010 |
|      17 |         306 |       00:01:19 |         0.11 |         0.13 |       0.0063 |       0.0086 |      1.0000e-04 |
|      17 |         315 |       00:01:21 |         0.11 |         0.13 |       0.0063 |       0.0083 |      1.0000e-04 |
|      18 |         324 |       00:01:24 |         0.11 |         0.13 |       0.0066 |       0.0081 |      1.0000e-04 |
|      18 |         333 |       00:01:26 |         0.12 |         0.13 |       0.0067 |       0.0086 |      1.0000e-04 |
|      18 |         342 |       00:01:28 |         0.11 |         0.13 |       0.0063 |       0.0079 |      1.0000e-04 |
|      19 |         350 |       00:01:30 |         0.12 |              |       0.0068 |              |      1.0000e-04 |
|      19 |         351 |       00:01:31 |         0.11 |         0.13 |       0.0063 |       0.0079 |      1.0000e-04 |
|      19 |         360 |       00:01:33 |         0.11 |         0.13 |       0.0065 |       0.0081 |      1.0000e-04 |
|      20 |         369 |       00:01:35 |         0.11 |         0.13 |       0.0065 |       0.0083 |      1.0000e-04 |
|      20 |         378 |       00:01:38 |         0.12 |         0.13 |       0.0067 |       0.0084 |      1.0000e-04 |
|      21 |         387 |       00:01:40 |         0.12 |         0.12 |       0.0069 |       0.0078 |      1.0000e-04 |
|      21 |         396 |       00:01:42 |         0.11 |         0.13 |       0.0063 |       0.0086 |      1.0000e-04 |
|      22 |         400 |       00:01:43 |         0.12 |              |       0.0067 |              |      1.0000e-04 |
|      22 |         405 |       00:01:45 |         0.11 |         0.13 |       0.0066 |       0.0082 |      1.0000e-04 |
|      22 |         414 |       00:01:47 |         0.11 |         0.12 |       0.0064 |       0.0077 |      1.0000e-04 |
|      23 |         423 |       00:01:49 |         0.12 |         0.13 |       0.0069 |       0.0085 |      1.0000e-04 |
|      23 |         432 |       00:01:52 |         0.11 |         0.13 |       0.0063 |       0.0081 |      1.0000e-04 |
|      24 |         441 |       00:01:54 |         0.12 |         0.13 |       0.0067 |       0.0085 |      1.0000e-04 |
|      24 |         450 |       00:01:56 |         0.12 |         0.13 |       0.0066 |       0.0079 |      1.0000e-04 |
|      25 |         459 |       00:01:59 |         0.11 |         0.13 |       0.0063 |       0.0080 |      1.0000e-05 |
|      25 |         468 |       00:02:01 |         0.12 |         0.13 |       0.0067 |       0.0080 |      1.0000e-05 |
|      26 |         477 |       00:02:03 |         0.11 |         0.13 |       0.0064 |       0.0080 |      1.0000e-05 |
|      26 |         486 |       00:02:06 |         0.12 |         0.13 |       0.0066 |       0.0079 |      1.0000e-05 |
|      27 |         495 |       00:02:08 |         0.12 |         0.13 |       0.0067 |       0.0079 |      1.0000e-05 |
|      27 |         500 |       00:02:09 |         0.11 |              |       0.0064 |              |      1.0000e-05 |
|      27 |         504 |       00:02:10 |         0.12 |         0.13 |       0.0067 |       0.0079 |      1.0000e-05 |
|      27 |         513 |       00:02:13 |         0.11 |         0.13 |       0.0064 |       0.0080 |      1.0000e-05 |
|      28 |         522 |       00:02:15 |         0.11 |         0.13 |       0.0065 |       0.0080 |      1.0000e-05 |
|======================================================================================================================|
Training finished: Met validation criterion.
already training 5 times 
 6 training times , amp = 1.000000 , bias = 5.000000e-02 
 6 training times , amp = 1.000000 , bias = 9.000000e-02 
 6 training times , amp = 1.000000 , bias = 1.300000e-01 
 6 training times , amp = 1.000000 , bias = 2.100000e-01 
 6 training times , amp = 1.000000 , bias = 2.500000e-01 
 6 training times , amp = 1.000000 , bias = 3.700000e-01 
 6 training times , amp = 1.000000 , bias = 4.500000e-01 
 6 training times , amp = 1.000000 , bias = 4.900000e-01 
 6 training times , amp = 1.000000 , bias = 5.300000e-01 
 6 training times , amp = 1.000000 , bias = 6.100000e-01 
 6 training times , amp = 1.000000 , bias = 6.500000e-01 
 6 training times , amp = 1.000000 , bias = 5.700000e-01 
 6 training times , amp = 1.000000 , bias = 2.900000e-01 
 6 training times , amp = 1.000000 , bias = 1.700000e-01 
 6 training times , amp = 1.000000 , bias = 7.700000e-01 
 6 training times , amp = 1.000000 , bias = 3.300000e-01 
 6 training times , amp = 1.000000 , bias = 7.300000e-01 
 6 training times , amp = 1.000000 , bias = 8.500000e-01 
 6 training times , amp = 1.000000 , bias = 8.100000e-01 
 6 training times , amp = 1.000000 , bias = 4.100000e-01 
 6 training times , amp = 1.000000 , bias = 6.900000e-01 
Training on single GPU.
|======================================================================================================================|
|  Epoch  |  Iteration  |  Time Elapsed  |  Mini-batch  |  Validation  |  Mini-batch  |  Validation  |  Base Learning  |
|         |             |   (hh:mm:ss)   |     RMSE     |     RMSE     |     Loss     |     Loss     |      Rate       |
|======================================================================================================================|
|       1 |           1 |       00:00:00 |         0.11 |         0.45 |       0.0065 |       0.1017 |          0.0100 |
|       1 |           9 |       00:00:02 |         0.22 |         0.20 |       0.0238 |       0.0195 |          0.0100 |
|       1 |          18 |       00:00:04 |         0.15 |         0.14 |       0.0113 |       0.0103 |          0.0100 |
|       2 |          27 |       00:00:07 |         0.13 |         0.12 |       0.0087 |       0.0074 |          0.0100 |
|       2 |          36 |       00:00:09 |         0.13 |         0.12 |       0.0079 |       0.0070 |          0.0100 |
|       3 |          45 |       00:00:11 |         0.12 |         0.12 |       0.0073 |       0.0069 |          0.0100 |
|       3 |          50 |       00:00:13 |         0.12 |              |       0.0075 |              |          0.0100 |
|       3 |          54 |       00:00:14 |         0.12 |         0.11 |       0.0072 |       0.0059 |          0.0100 |
|       4 |          63 |       00:00:16 |         0.12 |         0.11 |       0.0074 |       0.0060 |          0.0100 |
|       4 |          72 |       00:00:18 |         0.12 |         0.12 |       0.0071 |       0.0075 |          0.0100 |
|       5 |          81 |       00:00:21 |         0.12 |         0.11 |       0.0071 |       0.0064 |          0.0100 |
|       5 |          90 |       00:00:23 |         0.12 |         0.12 |       0.0074 |       0.0069 |          0.0100 |
|       6 |          99 |       00:00:26 |         0.12 |         0.11 |       0.0076 |       0.0059 |          0.0100 |
|       6 |         100 |       00:00:26 |         0.12 |              |       0.0075 |              |          0.0100 |
|       6 |         108 |       00:00:28 |         0.12 |         0.13 |       0.0069 |       0.0078 |          0.0100 |
|       7 |         117 |       00:00:30 |         0.12 |         0.13 |       0.0072 |       0.0084 |          0.0100 |
|       7 |         126 |       00:00:33 |         0.12 |         0.11 |       0.0075 |       0.0061 |          0.0100 |
|       8 |         135 |       00:00:35 |         0.12 |         0.12 |       0.0075 |       0.0072 |          0.0100 |
|       8 |         144 |       00:00:37 |         0.12 |         0.13 |       0.0075 |       0.0087 |          0.0100 |
|       8 |         150 |       00:00:39 |         0.13 |              |       0.0079 |              |          0.0100 |
|       9 |         153 |       00:00:40 |         0.12 |         0.11 |       0.0076 |       0.0064 |          0.0010 |
|       9 |         162 |       00:00:42 |         0.12 |         0.11 |       0.0068 |       0.0059 |          0.0010 |
|       9 |         171 |       00:00:44 |         0.11 |         0.11 |       0.0066 |       0.0059 |          0.0010 |
|      10 |         180 |       00:00:47 |         0.12 |         0.10 |       0.0068 |       0.0053 |          0.0010 |
|      10 |         189 |       00:00:49 |         0.11 |         0.10 |       0.0062 |       0.0053 |          0.0010 |
|      11 |         198 |       00:00:51 |         0.11 |         0.11 |       0.0064 |       0.0059 |          0.0010 |
|      11 |         200 |       00:00:52 |         0.12 |              |       0.0067 |              |          0.0010 |
|      11 |         207 |       00:00:54 |         0.11 |         0.11 |       0.0063 |       0.0055 |          0.0010 |
|      12 |         216 |       00:00:56 |         0.11 |         0.10 |       0.0064 |       0.0055 |          0.0010 |
|      12 |         225 |       00:00:59 |         0.12 |         0.11 |       0.0066 |       0.0057 |          0.0010 |
|      13 |         234 |       00:01:01 |         0.11 |         0.11 |       0.0065 |       0.0057 |          0.0010 |
|      13 |         243 |       00:01:03 |         0.11 |         0.10 |       0.0066 |       0.0051 |          0.0010 |
|      14 |         250 |       00:01:05 |         0.11 |              |       0.0062 |              |          0.0010 |
|      14 |         252 |       00:01:06 |         0.11 |         0.10 |       0.0064 |       0.0053 |          0.0010 |
|      14 |         261 |       00:01:08 |         0.11 |         0.10 |       0.0063 |       0.0054 |          0.0010 |
|      15 |         270 |       00:01:10 |         0.12 |         0.11 |       0.0068 |       0.0059 |          0.0010 |
|      15 |         279 |       00:01:13 |         0.11 |         0.10 |       0.0064 |       0.0053 |          0.0010 |
|      16 |         288 |       00:01:15 |         0.11 |         0.10 |       0.0063 |       0.0055 |          0.0010 |
|      16 |         297 |       00:01:17 |         0.11 |         0.10 |       0.0062 |       0.0051 |          0.0010 |
|      16 |         300 |       00:01:18 |         0.11 |              |       0.0064 |              |          0.0010 |
|      17 |         306 |       00:01:20 |         0.11 |         0.11 |       0.0064 |       0.0061 |      1.0000e-04 |
|      17 |         315 |       00:01:22 |         0.11 |         0.10 |       0.0065 |       0.0053 |      1.0000e-04 |
|      18 |         324 |       00:01:24 |         0.12 |         0.11 |       0.0068 |       0.0056 |      1.0000e-04 |
|      18 |         333 |       00:01:27 |         0.11 |         0.11 |       0.0065 |       0.0058 |      1.0000e-04 |
|      18 |         342 |       00:01:29 |         0.12 |         0.10 |       0.0067 |       0.0055 |      1.0000e-04 |
|      19 |         350 |       00:01:31 |         0.11 |              |       0.0062 |              |      1.0000e-04 |
|      19 |         351 |       00:01:32 |         0.11 |         0.11 |       0.0065 |       0.0056 |      1.0000e-04 |
|      19 |         360 |       00:01:34 |         0.11 |         0.11 |       0.0065 |       0.0056 |      1.0000e-04 |
|      20 |         369 |       00:01:36 |         0.11 |         0.10 |       0.0066 |       0.0054 |      1.0000e-04 |
|      20 |         378 |       00:01:39 |         0.11 |         0.11 |       0.0065 |       0.0057 |      1.0000e-04 |
|      21 |         387 |       00:01:41 |         0.11 |         0.11 |       0.0063 |       0.0056 |      1.0000e-04 |
|      21 |         396 |       00:01:43 |         0.11 |         0.10 |       0.0061 |       0.0054 |      1.0000e-04 |
|      22 |         400 |       00:01:44 |         0.12 |              |       0.0068 |              |      1.0000e-04 |
|      22 |         405 |       00:01:46 |         0.11 |         0.10 |       0.0062 |       0.0054 |      1.0000e-04 |
|      22 |         414 |       00:01:48 |         0.11 |         0.11 |       0.0062 |       0.0058 |      1.0000e-04 |
|      23 |         423 |       00:01:50 |         0.11 |         0.11 |       0.0061 |       0.0056 |      1.0000e-04 |
|      23 |         432 |       00:01:53 |         0.11 |         0.10 |       0.0063 |       0.0054 |      1.0000e-04 |
|      24 |         441 |       00:01:55 |         0.11 |         0.11 |       0.0064 |       0.0056 |      1.0000e-04 |
|      24 |         450 |       00:01:57 |         0.11 |         0.10 |       0.0061 |       0.0054 |      1.0000e-04 |
|      25 |         459 |       00:02:00 |         0.11 |         0.10 |       0.0062 |       0.0054 |      1.0000e-05 |
|      25 |         468 |       00:02:02 |         0.11 |         0.10 |       0.0065 |       0.0054 |      1.0000e-05 |
|      26 |         477 |       00:02:04 |         0.11 |         0.10 |       0.0062 |       0.0054 |      1.0000e-05 |
|      26 |         486 |       00:02:07 |         0.11 |         0.10 |       0.0063 |       0.0055 |      1.0000e-05 |
|      27 |         495 |       00:02:09 |         0.11 |         0.10 |       0.0063 |       0.0055 |      1.0000e-05 |
|      27 |         500 |       00:02:10 |         0.11 |              |       0.0065 |              |      1.0000e-05 |
|      27 |         504 |       00:02:11 |         0.11 |         0.10 |       0.0066 |       0.0055 |      1.0000e-05 |
|      27 |         513 |       00:02:14 |         0.11 |         0.10 |       0.0064 |       0.0055 |      1.0000e-05 |
|      28 |         522 |       00:02:16 |         0.11 |         0.10 |       0.0066 |       0.0055 |      1.0000e-05 |
|      28 |         531 |       00:02:18 |         0.11 |         0.11 |       0.0063 |       0.0055 |      1.0000e-05 |
|      29 |         540 |       00:02:21 |         0.11 |         0.10 |       0.0060 |       0.0055 |      1.0000e-05 |
|      29 |         549 |       00:02:23 |         0.11 |         0.10 |       0.0065 |       0.0055 |      1.0000e-05 |
|      29 |         550 |       00:02:23 |         0.11 |              |       0.0065 |              |      1.0000e-05 |
|      30 |         558 |       00:02:25 |         0.11 |         0.10 |       0.0064 |       0.0055 |      1.0000e-05 |
|      30 |         567 |       00:02:27 |         0.11 |         0.10 |       0.0064 |       0.0055 |      1.0000e-05 |
|======================================================================================================================|
Training finished: Met validation criterion.
already training 6 times 
>> >> >> >> >> >> >> >> >> >> >> >> >> >> >> >> >> >> >> >> >> >> >> 
 Training end ...
 Threenonlinear , ini learningRate = 1.000000e-02 , min batch size = 400 , DropPeriod = 8 , DropFactor = 0.100000 , data_num = 40 
>> >> >> >> 