
                            < M A T L A B (R) >
                  Copyright 1984-2022 The MathWorks, Inc.
             R2022a Update 5 (9.12.0.2039608) 64-bit (glnxa64)
                              August 12, 2022

 
To get started, type doc.
For product information, visit www.mathworks.com.
 
>> >> >> >> >> >> >> >> >> >> >> >> >> >> >> >> >> >> >> >> >> >> >> >> >> >> >> >> This is Threenonlinear network , ini learningRate = 1.000000e-02 , min batch size = 400 , DropPeriod = 5 , DropFactor = 0.100000 
>> Hidden Units = 60 , v5 
>> >> >> >> >> >> >> >> >> >> >> >> >> >> >> >> >> >> load amp=2 
load amp=3 
load amp=4 
load amp=5 
load amp=6 
load amp=7 
load amp=8 
load amp=9 
load amp=10 
load amp=11 
load amp=12 
load amp=13 
load amp=14 
load amp=15 
load amp=16 
load amp=17 
load amp=18 
load amp=19 
load amp=20 
load amp=21 
load amp=22 
load amp=23 
load amp=24 
load amp=25 
load amp=26 
>> >> >> >> >> >> >> >> >> >> >> >> >> >> >> >> >> >> >> >> >> >> >> >> >> >> >> >> >> >> >> >> >> >> >> >> >> >> >> >> >> >> Training on single GPU.
|======================================================================================================================|
|  Epoch  |  Iteration  |  Time Elapsed  |  Mini-batch  |  Validation  |  Mini-batch  |  Validation  |  Base Learning  |
|         |             |   (hh:mm:ss)   |     RMSE     |     RMSE     |     Loss     |     Loss     |      Rate       |
|======================================================================================================================|
|       1 |           1 |       00:00:03 |         1.67 |         0.83 |       1.3875 |       0.3406 |          0.0100 |
|       1 |          14 |       00:00:08 |         0.39 |         0.18 |       0.0770 |       0.0170 |          0.0100 |
|       1 |          28 |       00:00:13 |         0.18 |         0.14 |       0.0159 |       0.0102 |          0.0100 |
|       1 |          42 |       00:00:19 |         0.11 |         0.08 |       0.0059 |       0.0036 |          0.0100 |
|       1 |          50 |       00:00:22 |         0.13 |              |       0.0084 |              |          0.0100 |
|       1 |          56 |       00:00:24 |         0.10 |         0.03 |       0.0052 |       0.0006 |          0.0100 |
|       2 |          70 |       00:00:29 |         0.09 |         0.04 |       0.0045 |       0.0009 |          0.0100 |
|       2 |          84 |       00:00:35 |         0.09 |         0.04 |       0.0039 |       0.0007 |          0.0100 |
|       2 |          98 |       00:00:40 |         0.11 |         0.02 |       0.0059 |       0.0001 |          0.0100 |
|       2 |         100 |       00:00:41 |         0.08 |              |       0.0034 |              |          0.0100 |
|       2 |         112 |       00:00:45 |         0.12 |         0.11 |       0.0075 |       0.0060 |          0.0100 |
|       3 |         126 |       00:00:51 |         0.09 |         0.07 |       0.0038 |       0.0022 |          0.0100 |
|       3 |         140 |       00:00:56 |         0.09 |         0.03 |       0.0043 |       0.0005 |          0.0100 |
|       3 |         150 |       00:01:00 |         0.11 |              |       0.0057 |              |          0.0100 |
|       3 |         154 |       00:01:01 |         0.08 |         0.09 |       0.0034 |       0.0041 |          0.0100 |
|       3 |         168 |       00:01:07 |         0.09 |         0.02 |       0.0039 |       0.0002 |          0.0100 |
|       4 |         182 |       00:01:12 |         0.08 |         0.05 |       0.0030 |       0.0012 |          0.0100 |
|       4 |         196 |       00:01:17 |         0.09 |         0.05 |       0.0036 |       0.0014 |          0.0100 |
|       4 |         200 |       00:01:19 |         0.08 |              |       0.0033 |              |          0.0100 |
|       4 |         210 |       00:01:23 |         0.07 |         0.07 |       0.0025 |       0.0027 |          0.0100 |
|       4 |         224 |       00:01:28 |         0.08 |         0.07 |       0.0030 |       0.0028 |          0.0100 |
|       5 |         238 |       00:01:33 |         0.11 |         0.05 |       0.0056 |       0.0011 |          0.0100 |
|       5 |         250 |       00:01:38 |         0.10 |              |       0.0053 |              |          0.0100 |
|       5 |         252 |       00:01:39 |         0.09 |         0.08 |       0.0038 |       0.0034 |          0.0100 |
|       5 |         266 |       00:01:44 |         0.08 |         0.06 |       0.0031 |       0.0016 |          0.0100 |
|       5 |         280 |       00:01:49 |         0.10 |         0.04 |       0.0051 |       0.0008 |          0.0100 |
|       6 |         294 |       00:01:55 |         0.06 |         0.01 |       0.0019 |   9.9325e-05 |          0.0010 |
|       6 |         300 |       00:01:57 |         0.07 |              |       0.0022 |              |          0.0010 |
|       6 |         308 |       00:02:00 |         0.07 |         0.01 |       0.0022 |   8.2775e-05 |          0.0010 |
|       6 |         322 |       00:02:05 |         0.06 |         0.01 |       0.0021 |   5.0173e-05 |          0.0010 |
|       6 |         336 |       00:02:10 |         0.06 |     9.64e-03 |       0.0021 |   4.6466e-05 |          0.0010 |
|       7 |         350 |       00:02:16 |         0.07 |         0.01 |       0.0022 |   6.2826e-05 |          0.0010 |
|       7 |         364 |       00:02:21 |         0.06 |     9.64e-03 |       0.0020 |   4.6509e-05 |          0.0010 |
|       7 |         378 |       00:02:27 |         0.06 |     9.03e-03 |       0.0019 |   4.0787e-05 |          0.0010 |
|       7 |         392 |       00:02:32 |         0.07 |     8.59e-03 |       0.0023 |   3.6925e-05 |          0.0010 |
|       8 |         400 |       00:02:35 |         0.06 |              |       0.0017 |              |          0.0010 |
|       8 |         406 |       00:02:37 |         0.06 |     9.95e-03 |       0.0020 |   4.9459e-05 |          0.0010 |
|       8 |         420 |       00:02:42 |         0.06 |     8.91e-03 |       0.0020 |   3.9685e-05 |          0.0010 |
|       8 |         434 |       00:02:48 |         0.06 |         0.01 |       0.0019 |   6.1262e-05 |          0.0010 |
|       8 |         448 |       00:02:53 |         0.06 |     8.81e-03 |       0.0020 |   3.8848e-05 |          0.0010 |
|       9 |         450 |       00:02:54 |         0.06 |              |       0.0018 |              |          0.0010 |
|       9 |         462 |       00:02:58 |         0.06 |         0.01 |       0.0019 |   5.1458e-05 |          0.0010 |
|       9 |         476 |       00:03:04 |         0.06 |     8.34e-03 |       0.0020 |   3.4741e-05 |          0.0010 |
|       9 |         490 |       00:03:09 |         0.06 |     8.98e-03 |       0.0019 |   4.0321e-05 |          0.0010 |
|       9 |         500 |       00:03:13 |         0.06 |              |       0.0019 |              |          0.0010 |
|       9 |         504 |       00:03:14 |         0.06 |     8.82e-03 |       0.0020 |   3.8913e-05 |          0.0010 |
|      10 |         518 |       00:03:20 |         0.07 |     8.32e-03 |       0.0021 |   3.4610e-05 |          0.0010 |
|      10 |         532 |       00:03:25 |         0.07 |     9.87e-03 |       0.0024 |   4.8683e-05 |          0.0010 |
|      10 |         546 |       00:03:30 |         0.06 |     8.15e-03 |       0.0019 |   3.3198e-05 |          0.0010 |
|      10 |         550 |       00:03:32 |         0.06 |              |       0.0020 |              |          0.0010 |
|      10 |         560 |       00:03:36 |         0.06 |     8.80e-03 |       0.0019 |   3.8749e-05 |          0.0010 |
|      11 |         574 |       00:03:41 |         0.06 |     8.66e-03 |       0.0020 |   3.7490e-05 |      1.0000e-04 |
|      11 |         588 |       00:03:46 |         0.06 |     8.10e-03 |       0.0021 |   3.2813e-05 |      1.0000e-04 |
|      11 |         600 |       00:03:51 |         0.06 |              |       0.0019 |              |      1.0000e-04 |
|      11 |         602 |       00:03:52 |         0.06 |     8.33e-03 |       0.0020 |   3.4689e-05 |      1.0000e-04 |
|      11 |         616 |       00:03:57 |         0.06 |     8.40e-03 |       0.0018 |   3.5313e-05 |      1.0000e-04 |
|      12 |         630 |       00:04:02 |         0.06 |     8.19e-03 |       0.0020 |   3.3555e-05 |      1.0000e-04 |
|      12 |         644 |       00:04:07 |         0.06 |     8.10e-03 |       0.0018 |   3.2768e-05 |      1.0000e-04 |
|      12 |         650 |       00:04:10 |         0.06 |              |       0.0021 |              |      1.0000e-04 |
|      12 |         658 |       00:04:13 |         0.06 |     8.29e-03 |       0.0019 |   3.4365e-05 |      1.0000e-04 |
|      12 |         672 |       00:04:18 |         0.06 |     8.34e-03 |       0.0019 |   3.4786e-05 |      1.0000e-04 |
|      13 |         686 |       00:04:23 |         0.06 |     8.12e-03 |       0.0019 |   3.2959e-05 |      1.0000e-04 |
|      13 |         700 |       00:04:29 |         0.06 |     8.19e-03 |       0.0019 |   3.3542e-05 |      1.0000e-04 |
|      13 |         714 |       00:04:34 |         0.06 |     8.14e-03 |       0.0020 |   3.3091e-05 |      1.0000e-04 |
|      13 |         728 |       00:04:39 |         0.06 |     8.10e-03 |       0.0019 |   3.2773e-05 |      1.0000e-04 |
|      14 |         742 |       00:04:45 |         0.06 |     8.34e-03 |       0.0019 |   3.4779e-05 |      1.0000e-04 |
|      14 |         750 |       00:04:48 |         0.06 |              |       0.0019 |              |      1.0000e-04 |
|      14 |         756 |       00:04:50 |         0.06 |     8.03e-03 |       0.0018 |   3.2280e-05 |      1.0000e-04 |
|      14 |         770 |       00:04:55 |         0.06 |     8.25e-03 |       0.0019 |   3.4016e-05 |      1.0000e-04 |
|      14 |         784 |       00:05:01 |         0.06 |     8.16e-03 |       0.0018 |   3.3293e-05 |      1.0000e-04 |
|      15 |         798 |       00:05:06 |         0.06 |     8.05e-03 |       0.0019 |   3.2377e-05 |      1.0000e-04 |
|      15 |         800 |       00:05:07 |         0.06 |              |       0.0019 |              |      1.0000e-04 |
|      15 |         812 |       00:05:11 |         0.06 |     8.23e-03 |       0.0017 |   3.3868e-05 |      1.0000e-04 |
|      15 |         826 |       00:05:17 |         0.06 |     8.26e-03 |       0.0019 |   3.4152e-05 |      1.0000e-04 |
|      15 |         840 |       00:05:22 |         0.06 |     8.26e-03 |       0.0020 |   3.4149e-05 |      1.0000e-04 |
|      16 |         850 |       00:05:26 |         0.06 |              |       0.0018 |              |      1.0000e-05 |
|      16 |         854 |       00:05:28 |         0.06 |     8.21e-03 |       0.0017 |   3.3706e-05 |      1.0000e-05 |
|      16 |         868 |       00:05:33 |         0.06 |     8.19e-03 |       0.0018 |   3.3518e-05 |      1.0000e-05 |
|      16 |         882 |       00:05:38 |         0.06 |     8.16e-03 |       0.0020 |   3.3327e-05 |      1.0000e-05 |
|      16 |         896 |       00:05:44 |         0.06 |     8.12e-03 |       0.0019 |   3.2987e-05 |      1.0000e-05 |
|      17 |         900 |       00:05:45 |         0.06 |              |       0.0020 |              |      1.0000e-05 |
|      17 |         910 |       00:05:49 |         0.06 |     8.15e-03 |       0.0019 |   3.3247e-05 |      1.0000e-05 |
|      17 |         924 |       00:05:54 |         0.06 |     8.16e-03 |       0.0019 |   3.3259e-05 |      1.0000e-05 |
|      17 |         938 |       00:05:59 |         0.06 |     8.09e-03 |       0.0017 |   3.2696e-05 |      1.0000e-05 |
|      17 |         950 |       00:06:04 |         0.06 |              |       0.0019 |              |      1.0000e-05 |
|      17 |         952 |       00:06:05 |         0.06 |     8.15e-03 |       0.0021 |   3.3197e-05 |      1.0000e-05 |
|      18 |         966 |       00:06:10 |         0.06 |     8.24e-03 |       0.0019 |   3.3929e-05 |      1.0000e-05 |
|      18 |         980 |       00:06:15 |         0.06 |     8.21e-03 |       0.0020 |   3.3704e-05 |      1.0000e-05 |
|      18 |         994 |       00:06:21 |         0.06 |     8.15e-03 |       0.0021 |   3.3176e-05 |      1.0000e-05 |
|      18 |        1000 |       00:06:23 |         0.06 |              |       0.0018 |              |      1.0000e-05 |
|      18 |        1008 |       00:06:26 |         0.06 |     8.11e-03 |       0.0018 |   3.2925e-05 |      1.0000e-05 |
|      19 |        1022 |       00:06:31 |         0.06 |     8.16e-03 |       0.0019 |   3.3270e-05 |      1.0000e-05 |
|      19 |        1036 |       00:06:37 |         0.06 |     8.10e-03 |       0.0019 |   3.2773e-05 |      1.0000e-05 |
|      19 |        1050 |       00:06:42 |         0.06 |     8.15e-03 |       0.0019 |   3.3227e-05 |      1.0000e-05 |
|      19 |        1064 |       00:06:47 |         0.06 |     8.16e-03 |       0.0019 |   3.3329e-05 |      1.0000e-05 |
|      20 |        1078 |       00:06:53 |         0.06 |     8.13e-03 |       0.0019 |   3.3075e-05 |      1.0000e-05 |
|      20 |        1092 |       00:06:58 |         0.06 |     8.14e-03 |       0.0020 |   3.3119e-05 |      1.0000e-05 |
|      20 |        1100 |       00:07:01 |         0.06 |              |       0.0019 |              |      1.0000e-05 |
|      20 |        1106 |       00:07:03 |         0.06 |     8.14e-03 |       0.0019 |   3.3145e-05 |      1.0000e-05 |
|      20 |        1120 |       00:07:09 |         0.06 |     8.08e-03 |       0.0018 |   3.2621e-05 |      1.0000e-05 |
|      21 |        1134 |       00:07:14 |         0.06 |     8.11e-03 |       0.0019 |   3.2874e-05 |      1.0000e-06 |
|      21 |        1148 |       00:07:19 |         0.06 |     8.12e-03 |       0.0018 |   3.2988e-05 |      1.0000e-06 |
|      21 |        1150 |       00:07:20 |         0.06 |              |       0.0020 |              |      1.0000e-06 |
|      21 |        1162 |       00:07:25 |         0.06 |     8.12e-03 |       0.0020 |   3.2936e-05 |      1.0000e-06 |
|      21 |        1176 |       00:07:30 |         0.06 |     8.14e-03 |       0.0018 |   3.3099e-05 |      1.0000e-06 |
|======================================================================================================================|
Training finished: Met validation criterion.
already training 1 times 
Training on single GPU.
|======================================================================================================================|
|  Epoch  |  Iteration  |  Time Elapsed  |  Mini-batch  |  Validation  |  Mini-batch  |  Validation  |  Base Learning  |
|         |             |   (hh:mm:ss)   |     RMSE     |     RMSE     |     Loss     |     Loss     |      Rate       |
|======================================================================================================================|
|       1 |           1 |       00:00:00 |         2.05 |         1.18 |       2.0971 |       0.6965 |          0.0100 |
|       1 |          14 |       00:00:05 |         0.43 |         0.23 |       0.0919 |       0.0258 |          0.0100 |
|       1 |          28 |       00:00:10 |         0.17 |         0.07 |       0.0139 |       0.0028 |          0.0100 |
|       1 |          42 |       00:00:16 |         0.12 |         0.09 |       0.0075 |       0.0043 |          0.0100 |
|       1 |          50 |       00:00:19 |         0.11 |              |       0.0058 |              |          0.0100 |
|       1 |          56 |       00:00:21 |         0.10 |         0.04 |       0.0054 |       0.0008 |          0.0100 |
|       2 |          70 |       00:00:26 |         0.11 |         0.06 |       0.0057 |       0.0016 |          0.0100 |
|       2 |          84 |       00:00:32 |         0.08 |         0.04 |       0.0033 |       0.0009 |          0.0100 |
|       2 |          98 |       00:00:37 |         0.09 |         0.04 |       0.0039 |       0.0010 |          0.0100 |
|       2 |         100 |       00:00:38 |         0.09 |              |       0.0040 |              |          0.0100 |
|       2 |         112 |       00:00:42 |         0.08 |         0.07 |       0.0031 |       0.0023 |          0.0100 |
|       3 |         126 |       00:00:48 |         0.08 |         0.05 |       0.0032 |       0.0012 |          0.0100 |
|       3 |         140 |       00:00:53 |         0.09 |         0.02 |       0.0039 |       0.0003 |          0.0100 |
|       3 |         150 |       00:00:57 |         0.09 |              |       0.0039 |              |          0.0100 |
|       3 |         154 |       00:00:58 |         0.08 |         0.06 |       0.0032 |       0.0016 |          0.0100 |
|       3 |         168 |       00:01:04 |         0.11 |         0.05 |       0.0059 |       0.0014 |          0.0100 |
|       4 |         182 |       00:01:09 |         0.10 |         0.03 |       0.0050 |       0.0004 |          0.0100 |
|       4 |         196 |       00:01:14 |         0.09 |         0.04 |       0.0038 |       0.0010 |          0.0100 |
|       4 |         200 |       00:01:16 |         0.08 |              |       0.0034 |              |          0.0100 |
|       4 |         210 |       00:01:20 |         0.09 |         0.04 |       0.0037 |       0.0008 |          0.0100 |
|       4 |         224 |       00:01:25 |         0.10 |         0.06 |       0.0046 |       0.0016 |          0.0100 |
|       5 |         238 |       00:01:30 |         0.08 |         0.04 |       0.0035 |       0.0007 |          0.0100 |
|       5 |         250 |       00:01:35 |         0.08 |              |       0.0031 |              |          0.0100 |
|       5 |         252 |       00:01:36 |         0.08 |         0.03 |       0.0030 |       0.0005 |          0.0100 |
|       5 |         266 |       00:01:41 |         0.10 |         0.03 |       0.0048 |       0.0005 |          0.0100 |
|       5 |         280 |       00:01:46 |         0.08 |         0.07 |       0.0032 |       0.0023 |          0.0100 |
|       6 |         294 |       00:01:51 |         0.07 |         0.03 |       0.0024 |       0.0005 |          0.0010 |
|       6 |         300 |       00:01:54 |         0.06 |              |       0.0021 |              |          0.0010 |
|       6 |         308 |       00:01:57 |         0.06 |     9.63e-03 |       0.0020 |   4.6341e-05 |          0.0010 |
|       6 |         322 |       00:02:02 |         0.06 |         0.01 |       0.0019 |   5.1151e-05 |          0.0010 |
|       6 |         336 |       00:02:07 |         0.06 |     9.56e-03 |       0.0021 |   4.5651e-05 |          0.0010 |
|       7 |         350 |       00:02:12 |         0.07 |     9.16e-03 |       0.0021 |   4.1974e-05 |          0.0010 |
|       7 |         364 |       00:02:18 |         0.06 |     8.06e-03 |       0.0019 |   3.2503e-05 |          0.0010 |
|       7 |         378 |       00:02:23 |         0.06 |     9.87e-03 |       0.0020 |   4.8722e-05 |          0.0010 |
|       7 |         392 |       00:02:28 |         0.06 |     8.67e-03 |       0.0020 |   3.7604e-05 |          0.0010 |
|       8 |         400 |       00:02:31 |         0.06 |              |       0.0020 |              |          0.0010 |
|       8 |         406 |       00:02:33 |         0.06 |     8.41e-03 |       0.0019 |   3.5326e-05 |          0.0010 |
|       8 |         420 |       00:02:38 |         0.06 |         0.01 |       0.0018 |   5.4354e-05 |          0.0010 |
|       8 |         434 |       00:02:44 |         0.06 |     8.55e-03 |       0.0021 |   3.6512e-05 |          0.0010 |
|       8 |         448 |       00:02:49 |         0.06 |     9.35e-03 |       0.0020 |   4.3710e-05 |          0.0010 |
|       9 |         450 |       00:02:50 |         0.06 |              |       0.0019 |              |          0.0010 |
|       9 |         462 |       00:02:55 |         0.06 |     8.62e-03 |       0.0019 |   3.7148e-05 |          0.0010 |
|       9 |         476 |       00:03:00 |         0.06 |         0.01 |       0.0019 |   5.9035e-05 |          0.0010 |
|       9 |         490 |       00:03:05 |         0.06 |     8.11e-03 |       0.0020 |   3.2875e-05 |          0.0010 |
|       9 |         500 |       00:03:09 |         0.06 |              |       0.0019 |              |          0.0010 |
|       9 |         504 |       00:03:10 |         0.06 |     8.70e-03 |       0.0019 |   3.7812e-05 |          0.0010 |
|      10 |         518 |       00:03:16 |         0.06 |     8.33e-03 |       0.0019 |   3.4664e-05 |          0.0010 |
|      10 |         532 |       00:03:21 |         0.06 |     8.04e-03 |       0.0018 |   3.2288e-05 |          0.0010 |
|      10 |         546 |       00:03:26 |         0.07 |     8.32e-03 |       0.0021 |   3.4642e-05 |          0.0010 |
|      10 |         550 |       00:03:28 |         0.06 |              |       0.0018 |              |          0.0010 |
|      10 |         560 |       00:03:32 |         0.06 |         0.01 |       0.0020 |   5.0528e-05 |          0.0010 |
|      11 |         574 |       00:03:37 |         0.06 |     7.62e-03 |       0.0018 |   2.9036e-05 |      1.0000e-04 |
|      11 |         588 |       00:03:42 |         0.06 |     7.51e-03 |       0.0018 |   2.8186e-05 |      1.0000e-04 |
|      11 |         600 |       00:03:47 |         0.06 |              |       0.0019 |              |      1.0000e-04 |
|      11 |         602 |       00:03:48 |         0.06 |     7.46e-03 |       0.0018 |   2.7849e-05 |      1.0000e-04 |
|      11 |         616 |       00:03:53 |         0.06 |     7.47e-03 |       0.0021 |   2.7900e-05 |      1.0000e-04 |
|      12 |         630 |       00:03:58 |         0.06 |     7.36e-03 |       0.0019 |   2.7081e-05 |      1.0000e-04 |
|      12 |         644 |       00:04:03 |         0.06 |     7.53e-03 |       0.0019 |   2.8374e-05 |      1.0000e-04 |
|      12 |         650 |       00:04:06 |         0.06 |              |       0.0020 |              |      1.0000e-04 |
|      12 |         658 |       00:04:09 |         0.07 |     7.38e-03 |       0.0022 |   2.7198e-05 |      1.0000e-04 |
|      12 |         672 |       00:04:14 |         0.06 |     7.62e-03 |       0.0021 |   2.9032e-05 |      1.0000e-04 |
|      13 |         686 |       00:04:19 |         0.06 |     7.60e-03 |       0.0020 |   2.8909e-05 |      1.0000e-04 |
|      13 |         700 |       00:04:25 |         0.06 |     7.60e-03 |       0.0017 |   2.8844e-05 |      1.0000e-04 |
|      13 |         714 |       00:04:30 |         0.06 |     7.39e-03 |       0.0018 |   2.7320e-05 |      1.0000e-04 |
|      13 |         728 |       00:04:35 |         0.06 |     7.58e-03 |       0.0020 |   2.8734e-05 |      1.0000e-04 |
|      14 |         742 |       00:04:41 |         0.06 |     7.40e-03 |       0.0021 |   2.7383e-05 |      1.0000e-04 |
|      14 |         750 |       00:04:44 |         0.06 |              |       0.0018 |              |      1.0000e-04 |
|      14 |         756 |       00:04:46 |         0.06 |     7.36e-03 |       0.0019 |   2.7100e-05 |      1.0000e-04 |
|      14 |         770 |       00:04:51 |         0.06 |     7.49e-03 |       0.0019 |   2.8018e-05 |      1.0000e-04 |
|      14 |         784 |       00:04:56 |         0.06 |     7.36e-03 |       0.0020 |   2.7117e-05 |      1.0000e-04 |
|      15 |         798 |       00:05:02 |         0.06 |     7.53e-03 |       0.0019 |   2.8387e-05 |      1.0000e-04 |
|      15 |         800 |       00:05:03 |         0.06 |              |       0.0019 |              |      1.0000e-04 |
|      15 |         812 |       00:05:07 |         0.06 |     7.41e-03 |       0.0020 |   2.7435e-05 |      1.0000e-04 |
|      15 |         826 |       00:05:13 |         0.06 |     7.33e-03 |       0.0021 |   2.6861e-05 |      1.0000e-04 |
|      15 |         840 |       00:05:18 |         0.06 |     7.49e-03 |       0.0018 |   2.8072e-05 |      1.0000e-04 |
|      16 |         850 |       00:05:22 |         0.06 |              |       0.0020 |              |      1.0000e-05 |
|      16 |         854 |       00:05:23 |         0.06 |     7.43e-03 |       0.0019 |   2.7607e-05 |      1.0000e-05 |
|      16 |         868 |       00:05:28 |         0.06 |     7.38e-03 |       0.0019 |   2.7262e-05 |      1.0000e-05 |
|      16 |         882 |       00:05:34 |         0.06 |     7.35e-03 |       0.0018 |   2.7037e-05 |      1.0000e-05 |
|      16 |         896 |       00:05:39 |         0.06 |     7.38e-03 |       0.0019 |   2.7256e-05 |      1.0000e-05 |
|      17 |         900 |       00:05:40 |         0.06 |              |       0.0018 |              |      1.0000e-05 |
|      17 |         910 |       00:05:44 |         0.06 |     7.40e-03 |       0.0019 |   2.7400e-05 |      1.0000e-05 |
|      17 |         924 |       00:05:49 |         0.06 |     7.41e-03 |       0.0019 |   2.7478e-05 |      1.0000e-05 |
|      17 |         938 |       00:05:55 |         0.06 |     7.39e-03 |       0.0019 |   2.7307e-05 |      1.0000e-05 |
|      17 |         950 |       00:05:59 |         0.06 |              |       0.0020 |              |      1.0000e-05 |
|      17 |         952 |       00:06:00 |         0.06 |     7.38e-03 |       0.0018 |   2.7240e-05 |      1.0000e-05 |
|      18 |         966 |       00:06:05 |         0.06 |     7.39e-03 |       0.0018 |   2.7280e-05 |      1.0000e-05 |
|      18 |         980 |       00:06:10 |         0.06 |     7.40e-03 |       0.0017 |   2.7363e-05 |      1.0000e-05 |
|      18 |         994 |       00:06:16 |         0.06 |     7.40e-03 |       0.0018 |   2.7357e-05 |      1.0000e-05 |
|      18 |        1000 |       00:06:18 |         0.06 |              |       0.0020 |              |      1.0000e-05 |
|      18 |        1008 |       00:06:21 |         0.06 |     7.42e-03 |       0.0018 |   2.7502e-05 |      1.0000e-05 |
|      19 |        1022 |       00:06:26 |         0.06 |     7.44e-03 |       0.0020 |   2.7646e-05 |      1.0000e-05 |
|      19 |        1036 |       00:06:32 |         0.06 |     7.42e-03 |       0.0019 |   2.7499e-05 |      1.0000e-05 |
|      19 |        1050 |       00:06:37 |         0.06 |     7.39e-03 |       0.0018 |   2.7331e-05 |      1.0000e-05 |
|      19 |        1064 |       00:06:42 |         0.06 |     7.38e-03 |       0.0019 |   2.7208e-05 |      1.0000e-05 |
|      20 |        1078 |       00:06:47 |         0.06 |     7.37e-03 |       0.0020 |   2.7178e-05 |      1.0000e-05 |
|      20 |        1092 |       00:06:52 |         0.06 |     7.40e-03 |       0.0019 |   2.7398e-05 |      1.0000e-05 |
|      20 |        1100 |       00:06:55 |         0.06 |              |       0.0018 |              |      1.0000e-05 |
|      20 |        1106 |       00:06:58 |         0.06 |     7.41e-03 |       0.0020 |   2.7452e-05 |      1.0000e-05 |
|      20 |        1120 |       00:07:03 |         0.06 |     7.41e-03 |       0.0018 |   2.7471e-05 |      1.0000e-05 |
|      21 |        1134 |       00:07:08 |         0.06 |     7.39e-03 |       0.0019 |   2.7304e-05 |      1.0000e-06 |
|      21 |        1148 |       00:07:13 |         0.06 |     7.39e-03 |       0.0019 |   2.7306e-05 |      1.0000e-06 |
|      21 |        1150 |       00:07:14 |         0.06 |              |       0.0019 |              |      1.0000e-06 |
|      21 |        1162 |       00:07:18 |         0.06 |     7.38e-03 |       0.0020 |   2.7261e-05 |      1.0000e-06 |
|      21 |        1176 |       00:07:24 |         0.06 |     7.39e-03 |       0.0018 |   2.7305e-05 |      1.0000e-06 |
|      22 |        1190 |       00:07:29 |         0.06 |     7.39e-03 |       0.0019 |   2.7321e-05 |      1.0000e-06 |
|      22 |        1200 |       00:07:32 |         0.06 |              |       0.0019 |              |      1.0000e-06 |
|      22 |        1204 |       00:07:34 |         0.06 |     7.39e-03 |       0.0020 |   2.7277e-05 |      1.0000e-06 |
|      22 |        1218 |       00:07:39 |         0.06 |     7.39e-03 |       0.0020 |   2.7301e-05 |      1.0000e-06 |
|      22 |        1232 |       00:07:45 |         0.06 |     7.39e-03 |       0.0019 |   2.7297e-05 |      1.0000e-06 |
|      23 |        1246 |       00:07:50 |         0.06 |     7.40e-03 |       0.0019 |   2.7360e-05 |      1.0000e-06 |
|======================================================================================================================|
Training finished: Met validation criterion.
already training 2 times 
>> >> >> >> >> >> >> >> >> >> >> >> >> >> >> >> >> >> >> >> >> >> >> >> >> >> >>  
 Threenonlinear , ini learningRate = 1.000000e-02 , min batch size = 400 , DropPeriod = 5 , DropFactor = 0.100000 , data_num = 100 
>> >> 