
                            < M A T L A B (R) >
                  Copyright 1984-2022 The MathWorks, Inc.
             R2022a Update 5 (9.12.0.2039608) 64-bit (glnxa64)
                              August 12, 2022

 
To get started, type doc.
For product information, visit www.mathworks.com.
 
>> >> >> >> >> >> >> >> >> >> >> >> >> >> >> >> >> >> >> >> >> >> >> >> >> >> >> >> >> >> This is Threenonlinear network , ini learningRate = 1.000000e-02 , min batch size = 400 , DropPeriod = 6 , DropFactor = 0.100000 
>> Hidden Units = 60 , v2 
>> >> >> >> >> >> >> >> >> >> >> >> >> >> >> >> >> >> load amp=2 
load amp=3 
load amp=4 
load amp=5 
load amp=6 
load amp=7 
load amp=8 
load amp=9 
load amp=10 
load amp=11 
load amp=12 
load amp=13 
load amp=14 
load amp=15 
load amp=16 
load amp=17 
load amp=18 
load amp=19 
load amp=20 
load amp=21 
load amp=22 
load amp=23 
load amp=24 
load amp=25 
load amp=26 
>> >> >> >> >> >> >> >> >> >> >> >> >> >> >> >> >> >> >> >> >> >> >> >> >> >> >> >> >> >> >> >> >> >> >> >> >> >> >> >> >> >> Training on single GPU.
|======================================================================================================================|
|  Epoch  |  Iteration  |  Time Elapsed  |  Mini-batch  |  Validation  |  Mini-batch  |  Validation  |  Base Learning  |
|         |             |   (hh:mm:ss)   |     RMSE     |     RMSE     |     Loss     |     Loss     |      Rate       |
|======================================================================================================================|
|       1 |           1 |       00:00:02 |         1.67 |         0.83 |       1.3872 |       0.3417 |          0.0100 |
|       1 |          14 |       00:00:07 |         0.36 |         0.16 |       0.0651 |       0.0125 |          0.0100 |
|       1 |          28 |       00:00:12 |         0.18 |         0.14 |       0.0156 |       0.0100 |          0.0100 |
|       1 |          42 |       00:00:16 |         0.12 |         0.08 |       0.0069 |       0.0030 |          0.0100 |
|       1 |          50 |       00:00:19 |         0.12 |              |       0.0071 |              |          0.0100 |
|       1 |          56 |       00:00:21 |         0.13 |         0.09 |       0.0084 |       0.0037 |          0.0100 |
|       2 |          70 |       00:00:26 |         0.12 |         0.07 |       0.0073 |       0.0027 |          0.0100 |
|       2 |          84 |       00:00:31 |         0.12 |         0.10 |       0.0075 |       0.0048 |          0.0100 |
|       2 |          98 |       00:00:35 |         0.10 |         0.05 |       0.0050 |       0.0011 |          0.0100 |
|       2 |         100 |       00:00:36 |         0.10 |              |       0.0046 |              |          0.0100 |
|       2 |         112 |       00:00:40 |         0.10 |         0.04 |       0.0052 |       0.0008 |          0.0100 |
|       3 |         126 |       00:00:45 |         0.09 |         0.04 |       0.0042 |       0.0009 |          0.0100 |
|       3 |         140 |       00:00:50 |         0.09 |         0.05 |       0.0036 |       0.0014 |          0.0100 |
|       3 |         150 |       00:00:53 |         0.09 |              |       0.0038 |              |          0.0100 |
|       3 |         154 |       00:00:55 |         0.09 |         0.04 |       0.0038 |       0.0008 |          0.0100 |
|       3 |         168 |       00:01:00 |         0.08 |         0.05 |       0.0034 |       0.0012 |          0.0100 |
|       4 |         182 |       00:01:05 |         0.08 |         0.04 |       0.0035 |       0.0007 |          0.0100 |
|       4 |         196 |       00:01:09 |         0.08 |         0.05 |       0.0034 |       0.0011 |          0.0100 |
|       4 |         200 |       00:01:11 |         0.08 |              |       0.0033 |              |          0.0100 |
|       4 |         210 |       00:01:14 |         0.08 |         0.04 |       0.0032 |       0.0009 |          0.0100 |
|       4 |         224 |       00:01:19 |         0.08 |         0.04 |       0.0034 |       0.0008 |          0.0100 |
|       5 |         238 |       00:01:24 |         0.08 |         0.04 |       0.0033 |       0.0007 |          0.0100 |
|       5 |         250 |       00:01:28 |         0.08 |              |       0.0030 |              |          0.0100 |
|       5 |         252 |       00:01:29 |         0.07 |         0.05 |       0.0028 |       0.0013 |          0.0100 |
|       5 |         266 |       00:01:34 |         0.08 |         0.04 |       0.0030 |       0.0008 |          0.0100 |
|       5 |         280 |       00:01:39 |         0.08 |         0.04 |       0.0028 |       0.0008 |          0.0100 |
|       6 |         294 |       00:01:43 |         0.07 |         0.04 |       0.0027 |       0.0008 |          0.0100 |
|       6 |         300 |       00:01:45 |         0.07 |              |       0.0027 |              |          0.0100 |
|       6 |         308 |       00:01:48 |         0.08 |         0.04 |       0.0030 |       0.0007 |          0.0100 |
|       6 |         322 |       00:01:53 |         0.08 |         0.04 |       0.0029 |       0.0009 |          0.0100 |
|       6 |         336 |       00:01:58 |         0.08 |         0.04 |       0.0029 |       0.0007 |          0.0100 |
|       7 |         350 |       00:02:03 |         0.07 |         0.01 |       0.0022 |   8.6093e-05 |          0.0010 |
|       7 |         364 |       00:02:07 |         0.06 |     9.46e-03 |       0.0020 |   4.4730e-05 |          0.0010 |
|       7 |         378 |       00:02:12 |         0.06 |     9.62e-03 |       0.0021 |   4.6245e-05 |          0.0010 |
|       7 |         392 |       00:02:17 |         0.07 |     9.18e-03 |       0.0024 |   4.2131e-05 |          0.0010 |
|       8 |         400 |       00:02:20 |         0.06 |              |       0.0019 |              |          0.0010 |
|       8 |         406 |       00:02:22 |         0.06 |     9.37e-03 |       0.0020 |   4.3873e-05 |          0.0010 |
|       8 |         420 |       00:02:27 |         0.06 |     9.16e-03 |       0.0021 |   4.1964e-05 |          0.0010 |
|       8 |         434 |       00:02:32 |         0.06 |     9.03e-03 |       0.0021 |   4.0770e-05 |          0.0010 |
|       8 |         448 |       00:02:36 |         0.06 |     9.55e-03 |       0.0020 |   4.5593e-05 |          0.0010 |
|       9 |         450 |       00:02:37 |         0.06 |              |       0.0020 |              |          0.0010 |
|       9 |         462 |       00:02:41 |         0.06 |     9.44e-03 |       0.0020 |   4.4596e-05 |          0.0010 |
|       9 |         476 |       00:02:46 |         0.06 |         0.01 |       0.0021 |   5.1065e-05 |          0.0010 |
|       9 |         490 |       00:02:51 |         0.06 |     9.16e-03 |       0.0020 |   4.1938e-05 |          0.0010 |
|       9 |         500 |       00:02:54 |         0.06 |              |       0.0021 |              |          0.0010 |
|       9 |         504 |       00:02:56 |         0.06 |     8.69e-03 |       0.0020 |   3.7737e-05 |          0.0010 |
|      10 |         518 |       00:03:00 |         0.07 |     9.04e-03 |       0.0023 |   4.0901e-05 |          0.0010 |
|      10 |         532 |       00:03:05 |         0.07 |     9.22e-03 |       0.0022 |   4.2501e-05 |          0.0010 |
|      10 |         546 |       00:03:10 |         0.06 |         0.01 |       0.0020 |   6.5165e-05 |          0.0010 |
|      10 |         550 |       00:03:11 |         0.06 |              |       0.0019 |              |          0.0010 |
|      10 |         560 |       00:03:15 |         0.06 |     8.94e-03 |       0.0020 |   3.9949e-05 |          0.0010 |
|      11 |         574 |       00:03:20 |         0.07 |     9.02e-03 |       0.0021 |   4.0647e-05 |          0.0010 |
|      11 |         588 |       00:03:25 |         0.06 |     9.42e-03 |       0.0021 |   4.4346e-05 |          0.0010 |
|      11 |         600 |       00:03:29 |         0.06 |              |       0.0020 |              |          0.0010 |
|      11 |         602 |       00:03:29 |         0.06 |         0.01 |       0.0020 |   5.8085e-05 |          0.0010 |
|      11 |         616 |       00:03:34 |         0.06 |     8.85e-03 |       0.0020 |   3.9119e-05 |          0.0010 |
|      12 |         630 |       00:03:39 |         0.06 |     9.70e-03 |       0.0020 |   4.7031e-05 |          0.0010 |
|      12 |         644 |       00:03:44 |         0.06 |     9.48e-03 |       0.0020 |   4.4962e-05 |          0.0010 |
|      12 |         650 |       00:03:46 |         0.06 |              |       0.0021 |              |          0.0010 |
|      12 |         658 |       00:03:49 |         0.06 |     8.34e-03 |       0.0019 |   3.4743e-05 |          0.0010 |
|      12 |         672 |       00:03:54 |         0.06 |     8.05e-03 |       0.0020 |   3.2380e-05 |          0.0010 |
|      13 |         686 |       00:03:59 |         0.06 |     8.62e-03 |       0.0020 |   3.7143e-05 |      1.0000e-04 |
|      13 |         700 |       00:04:03 |         0.06 |     8.28e-03 |       0.0021 |   3.4291e-05 |      1.0000e-04 |
|      13 |         714 |       00:04:08 |         0.06 |     8.26e-03 |       0.0021 |   3.4120e-05 |      1.0000e-04 |
|      13 |         728 |       00:04:13 |         0.06 |     8.20e-03 |       0.0018 |   3.3610e-05 |      1.0000e-04 |
|      14 |         742 |       00:04:18 |         0.06 |     8.23e-03 |       0.0020 |   3.3830e-05 |      1.0000e-04 |
|      14 |         750 |       00:04:21 |         0.06 |              |       0.0018 |              |      1.0000e-04 |
|      14 |         756 |       00:04:23 |         0.06 |     8.37e-03 |       0.0019 |   3.4997e-05 |      1.0000e-04 |
|      14 |         770 |       00:04:27 |         0.06 |     8.12e-03 |       0.0019 |   3.2997e-05 |      1.0000e-04 |
|      14 |         784 |       00:04:32 |         0.06 |     8.25e-03 |       0.0018 |   3.4024e-05 |      1.0000e-04 |
|      15 |         798 |       00:04:37 |         0.06 |     8.20e-03 |       0.0020 |   3.3628e-05 |      1.0000e-04 |
|      15 |         800 |       00:04:38 |         0.06 |              |       0.0020 |              |      1.0000e-04 |
|      15 |         812 |       00:04:42 |         0.06 |     8.16e-03 |       0.0018 |   3.3323e-05 |      1.0000e-04 |
|      15 |         826 |       00:04:46 |         0.06 |     8.22e-03 |       0.0021 |   3.3798e-05 |      1.0000e-04 |
|      15 |         840 |       00:04:51 |         0.06 |     8.21e-03 |       0.0020 |   3.3676e-05 |      1.0000e-04 |
|      16 |         850 |       00:04:55 |         0.06 |              |       0.0019 |              |      1.0000e-04 |
|      16 |         854 |       00:04:56 |         0.06 |     8.15e-03 |       0.0019 |   3.3201e-05 |      1.0000e-04 |
|      16 |         868 |       00:05:01 |         0.06 |     8.07e-03 |       0.0019 |   3.2553e-05 |      1.0000e-04 |
|      16 |         882 |       00:05:06 |         0.06 |     8.27e-03 |       0.0019 |   3.4235e-05 |      1.0000e-04 |
|      16 |         896 |       00:05:11 |         0.06 |     8.42e-03 |       0.0020 |   3.5486e-05 |      1.0000e-04 |
|      17 |         900 |       00:05:12 |         0.06 |              |       0.0021 |              |      1.0000e-04 |
|      17 |         910 |       00:05:16 |         0.06 |     8.18e-03 |       0.0019 |   3.3486e-05 |      1.0000e-04 |
|      17 |         924 |       00:05:21 |         0.06 |     8.23e-03 |       0.0020 |   3.3853e-05 |      1.0000e-04 |
|      17 |         938 |       00:05:25 |         0.06 |     8.17e-03 |       0.0018 |   3.3406e-05 |      1.0000e-04 |
|      17 |         950 |       00:05:30 |         0.06 |              |       0.0018 |              |      1.0000e-04 |
|      17 |         952 |       00:05:30 |         0.07 |     8.17e-03 |       0.0022 |   3.3408e-05 |      1.0000e-04 |
|      18 |         966 |       00:05:35 |         0.06 |     8.33e-03 |       0.0019 |   3.4712e-05 |      1.0000e-04 |
|      18 |         980 |       00:05:40 |         0.06 |     8.24e-03 |       0.0020 |   3.3974e-05 |      1.0000e-04 |
|      18 |         994 |       00:05:45 |         0.07 |     8.08e-03 |       0.0022 |   3.2627e-05 |      1.0000e-04 |
|      18 |        1000 |       00:05:47 |         0.06 |              |       0.0020 |              |      1.0000e-04 |
|      18 |        1008 |       00:05:50 |         0.06 |     8.18e-03 |       0.0019 |   3.3438e-05 |      1.0000e-04 |
|      19 |        1022 |       00:05:55 |         0.06 |     8.16e-03 |       0.0019 |   3.3314e-05 |      1.0000e-05 |
|      19 |        1036 |       00:06:00 |         0.06 |     8.13e-03 |       0.0019 |   3.3074e-05 |      1.0000e-05 |
|      19 |        1050 |       00:06:04 |         0.06 |     8.12e-03 |       0.0020 |   3.3001e-05 |      1.0000e-05 |
|      19 |        1064 |       00:06:09 |         0.06 |     8.17e-03 |       0.0020 |   3.3350e-05 |      1.0000e-05 |
|      20 |        1078 |       00:06:14 |         0.06 |     8.16e-03 |       0.0018 |   3.3327e-05 |      1.0000e-05 |
|      20 |        1092 |       00:06:19 |         0.06 |     8.12e-03 |       0.0019 |   3.2965e-05 |      1.0000e-05 |
|======================================================================================================================|
Training finished: Met validation criterion.
already training 1 times 
Training on single GPU.
|======================================================================================================================|
|  Epoch  |  Iteration  |  Time Elapsed  |  Mini-batch  |  Validation  |  Mini-batch  |  Validation  |  Base Learning  |
|         |             |   (hh:mm:ss)   |     RMSE     |     RMSE     |     Loss     |     Loss     |      Rate       |
|======================================================================================================================|
|       1 |           1 |       00:00:00 |         1.54 |         0.85 |       1.1911 |       0.3591 |          0.0100 |
|       1 |          14 |       00:00:05 |         0.38 |         0.20 |       0.0706 |       0.0199 |          0.0100 |
|       1 |          28 |       00:00:09 |         0.17 |         0.09 |       0.0143 |       0.0037 |          0.0100 |
|       1 |          42 |       00:00:14 |         0.14 |         0.11 |       0.0095 |       0.0057 |          0.0100 |
|       1 |          50 |       00:00:17 |         0.10 |              |       0.0049 |              |          0.0100 |
|       1 |          56 |       00:00:19 |         0.10 |         0.09 |       0.0045 |       0.0040 |          0.0100 |
|       2 |          70 |       00:00:24 |         0.10 |         0.05 |       0.0050 |       0.0013 |          0.0100 |
|       2 |          84 |       00:00:28 |         0.12 |         0.08 |       0.0075 |       0.0033 |          0.0100 |
|       2 |          98 |       00:00:33 |         0.10 |         0.05 |       0.0045 |       0.0014 |          0.0100 |
|       2 |         100 |       00:00:34 |         0.10 |              |       0.0046 |              |          0.0100 |
|       2 |         112 |       00:00:38 |         0.09 |         0.04 |       0.0041 |       0.0008 |          0.0100 |
|       3 |         126 |       00:00:43 |         0.09 |         0.04 |       0.0038 |       0.0009 |          0.0100 |
|       3 |         140 |       00:00:48 |         0.08 |         0.04 |       0.0035 |       0.0008 |          0.0100 |
|       3 |         150 |       00:00:51 |         0.08 |              |       0.0034 |              |          0.0100 |
|       3 |         154 |       00:00:53 |         0.08 |         0.03 |       0.0034 |       0.0005 |          0.0100 |
|       3 |         168 |       00:00:57 |         0.08 |         0.04 |       0.0034 |       0.0007 |          0.0100 |
|       4 |         182 |       00:01:02 |         0.08 |         0.03 |       0.0033 |       0.0006 |          0.0100 |
|       4 |         196 |       00:01:07 |         0.08 |         0.03 |       0.0035 |       0.0006 |          0.0100 |
|       4 |         200 |       00:01:08 |         0.08 |              |       0.0033 |              |          0.0100 |
|       4 |         210 |       00:01:12 |         0.14 |         0.06 |       0.0104 |       0.0015 |          0.0100 |
|       4 |         224 |       00:01:17 |         0.09 |         0.05 |       0.0041 |       0.0014 |          0.0100 |
|       5 |         238 |       00:01:22 |         0.11 |         0.04 |       0.0062 |       0.0006 |          0.0100 |
|       5 |         250 |       00:01:26 |         0.10 |              |       0.0047 |              |          0.0100 |
|       5 |         252 |       00:01:27 |         0.08 |         0.06 |       0.0031 |       0.0015 |          0.0100 |
|       5 |         266 |       00:01:31 |         0.08 |         0.04 |       0.0034 |       0.0007 |          0.0100 |
|       5 |         280 |       00:01:36 |         0.10 |         0.04 |       0.0052 |       0.0006 |          0.0100 |
|       6 |         294 |       00:01:41 |         0.08 |         0.04 |       0.0033 |       0.0008 |          0.0100 |
|       6 |         300 |       00:01:43 |         0.09 |              |       0.0038 |              |          0.0100 |
|       6 |         308 |       00:01:46 |         0.07 |         0.04 |       0.0027 |       0.0007 |          0.0100 |
|       6 |         322 |       00:01:51 |         0.08 |         0.07 |       0.0029 |       0.0024 |          0.0100 |
|       6 |         336 |       00:01:56 |         0.08 |         0.04 |       0.0029 |       0.0007 |          0.0100 |
|       7 |         350 |       00:02:00 |         0.06 |         0.01 |       0.0021 |       0.0001 |          0.0010 |
|       7 |         364 |       00:02:05 |         0.07 |         0.01 |       0.0021 |   7.2126e-05 |          0.0010 |
|       7 |         378 |       00:02:10 |         0.07 |     9.76e-03 |       0.0022 |   4.7596e-05 |          0.0010 |
|       7 |         392 |       00:02:15 |         0.07 |     9.57e-03 |       0.0021 |   4.5802e-05 |          0.0010 |
|       8 |         400 |       00:02:17 |         0.07 |              |       0.0021 |              |          0.0010 |
|       8 |         406 |       00:02:19 |         0.07 |         0.01 |       0.0023 |   5.8664e-05 |          0.0010 |
|       8 |         420 |       00:02:24 |         0.06 |         0.01 |       0.0020 |   6.7122e-05 |          0.0010 |
|       8 |         434 |       00:02:29 |         0.06 |         0.01 |       0.0020 |   5.6455e-05 |          0.0010 |
|       8 |         448 |       00:02:34 |         0.06 |         0.01 |       0.0021 |   5.9212e-05 |          0.0010 |
|       9 |         450 |       00:02:35 |         0.07 |              |       0.0022 |              |          0.0010 |
|       9 |         462 |       00:02:39 |         0.06 |         0.01 |       0.0021 |   6.3697e-05 |          0.0010 |
|       9 |         476 |       00:02:44 |         0.06 |     9.75e-03 |       0.0018 |   4.7562e-05 |          0.0010 |
|       9 |         490 |       00:02:48 |         0.06 |     9.76e-03 |       0.0021 |   4.7663e-05 |          0.0010 |
|       9 |         500 |       00:02:52 |         0.06 |              |       0.0021 |              |          0.0010 |
|       9 |         504 |       00:02:53 |         0.07 |         0.01 |       0.0022 |   5.2055e-05 |          0.0010 |
|      10 |         518 |       00:02:58 |         0.06 |         0.01 |       0.0020 |   6.5363e-05 |          0.0010 |
|      10 |         532 |       00:03:03 |         0.06 |         0.01 |       0.0019 |   5.2443e-05 |          0.0010 |
|      10 |         546 |       00:03:08 |         0.07 |     9.53e-03 |       0.0021 |   4.5451e-05 |          0.0010 |
|      10 |         550 |       00:03:09 |         0.06 |              |       0.0021 |              |          0.0010 |
|      10 |         560 |       00:03:13 |         0.06 |     9.70e-03 |       0.0020 |   4.7000e-05 |          0.0010 |
|      11 |         574 |       00:03:18 |         0.06 |     9.73e-03 |       0.0019 |   4.7355e-05 |          0.0010 |
|      11 |         588 |       00:03:23 |         0.06 |         0.01 |       0.0021 |   5.2538e-05 |          0.0010 |
|      11 |         600 |       00:03:27 |         0.06 |              |       0.0019 |              |          0.0010 |
|      11 |         602 |       00:03:27 |         0.07 |         0.01 |       0.0022 |   5.2300e-05 |          0.0010 |
|      11 |         616 |       00:03:32 |         0.06 |         0.01 |       0.0020 |   5.3371e-05 |          0.0010 |
|      12 |         630 |       00:03:37 |         0.06 |     9.74e-03 |       0.0018 |   4.7401e-05 |          0.0010 |
|      12 |         644 |       00:03:42 |         0.06 |         0.01 |       0.0019 |   5.0442e-05 |          0.0010 |
|      12 |         650 |       00:03:44 |         0.06 |              |       0.0019 |              |          0.0010 |
|      12 |         658 |       00:03:47 |         0.06 |     9.42e-03 |       0.0020 |   4.4369e-05 |          0.0010 |
|      12 |         672 |       00:03:52 |         0.06 |     9.50e-03 |       0.0021 |   4.5158e-05 |          0.0010 |
|      13 |         686 |       00:03:57 |         0.06 |     9.28e-03 |       0.0021 |   4.3039e-05 |      1.0000e-04 |
|      13 |         700 |       00:04:01 |         0.06 |     9.15e-03 |       0.0020 |   4.1874e-05 |      1.0000e-04 |
|      13 |         714 |       00:04:06 |         0.07 |     9.14e-03 |       0.0023 |   4.1726e-05 |      1.0000e-04 |
|      13 |         728 |       00:04:11 |         0.06 |     9.16e-03 |       0.0021 |   4.1945e-05 |      1.0000e-04 |
|      14 |         742 |       00:04:16 |         0.06 |     9.17e-03 |       0.0021 |   4.2061e-05 |      1.0000e-04 |
|      14 |         750 |       00:04:19 |         0.06 |              |       0.0018 |              |      1.0000e-04 |
|      14 |         756 |       00:04:21 |         0.06 |     9.10e-03 |       0.0018 |   4.1440e-05 |      1.0000e-04 |
|      14 |         770 |       00:04:26 |         0.06 |     9.09e-03 |       0.0019 |   4.1309e-05 |      1.0000e-04 |
|      14 |         784 |       00:04:30 |         0.06 |     9.13e-03 |       0.0021 |   4.1645e-05 |      1.0000e-04 |
|      15 |         798 |       00:04:35 |         0.06 |     9.04e-03 |       0.0021 |   4.0882e-05 |      1.0000e-04 |
|      15 |         800 |       00:04:36 |         0.06 |              |       0.0019 |              |      1.0000e-04 |
|      15 |         812 |       00:04:40 |         0.06 |     9.22e-03 |       0.0020 |   4.2480e-05 |      1.0000e-04 |
|      15 |         826 |       00:04:45 |         0.06 |     9.06e-03 |       0.0020 |   4.1006e-05 |      1.0000e-04 |
|      15 |         840 |       00:04:50 |         0.06 |     9.12e-03 |       0.0021 |   4.1630e-05 |      1.0000e-04 |
|      16 |         850 |       00:04:53 |         0.06 |              |       0.0020 |              |      1.0000e-04 |
|      16 |         854 |       00:04:54 |         0.06 |     9.03e-03 |       0.0019 |   4.0799e-05 |      1.0000e-04 |
|      16 |         868 |       00:04:59 |         0.06 |     9.10e-03 |       0.0019 |   4.1435e-05 |      1.0000e-04 |
|      16 |         882 |       00:05:04 |         0.07 |     9.11e-03 |       0.0021 |   4.1527e-05 |      1.0000e-04 |
|      16 |         896 |       00:05:09 |         0.06 |     9.13e-03 |       0.0020 |   4.1640e-05 |      1.0000e-04 |
|      17 |         900 |       00:05:10 |         0.06 |              |       0.0020 |              |      1.0000e-04 |
|      17 |         910 |       00:05:14 |         0.06 |     8.99e-03 |       0.0020 |   4.0370e-05 |      1.0000e-04 |
|      17 |         924 |       00:05:19 |         0.06 |     9.24e-03 |       0.0020 |   4.2693e-05 |      1.0000e-04 |
|      17 |         938 |       00:05:23 |         0.06 |     9.03e-03 |       0.0019 |   4.0801e-05 |      1.0000e-04 |
|      17 |         950 |       00:05:27 |         0.06 |              |       0.0020 |              |      1.0000e-04 |
|      17 |         952 |       00:05:28 |         0.06 |     9.05e-03 |       0.0019 |   4.0956e-05 |      1.0000e-04 |
|      18 |         966 |       00:05:33 |         0.06 |     9.08e-03 |       0.0019 |   4.1263e-05 |      1.0000e-04 |
|      18 |         980 |       00:05:38 |         0.06 |     9.07e-03 |       0.0020 |   4.1150e-05 |      1.0000e-04 |
|      18 |         994 |       00:05:42 |         0.06 |     9.06e-03 |       0.0019 |   4.1068e-05 |      1.0000e-04 |
|      18 |        1000 |       00:05:45 |         0.06 |              |       0.0019 |              |      1.0000e-04 |
|      18 |        1008 |       00:05:47 |         0.06 |     9.00e-03 |       0.0019 |   4.0521e-05 |      1.0000e-04 |
|      19 |        1022 |       00:05:52 |         0.06 |     9.01e-03 |       0.0019 |   4.0633e-05 |      1.0000e-05 |
|      19 |        1036 |       00:05:57 |         0.06 |     9.02e-03 |       0.0017 |   4.0678e-05 |      1.0000e-05 |
|      19 |        1050 |       00:06:02 |         0.06 |     9.04e-03 |       0.0019 |   4.0841e-05 |      1.0000e-05 |
|      19 |        1064 |       00:06:06 |         0.06 |     9.04e-03 |       0.0020 |   4.0894e-05 |      1.0000e-05 |
|      20 |        1078 |       00:06:11 |         0.06 |     9.05e-03 |       0.0020 |   4.0975e-05 |      1.0000e-05 |
|      20 |        1092 |       00:06:16 |         0.06 |     9.06e-03 |       0.0019 |   4.1041e-05 |      1.0000e-05 |
|      20 |        1100 |       00:06:19 |         0.06 |              |       0.0021 |              |      1.0000e-05 |
|      20 |        1106 |       00:06:21 |         0.06 |     9.05e-03 |       0.0019 |   4.0973e-05 |      1.0000e-05 |
|      20 |        1120 |       00:06:26 |         0.06 |     9.06e-03 |       0.0020 |   4.1012e-05 |      1.0000e-05 |
|      21 |        1134 |       00:06:31 |         0.06 |     9.04e-03 |       0.0020 |   4.0855e-05 |      1.0000e-05 |
|      21 |        1148 |       00:06:36 |         0.06 |     9.01e-03 |       0.0020 |   4.0626e-05 |      1.0000e-05 |
|      21 |        1150 |       00:06:36 |         0.06 |              |       0.0019 |              |      1.0000e-05 |
|      21 |        1162 |       00:06:40 |         0.06 |     9.03e-03 |       0.0020 |   4.0806e-05 |      1.0000e-05 |
|      21 |        1176 |       00:06:45 |         0.06 |     9.04e-03 |       0.0018 |   4.0836e-05 |      1.0000e-05 |
|      22 |        1190 |       00:06:50 |         0.06 |     9.05e-03 |       0.0020 |   4.0995e-05 |      1.0000e-05 |
|      22 |        1200 |       00:06:53 |         0.06 |              |       0.0019 |              |      1.0000e-05 |
|      22 |        1204 |       00:06:55 |         0.06 |     9.05e-03 |       0.0020 |   4.0941e-05 |      1.0000e-05 |
|      22 |        1218 |       00:07:00 |         0.06 |     9.04e-03 |       0.0019 |   4.0896e-05 |      1.0000e-05 |
|      22 |        1232 |       00:07:04 |         0.06 |     9.03e-03 |       0.0018 |   4.0743e-05 |      1.0000e-05 |
|      23 |        1246 |       00:07:09 |         0.06 |     9.01e-03 |       0.0019 |   4.0614e-05 |      1.0000e-05 |
|      23 |        1250 |       00:07:11 |         0.06 |              |       0.0020 |              |      1.0000e-05 |
|      23 |        1260 |       00:07:14 |         0.06 |     9.01e-03 |       0.0020 |   4.0556e-05 |      1.0000e-05 |
|      23 |        1274 |       00:07:19 |         0.06 |     9.03e-03 |       0.0021 |   4.0790e-05 |      1.0000e-05 |
|      23 |        1288 |       00:07:24 |         0.06 |     9.03e-03 |       0.0020 |   4.0802e-05 |      1.0000e-05 |
|      24 |        1300 |       00:07:28 |         0.06 |              |       0.0019 |              |      1.0000e-05 |
|      24 |        1302 |       00:07:29 |         0.06 |     9.06e-03 |       0.0019 |   4.1025e-05 |      1.0000e-05 |
|      24 |        1316 |       00:07:33 |         0.06 |     9.07e-03 |       0.0019 |   4.1099e-05 |      1.0000e-05 |
|      24 |        1330 |       00:07:38 |         0.06 |     9.06e-03 |       0.0020 |   4.1020e-05 |      1.0000e-05 |
|======================================================================================================================|
Training finished: Met validation criterion.
already training 2 times 
>> >> >> >> >> >> >> >> >> >> >> >> >> >> >> >> >> >> >> >> >> >> >> >> >> >> >>  
 Threenonlinear , ini learningRate = 1.000000e-02 , min batch size = 400 , DropPeriod = 6 , DropFactor = 0.100000 , data_num = 100 
>> >> 